06/14/2020 05:18:20 PM [INFO] -- { "Workspace": (Workspace(boundary=BoxBoundary2D(ranges=[[0.0, 1.0], [0.0, 1.0]]), regions=set([])), {'color': 'black'}) }
06/14/2020 05:18:20 PM [INFO] -- { "Expanded workspace": (Workspace(boundary=BoxBoundary2D(ranges=[[0.01, 0.99], [0.01, 0.99]]), regions=set([])), {'color': 'black'}) }
06/14/2020 05:18:20 PM [INFO] -- { "Robot name": "vector" }
06/14/2020 05:18:20 PM [INFO] -- { "Robot initial configuration": Point2D((0.3, 0.3)) }
06/14/2020 05:18:20 PM [INFO] -- { "Robot step size": 0.168000 }
06/14/2020 05:18:20 PM [INFO] -- { "Robot diameter": 0.020000 }
06/14/2020 05:18:20 PM [INFO] -- { ("Global region", 0): (BoxRegion2D(ranges=[[0.0, 0.2], [0.0, 0.2]], symbols=set(['r1'])), {'edgecolor': 'black', 'facecolor': 'green'}) }
06/14/2020 05:18:20 PM [INFO] -- { ("Global region", 1): (BoxRegion2D(ranges=[[0.8, 1.0], [0.0, 0.2]], symbols=set(['r2'])), {'edgecolor': 'black', 'facecolor': 'green'}) }
06/14/2020 05:18:20 PM [INFO] -- { ("Global region", 2): (BoxRegion2D(ranges=[[0.8, 1.0], [0.8, 1.0]], symbols=set(['r3'])), {'edgecolor': 'black', 'facecolor': 'green'}) }
06/14/2020 05:18:20 PM [INFO] -- { ("Global region", 3): (BoxRegion2D(ranges=[[0.0, 0.2], [0.8, 1.0]], symbols=set(['r4'])), {'edgecolor': 'black', 'facecolor': 'green'}) }
06/14/2020 05:18:20 PM [INFO] -- { ("Global region", 4): (BoxRegion2D(ranges=[[0.4, 0.6], [0.0, 0.1]], symbols=set(['o1'])), {'edgecolor': 'black', 'facecolor': 'red'}) }
06/14/2020 05:18:20 PM [INFO] -- { ("Global region", 5): (BoxRegion2D(ranges=[[0.9, 1.0], [0.4, 0.6]], symbols=set(['o2'])), {'edgecolor': 'black', 'facecolor': 'gray'}) }
06/14/2020 05:18:20 PM [INFO] -- { ("Global region", 6): (BoxRegion2D(ranges=[[0.0, 0.1], [0.4, 0.6]], symbols=set(['o1'])), {'edgecolor': 'black', 'facecolor': 'gray'}) }
06/14/2020 05:18:20 PM [INFO] -- { ("Global region", 7): (BoxRegion2D(ranges=[[0.4, 0.6], [0.4, 0.6]], symbols=set(['o4'])), {'edgecolor': 'black', 'facecolor': 'red'}) }
06/14/2020 05:18:20 PM [INFO] -- { "Global specification": "[] ( (<> r1) && (<> r2) && (<> r3) && (<> r4) && !(o1 || o2 || o3 || o4))" }
06/14/2020 05:18:20 PM [DEBUG] -- { Global Planning started. }
06/14/2020 05:18:20 PM [INFO] -- { "Buchi size": (5, 19) }
06/14/2020 05:18:20 PM [INFO] -- { "iteration": 1 }
06/14/2020 05:18:20 PM [INFO] -- { "random configuration": Point2D((0.171570763777, 0.377293379224)) }
06/14/2020 05:18:20 PM [INFO] -- { "nearest state": Point2D((0.3, 0.3)) }
06/14/2020 05:18:20 PM [INFO] -- { "new configuration": Point2D((0.171570763777, 0.377293379224)) }
06/14/2020 05:18:20 PM [INFO] -- { "far": (Point2D((0.171570763777, 0.377293379224)), 0.042000, 0.169000) }
06/14/2020 05:18:20 PM [INFO] -- { "forward state added": Point2D((0.171570763777, 0.377293379224)) }
06/14/2020 05:18:20 PM [INFO] -- { "forward edges added": set([(Point2D((0.3, 0.3)), Point2D((0.171570763777, 0.377293379224)), 0.14989441346727778)]) }
06/14/2020 05:18:20 PM [INFO] -- { ("near", Point2D((0.171570763777, 0.377293379224))): 0.169000 }
06/14/2020 05:18:20 PM [INFO] -- { "backward edges added": set([(Point2D((0.171570763777, 0.377293379224)), Point2D((0.3, 0.3)), 0.14989441346727778)]) }
06/14/2020 05:18:20 PM [INFO] -- { "iteration": 2 }
06/14/2020 05:18:20 PM [INFO] -- { "random configuration": Point2D((0.560448749896, 0.7622736991)) }
06/14/2020 05:18:20 PM [INFO] -- { "nearest state": Point2D((0.3, 0.3)) }
06/14/2020 05:18:20 PM [INFO] -- { "new configuration": Point2D((0.382464838822, 0.446367859717)) }
06/14/2020 05:18:20 PM [INFO] -- { "far": (Point2D((0.382464838822, 0.446367859717)), 0.042000, 0.169000) }
06/14/2020 05:18:20 PM [INFO] -- { "forward state added": Point2D((0.382464838822, 0.446367859717)) }
06/14/2020 05:18:20 PM [INFO] -- { "forward edges added": set([(Point2D((0.3, 0.3)), Point2D((0.382464838822, 0.446367859717)), 0.16799999999999998)]) }
06/14/2020 05:18:20 PM [INFO] -- { ("near", Point2D((0.382464838822, 0.446367859717))): 0.169000 }
06/14/2020 05:18:20 PM [INFO] -- { "backward edges added": set([(Point2D((0.382464838822, 0.446367859717)), Point2D((0.3, 0.3)), 0.16799999999999998)]) }
06/14/2020 05:18:20 PM [INFO] -- { "iteration": 3 }
06/14/2020 05:18:20 PM [INFO] -- { "random configuration": Point2D((0.349510788457, 0.567628479624)) }
06/14/2020 05:18:20 PM [INFO] -- { "nearest state": Point2D((0.382464838822, 0.446367859717)) }
06/14/2020 05:18:20 PM [INFO] -- { "new configuration": Point2D((0.349510788457, 0.567628479624)) }
06/14/2020 05:18:20 PM [INFO] -- { "far": (Point2D((0.349510788457, 0.567628479624)), 0.042000, 0.169000) }
06/14/2020 05:18:20 PM [INFO] -- { "forward state added": Point2D((0.349510788457, 0.567628479624)) }
06/14/2020 05:18:20 PM [INFO] -- { "forward edges added": set([(Point2D((0.382464838822, 0.446367859717)), Point2D((0.349510788457, 0.567628479624)), 0.12565869399217716)]) }
06/14/2020 05:18:20 PM [INFO] -- { ("near", Point2D((0.349510788457, 0.567628479624))): 0.169000 }
06/14/2020 05:18:20 PM [INFO] -- { "backward edges added": set([(Point2D((0.349510788457, 0.567628479624)), Point2D((0.382464838822, 0.446367859717)), 0.12565869399217716)]) }
06/14/2020 05:18:20 PM [INFO] -- { "iteration": 4 }
06/14/2020 05:18:20 PM [INFO] -- { "random configuration": Point2D((0.253327576401, 0.067102556707)) }
06/14/2020 05:18:20 PM [INFO] -- { "nearest state": Point2D((0.3, 0.3)) }
06/14/2020 05:18:20 PM [INFO] -- { "new configuration": Point2D((0.266989288354, 0.135275099282)) }
06/14/2020 05:18:20 PM [INFO] -- { "far": (Point2D((0.266989288354, 0.135275099282)), 0.042000, 0.169000) }
06/14/2020 05:18:20 PM [INFO] -- { "forward state added": Point2D((0.266989288354, 0.135275099282)) }
06/14/2020 05:18:20 PM [INFO] -- { "forward edges added": set([(Point2D((0.3, 0.3)), Point2D((0.266989288354, 0.135275099282)), 0.168)]) }
06/14/2020 05:18:20 PM [INFO] -- { ("near", Point2D((0.266989288354, 0.135275099282))): 0.169000 }
06/14/2020 05:18:20 PM [INFO] -- { "backward edges added": set([(Point2D((0.266989288354, 0.135275099282)), Point2D((0.3, 0.3)), 0.168)]) }
06/14/2020 05:18:20 PM [INFO] -- { "iteration": 5 }
06/14/2020 05:18:20 PM [INFO] -- { "random configuration": Point2D((0.857931773446, 0.842063258351)) }
06/14/2020 05:18:20 PM [INFO] -- { "nearest state": Point2D((0.349510788457, 0.567628479624)) }
06/14/2020 05:18:20 PM [INFO] -- { "new configuration": Point2D((0.497348576221, 0.647428156998)) }
06/14/2020 05:18:20 PM [INFO] -- { "far": (Point2D((0.497348576221, 0.647428156998)), 0.042000, 0.169000) }
06/14/2020 05:18:20 PM [INFO] -- { "forward state added": None }
06/14/2020 05:18:20 PM [INFO] -- { "forward edges added": set([]) }
06/14/2020 05:18:20 PM [INFO] -- { "backward edges added": set([]) }
06/14/2020 05:18:20 PM [INFO] -- { "iteration": 6 }
06/14/2020 05:18:20 PM [INFO] -- { "random configuration": Point2D((0.581916870983, 0.969794696359)) }
06/14/2020 05:18:20 PM [INFO] -- { "nearest state": Point2D((0.349510788457, 0.567628479624)) }
06/14/2020 05:18:20 PM [INFO] -- { "new configuration": Point2D((0.433569187645, 0.713087015042)) }
06/14/2020 05:18:20 PM [INFO] -- { "far": (Point2D((0.433569187645, 0.713087015042)), 0.042000, 0.169000) }
06/14/2020 05:18:20 PM [INFO] -- { "forward state added": Point2D((0.433569187645, 0.713087015042)) }
06/14/2020 05:18:20 PM [INFO] -- { "forward edges added": set([(Point2D((0.349510788457, 0.567628479624)), Point2D((0.433569187645, 0.713087015042)), 0.16800000000000004)]) }
06/14/2020 05:18:20 PM [INFO] -- { ("near", Point2D((0.433569187645, 0.713087015042))): 0.169000 }
06/14/2020 05:18:20 PM [INFO] -- { "backward edges added": set([(Point2D((0.433569187645, 0.713087015042)), Point2D((0.349510788457, 0.567628479624)), 0.16800000000000004)]) }
06/14/2020 05:18:20 PM [INFO] -- { "iteration": 7 }
06/14/2020 05:18:20 PM [INFO] -- { "random configuration": Point2D((0.298549315081, 0.523938959701)) }
06/14/2020 05:18:20 PM [INFO] -- { "nearest state": Point2D((0.349510788457, 0.567628479624)) }
06/14/2020 05:18:20 PM [INFO] -- { "new configuration": Point2D((0.298549315081, 0.523938959701)) }
06/14/2020 05:18:20 PM [INFO] -- { "far": (Point2D((0.298549315081, 0.523938959701)), 0.042000, 0.169000) }
06/14/2020 05:18:20 PM [INFO] -- { "forward state added": Point2D((0.298549315081, 0.523938959701)) }
06/14/2020 05:18:20 PM [INFO] -- { "forward edges added": set([(Point2D((0.382464838822, 0.446367859717)), Point2D((0.298549315081, 0.523938959701)), 0.11427637847584898), (Point2D((0.349510788457, 0.567628479624)), Point2D((0.298549315081, 0.523938959701)), 0.0671255980959233)]) }
06/14/2020 05:18:20 PM [INFO] -- { ("near", Point2D((0.298549315081, 0.523938959701))): 0.169000 }
06/14/2020 05:18:20 PM [INFO] -- { "backward edges added": set([(Point2D((0.298549315081, 0.523938959701)), Point2D((0.382464838822, 0.446367859717)), 0.11427637847584898), (Point2D((0.298549315081, 0.523938959701)), Point2D((0.349510788457, 0.567628479624)), 0.0671255980959233)]) }
06/14/2020 05:18:20 PM [INFO] -- { "iteration": 8 }
06/14/2020 05:18:20 PM [INFO] -- { "random configuration": Point2D((0.487814222226, 0.202902408938)) }
06/14/2020 05:18:20 PM [INFO] -- { "nearest state": Point2D((0.3, 0.3)) }
06/14/2020 05:18:20 PM [INFO] -- { "new configuration": Point2D((0.449236026481, 0.222846851004)) }
06/14/2020 05:18:20 PM [INFO] -- { "far": (Point2D((0.449236026481, 0.222846851004)), 0.042000, 0.169000) }
06/14/2020 05:18:20 PM [INFO] -- { "forward state added": Point2D((0.449236026481, 0.222846851004)) }
06/14/2020 05:18:20 PM [INFO] -- { "forward edges added": set([(Point2D((0.3, 0.3)), Point2D((0.449236026481, 0.222846851004)), 0.168)]) }
06/14/2020 05:18:20 PM [INFO] -- { ("near", Point2D((0.449236026481, 0.222846851004))): 0.169000 }
06/14/2020 05:18:20 PM [INFO] -- { "backward edges added": set([(Point2D((0.449236026481, 0.222846851004)), Point2D((0.3, 0.3)), 0.168)]) }
06/14/2020 05:18:20 PM [INFO] -- { "iteration": 9 }
06/14/2020 05:18:20 PM [INFO] -- { "random configuration": Point2D((0.532973662318, 0.363375799197)) }
06/14/2020 05:18:20 PM [INFO] -- { "nearest state": Point2D((0.449236026481, 0.222846851004)) }
06/14/2020 05:18:20 PM [INFO] -- { "new configuration": Point2D((0.532973662318, 0.363375799197)) }
06/14/2020 05:18:20 PM [INFO] -- { "far": (Point2D((0.532973662318, 0.363375799197)), 0.042000, 0.169000) }
06/14/2020 05:18:20 PM [INFO] -- { "forward state added": Point2D((0.532973662318, 0.363375799197)) }
06/14/2020 05:18:20 PM [INFO] -- { "forward edges added": set([(Point2D((0.449236026481, 0.222846851004)), Point2D((0.532973662318, 0.363375799197)), 0.16358599248062464)]) }
06/14/2020 05:18:20 PM [INFO] -- { ("near", Point2D((0.532973662318, 0.363375799197))): 0.169000 }
06/14/2020 05:18:20 PM [INFO] -- { "backward edges added": set([(Point2D((0.532973662318, 0.363375799197)), Point2D((0.449236026481, 0.222846851004)), 0.16358599248062464)]) }
06/14/2020 05:18:20 PM [INFO] -- { "iteration": 10 }
06/14/2020 05:18:20 PM [INFO] -- { "random configuration": Point2D((0.387503493087, 0.621171151155)) }
06/14/2020 05:18:20 PM [INFO] -- { "nearest state": Point2D((0.349510788457, 0.567628479624)) }
06/14/2020 05:18:20 PM [INFO] -- { "new configuration": Point2D((0.387503493087, 0.621171151155)) }
06/14/2020 05:18:20 PM [INFO] -- { "far": (Point2D((0.387503493087, 0.621171151155)), 0.042000, 0.169000) }
06/14/2020 05:18:20 PM [INFO] -- { "forward state added": Point2D((0.387503493087, 0.621171151155)) }
06/14/2020 05:18:20 PM [INFO] -- { "forward edges added": set([(Point2D((0.298549315081, 0.523938959701)), Point2D((0.387503493087, 0.621171151155)), 0.1317837047574751), (Point2D((0.433569187645, 0.713087015042)), Point2D((0.387503493087, 0.621171151155)), 0.10281329801744339), (Point2D((0.349510788457, 0.567628479624)), Point2D((0.387503493087, 0.621171151155)), 0.06565259537719967)]) }
06/14/2020 05:18:20 PM [INFO] -- { ("near", Point2D((0.387503493087, 0.621171151155))): 0.169000 }
06/14/2020 05:18:20 PM [INFO] -- { "backward edges added": set([(Point2D((0.387503493087, 0.621171151155)), Point2D((0.433569187645, 0.713087015042)), 0.10281329801744339), (Point2D((0.387503493087, 0.621171151155)), Point2D((0.298549315081, 0.523938959701)), 0.1317837047574751), (Point2D((0.387503493087, 0.621171151155)), Point2D((0.349510788457, 0.567628479624)), 0.06565259537719967)]) }
06/14/2020 05:18:20 PM [INFO] -- { "iteration": 11 }
06/14/2020 05:18:20 PM [INFO] -- { "random configuration": Point2D((0.653049455557, 0.732878992982)) }
06/14/2020 05:18:20 PM [INFO] -- { "nearest state": Point2D((0.433569187645, 0.713087015042)) }
06/14/2020 05:18:20 PM [INFO] -- { "new configuration": Point2D((0.600890253206, 0.728175454973)) }
06/14/2020 05:18:20 PM [INFO] -- { "far": (Point2D((0.600890253206, 0.728175454973)), 0.042000, 0.169000) }
06/14/2020 05:18:20 PM [INFO] -- { "forward state added": Point2D((0.600890253206, 0.728175454973)) }
06/14/2020 05:18:20 PM [INFO] -- { "forward edges added": set([(Point2D((0.433569187645, 0.713087015042)), Point2D((0.600890253206, 0.728175454973)), 0.16800000000000007)]) }
06/14/2020 05:18:20 PM [INFO] -- { ("near", Point2D((0.600890253206, 0.728175454973))): 0.169000 }
06/14/2020 05:18:20 PM [INFO] -- { "backward edges added": set([(Point2D((0.600890253206, 0.728175454973)), Point2D((0.433569187645, 0.713087015042)), 0.16800000000000007)]) }
06/14/2020 05:18:20 PM [INFO] -- { "iteration": 12 }
06/14/2020 05:18:20 PM [INFO] -- { "random configuration": Point2D((0.325701573996, 0.933024263757)) }
06/14/2020 05:18:20 PM [INFO] -- { "nearest state": Point2D((0.433569187645, 0.713087015042)) }
06/14/2020 05:18:20 PM [INFO] -- { "new configuration": Point2D((0.359592233814, 0.863922721364)) }
06/14/2020 05:18:20 PM [INFO] -- { "far": (Point2D((0.359592233814, 0.863922721364)), 0.042000, 0.169000) }
06/14/2020 05:18:20 PM [INFO] -- { "forward state added": Point2D((0.359592233814, 0.863922721364)) }
06/14/2020 05:18:20 PM [INFO] -- { "forward edges added": set([(Point2D((0.433569187645, 0.713087015042)), Point2D((0.359592233814, 0.863922721364)), 0.16800000000000007)]) }
06/14/2020 05:18:20 PM [INFO] -- { ("near", Point2D((0.359592233814, 0.863922721364))): 0.169000 }
06/14/2020 05:18:20 PM [INFO] -- { "backward edges added": set([(Point2D((0.359592233814, 0.863922721364)), Point2D((0.433569187645, 0.713087015042)), 0.16800000000000007)]) }
06/14/2020 05:18:20 PM [INFO] -- { "iteration": 13 }
06/14/2020 05:18:20 PM [INFO] -- { "random configuration": Point2D((0.240354892545, 0.340429212445)) }
06/14/2020 05:18:20 PM [INFO] -- { "nearest state": Point2D((0.3, 0.3)) }
06/14/2020 05:18:20 PM [INFO] -- { "new configuration": Point2D((0.240354892545, 0.340429212445)) }
06/14/2020 05:18:20 PM [INFO] -- { "far": (Point2D((0.240354892545, 0.340429212445)), 0.042000, 0.169000) }
06/14/2020 05:18:20 PM [INFO] -- { "forward state added": Point2D((0.240354892545, 0.340429212445)) }
06/14/2020 05:18:20 PM [INFO] -- { "forward edges added": set([(Point2D((0.3, 0.3)), Point2D((0.240354892545, 0.340429212445)), 0.0720559509149036), (Point2D((0.171570763777, 0.377293379224)), Point2D((0.240354892545, 0.340429212445)), 0.07803988187246616)]) }
06/14/2020 05:18:20 PM [INFO] -- { ("near", Point2D((0.240354892545, 0.340429212445))): 0.169000 }
06/14/2020 05:18:20 PM [INFO] -- { "backward edges added": set([(Point2D((0.240354892545, 0.340429212445)), Point2D((0.171570763777, 0.377293379224)), 0.07803988187246616), (Point2D((0.240354892545, 0.340429212445)), Point2D((0.3, 0.3)), 0.0720559509149036)]) }
06/14/2020 05:18:20 PM [INFO] -- { "iteration": 14 }
06/14/2020 05:18:20 PM [INFO] -- { "random configuration": Point2D((0.200540422951, 0.413246207763)) }
06/14/2020 05:18:20 PM [INFO] -- { "nearest state": Point2D((0.171570763777, 0.377293379224)) }
06/14/2020 05:18:20 PM [INFO] -- { "new configuration": Point2D((0.200540422951, 0.413246207763)) }
06/14/2020 05:18:20 PM [INFO] -- { "far": (Point2D((0.200540422951, 0.413246207763)), 0.042000, 0.169000) }
06/14/2020 05:18:20 PM [INFO] -- { "forward state added": Point2D((0.200540422951, 0.413246207763)) }
06/14/2020 05:18:20 PM [INFO] -- { "forward edges added": set([(Point2D((0.298549315081, 0.523938959701)), Point2D((0.200540422951, 0.413246207763)), 0.147846637662811), (Point2D((0.240354892545, 0.340429212445)), Point2D((0.200540422951, 0.413246207763)), 0.08299100430900348), (Point2D((0.171570763777, 0.377293379224)), Point2D((0.200540422951, 0.413246207763)), 0.04617192905439264), (Point2D((0.3, 0.3)), Point2D((0.200540422951, 0.413246207763)), 0.15072130254031957)]) }
06/14/2020 05:18:20 PM [INFO] -- { ("near", Point2D((0.200540422951, 0.413246207763))): 0.169000 }
06/14/2020 05:18:20 PM [INFO] -- { "backward edges added": set([(Point2D((0.200540422951, 0.413246207763)), Point2D((0.3, 0.3)), 0.15072130254031957), (Point2D((0.200540422951, 0.413246207763)), Point2D((0.171570763777, 0.377293379224)), 0.04617192905439264), (Point2D((0.200540422951, 0.413246207763)), Point2D((0.298549315081, 0.523938959701)), 0.147846637662811), (Point2D((0.200540422951, 0.413246207763)), Point2D((0.240354892545, 0.340429212445)), 0.08299100430900348)]) }
06/14/2020 05:18:20 PM [INFO] -- { "iteration": 15 }
06/14/2020 05:18:20 PM [INFO] -- { "random configuration": Point2D((0.177352240701, 0.872564284564)) }
06/14/2020 05:18:20 PM [INFO] -- { "nearest state": Point2D((0.359592233814, 0.863922721364)) }
06/14/2020 05:18:20 PM [INFO] -- { "new configuration": Point2D((0.191780791782, 0.871880103041)) }
06/14/2020 05:18:20 PM [INFO] -- { "far": (Point2D((0.191780791782, 0.871880103041)), 0.042000, 0.169000) }
06/14/2020 05:18:20 PM [INFO] -- { "forward state added": Point2D((0.191780791782, 0.871880103041)) }
06/14/2020 05:18:20 PM [INFO] -- { "forward edges added": set([(Point2D((0.359592233814, 0.863922721364)), Point2D((0.191780791782, 0.871880103041)), 0.16799999999999998)]) }
06/14/2020 05:18:20 PM [INFO] -- { ("near", Point2D((0.191780791782, 0.871880103041))): 0.169000 }
06/14/2020 05:18:20 PM [INFO] -- { "backward edges added": set([(Point2D((0.191780791782, 0.871880103041)), Point2D((0.359592233814, 0.863922721364)), 0.16799999999999998)]) }
06/14/2020 05:18:20 PM [INFO] -- { "iteration": 16 }
06/14/2020 05:18:20 PM [INFO] -- { "random configuration": Point2D((0.452024394057, 0.445389395443)) }
06/14/2020 05:18:20 PM [INFO] -- { "nearest state": Point2D((0.382464838822, 0.446367859717)) }
06/14/2020 05:18:20 PM [INFO] -- { "new configuration": Point2D((0.452024394057, 0.445389395443)) }
06/14/2020 05:18:20 PM [INFO] -- { "far": (Point2D((0.452024394057, 0.445389395443)), 0.042000, 0.169000) }
06/14/2020 05:18:20 PM [INFO] -- { "forward state added": None }
06/14/2020 05:18:20 PM [INFO] -- { "forward edges added": set([]) }
06/14/2020 05:18:20 PM [INFO] -- { "backward edges added": set([]) }
06/14/2020 05:18:20 PM [INFO] -- { "iteration": 17 }
06/14/2020 05:18:20 PM [INFO] -- { "random configuration": Point2D((0.7892399824, 0.61073853812)) }
06/14/2020 05:18:20 PM [INFO] -- { "nearest state": Point2D((0.600890253206, 0.728175454973)) }
06/14/2020 05:18:20 PM [INFO] -- { "new configuration": Point2D((0.743449700499, 0.639288988132)) }
06/14/2020 05:18:20 PM [INFO] -- { "far": (Point2D((0.743449700499, 0.639288988132)), 0.042000, 0.169000) }
06/14/2020 05:18:20 PM [INFO] -- { "forward state added": Point2D((0.743449700499, 0.639288988132)) }
06/14/2020 05:18:20 PM [INFO] -- { "forward edges added": set([(Point2D((0.600890253206, 0.728175454973)), Point2D((0.743449700499, 0.639288988132)), 0.16800000000000007)]) }
06/14/2020 05:18:20 PM [INFO] -- { ("near", Point2D((0.743449700499, 0.639288988132))): 0.169000 }
06/14/2020 05:18:20 PM [INFO] -- { "backward edges added": set([(Point2D((0.743449700499, 0.639288988132)), Point2D((0.600890253206, 0.728175454973)), 0.16800000000000007)]) }
06/14/2020 05:18:20 PM [INFO] -- { "iteration": 18 }
06/14/2020 05:18:20 PM [INFO] -- { "random configuration": Point2D((0.611303036058, 0.663707868429)) }
06/14/2020 05:18:20 PM [INFO] -- { "nearest state": Point2D((0.600890253206, 0.728175454973)) }
06/14/2020 05:18:20 PM [INFO] -- { "new configuration": Point2D((0.611303036058, 0.663707868429)) }
06/14/2020 05:18:20 PM [INFO] -- { "far": (Point2D((0.611303036058, 0.663707868429)), 0.042000, 0.169000) }
06/14/2020 05:18:20 PM [INFO] -- { "forward state added": Point2D((0.611303036058, 0.663707868429)) }
06/14/2020 05:18:20 PM [INFO] -- { "forward edges added": set([(Point2D((0.600890253206, 0.728175454973)), Point2D((0.611303036058, 0.663707868429)), 0.06530310682909243), (Point2D((0.743449700499, 0.639288988132)), Point2D((0.611303036058, 0.663707868429)), 0.13438386301121766)]) }
06/14/2020 05:18:20 PM [INFO] -- { ("near", Point2D((0.611303036058, 0.663707868429))): 0.169000 }
06/14/2020 05:18:20 PM [INFO] -- { "backward edges added": set([(Point2D((0.611303036058, 0.663707868429)), Point2D((0.743449700499, 0.639288988132)), 0.13438386301121766), (Point2D((0.611303036058, 0.663707868429)), Point2D((0.600890253206, 0.728175454973)), 0.06530310682909243)]) }
06/14/2020 05:18:20 PM [INFO] -- { "iteration": 19 }
06/14/2020 05:18:20 PM [INFO] -- { "random configuration": Point2D((0.701752009678, 0.789404402349)) }
06/14/2020 05:18:20 PM [INFO] -- { "nearest state": Point2D((0.600890253206, 0.728175454973)) }
06/14/2020 05:18:20 PM [INFO] -- { "new configuration": Point2D((0.701752009678, 0.789404402349)) }
06/14/2020 05:18:20 PM [INFO] -- { "far": (Point2D((0.701752009678, 0.789404402349)), 0.042000, 0.169000) }
06/14/2020 05:18:20 PM [INFO] -- { "forward state added": Point2D((0.701752009678, 0.789404402349)) }
06/14/2020 05:18:20 PM [INFO] -- { "forward edges added": set([(Point2D((0.600890253206, 0.728175454973)), Point2D((0.701752009678, 0.789404402349)), 0.11799185529161563), (Point2D((0.743449700499, 0.639288988132)), Point2D((0.701752009678, 0.789404402349)), 0.1557990211945415), (Point2D((0.611303036058, 0.663707868429)), Point2D((0.701752009678, 0.789404402349)), 0.15485682247819893)]) }
06/14/2020 05:18:20 PM [INFO] -- { ("near", Point2D((0.701752009678, 0.789404402349))): 0.169000 }
06/14/2020 05:18:20 PM [INFO] -- { "backward edges added": set([(Point2D((0.701752009678, 0.789404402349)), Point2D((0.600890253206, 0.728175454973)), 0.11799185529161563), (Point2D((0.701752009678, 0.789404402349)), Point2D((0.611303036058, 0.663707868429)), 0.15485682247819893), (Point2D((0.701752009678, 0.789404402349)), Point2D((0.743449700499, 0.639288988132)), 0.1557990211945415)]) }
06/14/2020 05:18:20 PM [INFO] -- { "iteration": 20 }
06/14/2020 05:18:20 PM [INFO] -- { "random configuration": Point2D((0.647519110254, 0.489064757335)) }
06/14/2020 05:18:20 PM [INFO] -- { "nearest state": Point2D((0.532973662318, 0.363375799197)) }
06/14/2020 05:18:20 PM [INFO] -- { "new configuration": Point2D((0.646135549827, 0.487546597759)) }
06/14/2020 05:18:20 PM [INFO] -- { "far": (Point2D((0.646135549827, 0.487546597759)), 0.042000, 0.169000) }
06/14/2020 05:18:20 PM [INFO] -- { "forward state added": None }
06/14/2020 05:18:20 PM [INFO] -- { "forward edges added": set([]) }
06/14/2020 05:18:20 PM [INFO] -- { "backward edges added": set([]) }
06/14/2020 05:18:20 PM [INFO] -- { "iteration": 21 }
06/14/2020 05:18:20 PM [INFO] -- { "random configuration": Point2D((0.941096586284, 0.222833113698)) }
06/14/2020 05:18:20 PM [INFO] -- { "nearest state": Point2D((0.532973662318, 0.363375799197)) }
06/14/2020 05:18:20 PM [INFO] -- { "new configuration": Point2D((0.691819022539, 0.308675236711)) }
06/14/2020 05:18:20 PM [INFO] -- { "far": (Point2D((0.691819022539, 0.308675236711)), 0.042000, 0.169000) }
06/14/2020 05:18:20 PM [INFO] -- { "forward state added": Point2D((0.691819022539, 0.308675236711)) }
06/14/2020 05:18:20 PM [INFO] -- { "forward edges added": set([(Point2D((0.532973662318, 0.363375799197)), Point2D((0.691819022539, 0.308675236711)), 0.168)]) }
06/14/2020 05:18:20 PM [INFO] -- { ("near", Point2D((0.691819022539, 0.308675236711))): 0.169000 }
06/14/2020 05:18:20 PM [INFO] -- { "backward edges added": set([(Point2D((0.691819022539, 0.308675236711)), Point2D((0.532973662318, 0.363375799197)), 0.168)]) }
06/14/2020 05:18:20 PM [INFO] -- { "iteration": 22 }
06/14/2020 05:18:20 PM [INFO] -- { "random configuration": Point2D((0.94409367738, 0.958130537724)) }
06/14/2020 05:18:20 PM [INFO] -- { "nearest state": Point2D((0.701752009678, 0.789404402349)) }
06/14/2020 05:18:20 PM [INFO] -- { "new configuration": Point2D((0.839626566743, 0.885397144335)) }
06/14/2020 05:18:20 PM [INFO] -- { "far": (Point2D((0.839626566743, 0.885397144335)), 0.042000, 0.169000) }
06/14/2020 05:18:20 PM [INFO] -- { "forward state added": Point2D((0.839626566743, 0.885397144335)) }
06/14/2020 05:18:20 PM [INFO] -- { "forward edges added": set([(Point2D((0.701752009678, 0.789404402349)), Point2D((0.839626566743, 0.885397144335)), 0.16799999999999998)]) }
06/14/2020 05:18:20 PM [INFO] -- { ("near", Point2D((0.839626566743, 0.885397144335))): 0.169000 }
06/14/2020 05:18:20 PM [INFO] -- { "backward edges added": set([(Point2D((0.839626566743, 0.885397144335)), Point2D((0.701752009678, 0.789404402349)), 0.16799999999999998)]) }
06/14/2020 05:18:20 PM [INFO] -- { "iteration": 23 }
06/14/2020 05:18:20 PM [INFO] -- { "random configuration": Point2D((0.715127226833, 0.0909236878923)) }
06/14/2020 05:18:20 PM [INFO] -- { "nearest state": Point2D((0.691819022539, 0.308675236711)) }
06/14/2020 05:18:20 PM [INFO] -- { "new configuration": Point2D((0.709699659914, 0.14162948607)) }
06/14/2020 05:18:20 PM [INFO] -- { "far": (Point2D((0.709699659914, 0.14162948607)), 0.042000, 0.169000) }
06/14/2020 05:18:20 PM [INFO] -- { "forward state added": Point2D((0.709699659914, 0.14162948607)) }
06/14/2020 05:18:20 PM [INFO] -- { "forward edges added": set([(Point2D((0.691819022539, 0.308675236711)), Point2D((0.709699659914, 0.14162948607)), 0.168)]) }
06/14/2020 05:18:20 PM [INFO] -- { ("near", Point2D((0.709699659914, 0.14162948607))): 0.169000 }
06/14/2020 05:18:20 PM [INFO] -- { "backward edges added": set([(Point2D((0.709699659914, 0.14162948607)), Point2D((0.691819022539, 0.308675236711)), 0.168)]) }
06/14/2020 05:18:20 PM [INFO] -- { "iteration": 24 }
06/14/2020 05:18:20 PM [INFO] -- { "random configuration": Point2D((0.760950959707, 0.635265055088)) }
06/14/2020 05:18:20 PM [INFO] -- { "nearest state": Point2D((0.743449700499, 0.639288988132)) }
06/14/2020 05:18:20 PM [INFO] -- { "new configuration": Point2D((0.760950959707, 0.635265055088)) }
06/14/2020 05:18:20 PM [INFO] -- { "far": (Point2D((0.760950959707, 0.635265055088)), 0.042000, 0.169000) }
06/14/2020 05:18:20 PM [INFO] -- { "forward state added": None }
06/14/2020 05:18:20 PM [INFO] -- { "forward edges added": set([]) }
06/14/2020 05:18:20 PM [INFO] -- { "backward edges added": set([]) }
06/14/2020 05:18:20 PM [INFO] -- { "iteration": 25 }
06/14/2020 05:18:20 PM [INFO] -- { "random configuration": Point2D((0.898507005964, 0.530739357788)) }
06/14/2020 05:18:20 PM [INFO] -- { "nearest state": Point2D((0.743449700499, 0.639288988132)) }
06/14/2020 05:18:20 PM [INFO] -- { "new configuration": Point2D((0.881076694759, 0.542941645403)) }
06/14/2020 05:18:20 PM [INFO] -- { "far": (Point2D((0.881076694759, 0.542941645403)), 0.042000, 0.169000) }
06/14/2020 05:18:20 PM [INFO] -- { "forward state added": Point2D((0.881076694759, 0.542941645403)) }
06/14/2020 05:18:20 PM [INFO] -- { "forward edges added": set([(Point2D((0.743449700499, 0.639288988132)), Point2D((0.881076694759, 0.542941645403)), 0.16799999999999995)]) }
06/14/2020 05:18:20 PM [INFO] -- { ("near", Point2D((0.881076694759, 0.542941645403))): 0.169000 }
06/14/2020 05:18:20 PM [INFO] -- { "backward edges added": set([(Point2D((0.881076694759, 0.542941645403)), Point2D((0.743449700499, 0.639288988132)), 0.16799999999999995)]) }
06/14/2020 05:18:20 PM [INFO] -- { "iteration": 26 }
06/14/2020 05:18:20 PM [INFO] -- { "random configuration": Point2D((0.269571933185, 0.18178637228)) }
06/14/2020 05:18:20 PM [INFO] -- { "nearest state": Point2D((0.266989288354, 0.135275099282)) }
06/14/2020 05:18:20 PM [INFO] -- { "new configuration": Point2D((0.269571933185, 0.18178637228)) }
06/14/2020 05:18:20 PM [INFO] -- { "far": (Point2D((0.269571933185, 0.18178637228)), 0.042000, 0.169000) }
06/14/2020 05:18:20 PM [INFO] -- { "forward state added": Point2D((0.269571933185, 0.18178637228)) }
06/14/2020 05:18:20 PM [INFO] -- { "forward edges added": set([(Point2D((0.3, 0.3)), Point2D((0.269571933185, 0.18178637228)), 0.12206690390446807), (Point2D((0.266989288354, 0.135275099282)), Point2D((0.269571933185, 0.18178637228)), 0.046582921443766294), (Point2D((0.240354892545, 0.340429212445)), Point2D((0.269571933185, 0.18178637228)), 0.16131083720331912)]) }
06/14/2020 05:18:20 PM [INFO] -- { ("near", Point2D((0.269571933185, 0.18178637228))): 0.169000 }
06/14/2020 05:18:20 PM [INFO] -- { "backward edges added": set([(Point2D((0.269571933185, 0.18178637228)), Point2D((0.240354892545, 0.340429212445)), 0.16131083720331912), (Point2D((0.269571933185, 0.18178637228)), Point2D((0.266989288354, 0.135275099282)), 0.046582921443766294), (Point2D((0.269571933185, 0.18178637228)), Point2D((0.3, 0.3)), 0.12206690390446807)]) }
06/14/2020 05:18:20 PM [INFO] -- { "iteration": 27 }
06/14/2020 05:18:20 PM [INFO] -- { "random configuration": Point2D((0.484923847654, 0.0490116761251)) }
06/14/2020 05:18:20 PM [INFO] -- { "nearest state": Point2D((0.449236026481, 0.222846851004)) }
06/14/2020 05:18:20 PM [INFO] -- { "new configuration": Point2D((0.483021281729, 0.0582790639739)) }
06/14/2020 05:18:20 PM [INFO] -- { "far": (Point2D((0.483021281729, 0.0582790639739)), 0.042000, 0.169000) }
06/14/2020 05:18:20 PM [INFO] -- { "forward state added": None }
06/14/2020 05:18:20 PM [INFO] -- { "forward edges added": set([]) }
06/14/2020 05:18:20 PM [INFO] -- { "backward edges added": set([]) }
06/14/2020 05:18:20 PM [INFO] -- { "iteration": 28 }
06/14/2020 05:18:20 PM [INFO] -- { "random configuration": Point2D((0.821890315046, 0.737244869206)) }
06/14/2020 05:18:20 PM [INFO] -- { "nearest state": Point2D((0.743449700499, 0.639288988132)) }
06/14/2020 05:18:20 PM [INFO] -- { "new configuration": Point2D((0.821890315046, 0.737244869206)) }
06/14/2020 05:18:20 PM [INFO] -- { "far": (Point2D((0.821890315046, 0.737244869206)), 0.042000, 0.169000) }
06/14/2020 05:18:20 PM [INFO] -- { "forward state added": Point2D((0.821890315046, 0.737244869206)) }
06/14/2020 05:18:20 PM [INFO] -- { "forward edges added": set([(Point2D((0.701752009678, 0.789404402349)), Point2D((0.821890315046, 0.737244869206)), 0.13097262811121826), (Point2D((0.839626566743, 0.885397144335)), Point2D((0.821890315046, 0.737244869206)), 0.1492101579988267), (Point2D((0.743449700499, 0.639288988132)), Point2D((0.821890315046, 0.737244869206)), 0.12549216966555926)]) }
06/14/2020 05:18:20 PM [INFO] -- { ("near", Point2D((0.821890315046, 0.737244869206))): 0.169000 }
06/14/2020 05:18:20 PM [INFO] -- { "backward edges added": set([(Point2D((0.821890315046, 0.737244869206)), Point2D((0.743449700499, 0.639288988132)), 0.12549216966555926), (Point2D((0.821890315046, 0.737244869206)), Point2D((0.701752009678, 0.789404402349)), 0.13097262811121826), (Point2D((0.821890315046, 0.737244869206)), Point2D((0.839626566743, 0.885397144335)), 0.1492101579988267)]) }
06/14/2020 05:18:20 PM [INFO] -- { "iteration": 29 }
06/14/2020 05:18:20 PM [INFO] -- { "random configuration": Point2D((0.6881045773, 0.637377206186)) }
06/14/2020 05:18:20 PM [INFO] -- { "nearest state": Point2D((0.743449700499, 0.639288988132)) }
06/14/2020 05:18:20 PM [INFO] -- { "new configuration": Point2D((0.6881045773, 0.637377206186)) }
06/14/2020 05:18:20 PM [INFO] -- { "far": (Point2D((0.6881045773, 0.637377206186)), 0.042000, 0.169000) }
06/14/2020 05:18:20 PM [INFO] -- { "forward state added": Point2D((0.6881045773, 0.637377206186)) }
06/14/2020 05:18:20 PM [INFO] -- { "forward edges added": set([(Point2D((0.701752009678, 0.789404402349)), Point2D((0.6881045773, 0.637377206186)), 0.1526385298136904), (Point2D((0.611303036058, 0.663707868429)), Point2D((0.6881045773, 0.637377206186)), 0.08118978083030848), (Point2D((0.821890315046, 0.737244869206)), Point2D((0.6881045773, 0.637377206186)), 0.16694961437923858), (Point2D((0.600890253206, 0.728175454973)), Point2D((0.6881045773, 0.637377206186)), 0.12589940551909581), (Point2D((0.743449700499, 0.639288988132)), Point2D((0.6881045773, 0.637377206186)), 0.05537813261717411)]) }
06/14/2020 05:18:20 PM [INFO] -- { ("near", Point2D((0.6881045773, 0.637377206186))): 0.169000 }
06/14/2020 05:18:20 PM [INFO] -- { "backward edges added": set([(Point2D((0.6881045773, 0.637377206186)), Point2D((0.701752009678, 0.789404402349)), 0.1526385298136904), (Point2D((0.6881045773, 0.637377206186)), Point2D((0.743449700499, 0.639288988132)), 0.05537813261717411), (Point2D((0.6881045773, 0.637377206186)), Point2D((0.821890315046, 0.737244869206)), 0.16694961437923858), (Point2D((0.6881045773, 0.637377206186)), Point2D((0.600890253206, 0.728175454973)), 0.12589940551909581), (Point2D((0.6881045773, 0.637377206186)), Point2D((0.611303036058, 0.663707868429)), 0.08118978083030848)]) }
06/14/2020 05:18:20 PM [INFO] -- { "iteration": 30 }
06/14/2020 05:18:20 PM [INFO] -- { "random configuration": Point2D((0.542294187754, 0.578935718803)) }
06/14/2020 05:18:20 PM [INFO] -- { "nearest state": Point2D((0.611303036058, 0.663707868429)) }
06/14/2020 05:18:20 PM [INFO] -- { "new configuration": Point2D((0.542294187754, 0.578935718803)) }
06/14/2020 05:18:20 PM [INFO] -- { "far": (Point2D((0.542294187754, 0.578935718803)), 0.042000, 0.169000) }
06/14/2020 05:18:20 PM [INFO] -- { "forward state added": None }
06/14/2020 05:18:20 PM [INFO] -- { "forward edges added": set([]) }
06/14/2020 05:18:20 PM [INFO] -- { "backward edges added": set([]) }
06/14/2020 05:18:20 PM [INFO] -- { "iteration": 31 }
06/14/2020 05:18:20 PM [INFO] -- { "random configuration": Point2D((0.137268370655, 0.660413309558)) }
06/14/2020 05:18:20 PM [INFO] -- { "nearest state": Point2D((0.298549315081, 0.523938959701)) }
06/14/2020 05:18:20 PM [INFO] -- { "new configuration": Point2D((0.170302716275, 0.632459971006)) }
06/14/2020 05:18:20 PM [INFO] -- { "far": (Point2D((0.170302716275, 0.632459971006)), 0.042000, 0.169000) }
06/14/2020 05:18:20 PM [INFO] -- { "forward state added": Point2D((0.170302716275, 0.632459971006)) }
06/14/2020 05:18:20 PM [INFO] -- { "forward edges added": set([(Point2D((0.298549315081, 0.523938959701)), Point2D((0.170302716275, 0.632459971006)), 0.168)]) }
06/14/2020 05:18:20 PM [INFO] -- { ("near", Point2D((0.170302716275, 0.632459971006))): 0.169000 }
06/14/2020 05:18:20 PM [INFO] -- { "backward edges added": set([(Point2D((0.170302716275, 0.632459971006)), Point2D((0.298549315081, 0.523938959701)), 0.168)]) }
06/14/2020 05:18:20 PM [INFO] -- { "iteration": 32 }
06/14/2020 05:18:20 PM [INFO] -- { "random configuration": Point2D((0.180683669037, 0.643671109437)) }
06/14/2020 05:18:20 PM [INFO] -- { "nearest state": Point2D((0.170302716275, 0.632459971006)) }
06/14/2020 05:18:20 PM [INFO] -- { "new configuration": Point2D((0.180683669037, 0.643671109437)) }
06/14/2020 05:18:20 PM [INFO] -- { "far": (Point2D((0.180683669037, 0.643671109437)), 0.042000, 0.169000) }
06/14/2020 05:18:20 PM [INFO] -- { "forward state added": None }
06/14/2020 05:18:20 PM [INFO] -- { "forward edges added": set([]) }
06/14/2020 05:18:20 PM [INFO] -- { "backward edges added": set([]) }
06/14/2020 05:18:20 PM [INFO] -- { "iteration": 33 }
06/14/2020 05:18:20 PM [INFO] -- { "random configuration": Point2D((0.918923024302, 0.372426108281)) }
06/14/2020 05:18:20 PM [INFO] -- { "nearest state": Point2D((0.881076694759, 0.542941645403)) }
06/14/2020 05:18:20 PM [INFO] -- { "new configuration": Point2D((0.91747883686, 0.378932852802)) }
06/14/2020 05:18:20 PM [INFO] -- { "far": (Point2D((0.91747883686, 0.378932852802)), 0.042000, 0.169000) }
06/14/2020 05:18:20 PM [INFO] -- { "forward state added": None }
06/14/2020 05:18:20 PM [INFO] -- { "forward edges added": set([]) }
06/14/2020 05:18:20 PM [INFO] -- { "backward edges added": set([]) }
06/14/2020 05:18:20 PM [INFO] -- { "iteration": 34 }
06/14/2020 05:18:20 PM [INFO] -- { "random configuration": Point2D((0.0913107167489, 0.22973663872)) }
06/14/2020 05:18:20 PM [INFO] -- { "nearest state": Point2D((0.171570763777, 0.377293379224)) }
06/14/2020 05:18:20 PM [INFO] -- { "new configuration": Point2D((0.0913107167489, 0.22973663872)) }
06/14/2020 05:18:20 PM [INFO] -- { "far": (Point2D((0.0913107167489, 0.22973663872)), 0.042000, 0.169000) }
06/14/2020 05:18:20 PM [INFO] -- { "forward state added": Point2D((0.0913107167489, 0.22973663872)) }
06/14/2020 05:18:20 PM [INFO] -- { "forward edges added": set([(Point2D((0.171570763777, 0.377293379224)), Point2D((0.0913107167489, 0.22973663872)), 0.167972220373036)]) }
06/14/2020 05:18:20 PM [INFO] -- { ("near", Point2D((0.0913107167489, 0.22973663872))): 0.169000 }
06/14/2020 05:18:20 PM [INFO] -- { "backward edges added": set([(Point2D((0.0913107167489, 0.22973663872)), Point2D((0.171570763777, 0.377293379224)), 0.167972220373036)]) }
06/14/2020 05:18:20 PM [INFO] -- { "iteration": 35 }
06/14/2020 05:18:20 PM [INFO] -- { "random configuration": Point2D((0.256003210538, 0.262488158622)) }
06/14/2020 05:18:20 PM [INFO] -- { "nearest state": Point2D((0.3, 0.3)) }
06/14/2020 05:18:21 PM [INFO] -- { "new configuration": Point2D((0.256003210538, 0.262488158622)) }
06/14/2020 05:18:21 PM [INFO] -- { "far": (Point2D((0.256003210538, 0.262488158622)), 0.042000, 0.169000) }
06/14/2020 05:18:21 PM [INFO] -- { "forward state added": Point2D((0.256003210538, 0.262488158622)) }
06/14/2020 05:18:21 PM [INFO] -- { "forward edges added": set([(Point2D((0.200540422951, 0.413246207763)), Point2D((0.256003210538, 0.262488158622)), 0.16063657798816594), (Point2D((0.240354892545, 0.340429212445)), Point2D((0.256003210538, 0.262488158622)), 0.07949640071730496), (Point2D((0.269571933185, 0.18178637228)), Point2D((0.256003210538, 0.262488158622)), 0.0818345193242923), (Point2D((0.3, 0.3)), Point2D((0.256003210538, 0.262488158622)), 0.05781743445097187), (Point2D((0.0913107167489, 0.22973663872)), Point2D((0.256003210538, 0.262488158622)), 0.16791747844254046), (Point2D((0.266989288354, 0.135275099282)), Point2D((0.256003210538, 0.262488158622)), 0.12768655517494848), (Point2D((0.171570763777, 0.377293379224)), Point2D((0.256003210538, 0.262488158622)), 0.14250991805348825)]) }
06/14/2020 05:18:21 PM [INFO] -- { ("near", Point2D((0.256003210538, 0.262488158622))): 0.169000 }
06/14/2020 05:18:21 PM [INFO] -- { "backward edges added": set([(Point2D((0.256003210538, 0.262488158622)), Point2D((0.171570763777, 0.377293379224)), 0.14250991805348825), (Point2D((0.256003210538, 0.262488158622)), Point2D((0.0913107167489, 0.22973663872)), 0.16791747844254046), (Point2D((0.256003210538, 0.262488158622)), Point2D((0.240354892545, 0.340429212445)), 0.07949640071730496), (Point2D((0.256003210538, 0.262488158622)), Point2D((0.3, 0.3)), 0.05781743445097187), (Point2D((0.256003210538, 0.262488158622)), Point2D((0.200540422951, 0.413246207763)), 0.16063657798816594), (Point2D((0.256003210538, 0.262488158622)), Point2D((0.269571933185, 0.18178637228)), 0.0818345193242923), (Point2D((0.256003210538, 0.262488158622)), Point2D((0.266989288354, 0.135275099282)), 0.12768655517494848)]) }
06/14/2020 05:18:21 PM [INFO] -- { "iteration": 36 }
06/14/2020 05:18:21 PM [INFO] -- { "random configuration": Point2D((0.560907093811, 0.0815537557706)) }
06/14/2020 05:18:21 PM [INFO] -- { "nearest state": Point2D((0.709699659914, 0.14162948607)) }
06/14/2020 05:18:21 PM [INFO] -- { "new configuration": Point2D((0.560907093811, 0.0815537557706)) }
06/14/2020 05:18:21 PM [INFO] -- { "far": (Point2D((0.560907093811, 0.0815537557706)), 0.042000, 0.169000) }
06/14/2020 05:18:21 PM [INFO] -- { "forward state added": None }
06/14/2020 05:18:21 PM [INFO] -- { "forward edges added": set([]) }
06/14/2020 05:18:21 PM [INFO] -- { "backward edges added": set([]) }
06/14/2020 05:18:21 PM [INFO] -- { "iteration": 37 }
06/14/2020 05:18:21 PM [INFO] -- { "random configuration": Point2D((0.942377646689, 0.683761722252)) }
06/14/2020 05:18:21 PM [INFO] -- { "nearest state": Point2D((0.821890315046, 0.737244869206)) }
06/14/2020 05:18:21 PM [INFO] -- { "new configuration": Point2D((0.942377646689, 0.683761722252)) }
06/14/2020 05:18:21 PM [INFO] -- { "far": (Point2D((0.942377646689, 0.683761722252)), 0.042000, 0.169000) }
06/14/2020 05:18:21 PM [INFO] -- { "forward state added": Point2D((0.942377646689, 0.683761722252)) }
06/14/2020 05:18:21 PM [INFO] -- { "forward edges added": set([(Point2D((0.821890315046, 0.737244869206)), Point2D((0.942377646689, 0.683761722252)), 0.13182429250552802)]) }
06/14/2020 05:18:21 PM [INFO] -- { ("near", Point2D((0.942377646689, 0.683761722252))): 0.169000 }
06/14/2020 05:18:21 PM [INFO] -- { "backward edges added": set([(Point2D((0.942377646689, 0.683761722252)), Point2D((0.821890315046, 0.737244869206)), 0.13182429250552802)]) }
06/14/2020 05:18:21 PM [INFO] -- { "iteration": 38 }
06/14/2020 05:18:21 PM [INFO] -- { "random configuration": Point2D((0.746943985612, 0.451468487679)) }
06/14/2020 05:18:21 PM [INFO] -- { "nearest state": Point2D((0.691819022539, 0.308675236711)) }
06/14/2020 05:18:21 PM [INFO] -- { "new configuration": Point2D((0.746943985612, 0.451468487679)) }
06/14/2020 05:18:21 PM [INFO] -- { "far": (Point2D((0.746943985612, 0.451468487679)), 0.042000, 0.169000) }
06/14/2020 05:18:21 PM [INFO] -- { "forward state added": Point2D((0.746943985612, 0.451468487679)) }
06/14/2020 05:18:21 PM [INFO] -- { "forward edges added": set([(Point2D((0.881076694759, 0.542941645403)), Point2D((0.746943985612, 0.451468487679)), 0.16235431083574067), (Point2D((0.691819022539, 0.308675236711)), Point2D((0.746943985612, 0.451468487679)), 0.15306428086265036)]) }
06/14/2020 05:18:21 PM [INFO] -- { ("near", Point2D((0.746943985612, 0.451468487679))): 0.169000 }
06/14/2020 05:18:21 PM [INFO] -- { "backward edges added": set([(Point2D((0.746943985612, 0.451468487679)), Point2D((0.691819022539, 0.308675236711)), 0.15306428086265036), (Point2D((0.746943985612, 0.451468487679)), Point2D((0.881076694759, 0.542941645403)), 0.16235431083574067)]) }
06/14/2020 05:18:21 PM [INFO] -- { "iteration": 39 }
06/14/2020 05:18:21 PM [INFO] -- { "random configuration": Point2D((0.580068258855, 0.879752133926)) }
06/14/2020 05:18:21 PM [INFO] -- { "nearest state": Point2D((0.701752009678, 0.789404402349)) }
06/14/2020 05:18:21 PM [INFO] -- { "new configuration": Point2D((0.580068258855, 0.879752133926)) }
06/14/2020 05:18:21 PM [INFO] -- { "far": (Point2D((0.580068258855, 0.879752133926)), 0.042000, 0.169000) }
06/14/2020 05:18:21 PM [INFO] -- { "forward state added": Point2D((0.580068258855, 0.879752133926)) }
06/14/2020 05:18:21 PM [INFO] -- { "forward edges added": set([(Point2D((0.600890253206, 0.728175454973)), Point2D((0.580068258855, 0.879752133926)), 0.1530001472256366), (Point2D((0.701752009678, 0.789404402349)), Point2D((0.580068258855, 0.879752133926)), 0.15155740765651957)]) }
06/14/2020 05:18:21 PM [INFO] -- { ("near", Point2D((0.580068258855, 0.879752133926))): 0.169000 }
06/14/2020 05:18:21 PM [INFO] -- { "backward edges added": set([(Point2D((0.580068258855, 0.879752133926)), Point2D((0.600890253206, 0.728175454973)), 0.1530001472256366), (Point2D((0.580068258855, 0.879752133926)), Point2D((0.701752009678, 0.789404402349)), 0.15155740765651957)]) }
06/14/2020 05:18:21 PM [INFO] -- { "iteration": 40 }
06/14/2020 05:18:21 PM [INFO] -- { "random configuration": Point2D((0.126929177634, 0.874045897587)) }
06/14/2020 05:18:21 PM [INFO] -- { "nearest state": Point2D((0.191780791782, 0.871880103041)) }
06/14/2020 05:18:21 PM [INFO] -- { "new configuration": Point2D((0.126929177634, 0.874045897587)) }
06/14/2020 05:18:21 PM [INFO] -- { "far": (Point2D((0.126929177634, 0.874045897587)), 0.042000, 0.169000) }
06/14/2020 05:18:21 PM [INFO] -- { "forward state added": Point2D((0.126929177634, 0.874045897587)) }
06/14/2020 05:18:21 PM [INFO] -- { "forward edges added": set([(Point2D((0.191780791782, 0.871880103041)), Point2D((0.126929177634, 0.874045897587)), 0.06488776867540576)]) }
06/14/2020 05:18:21 PM [INFO] -- { ("near", Point2D((0.126929177634, 0.874045897587))): 0.169000 }
06/14/2020 05:18:21 PM [INFO] -- { "backward edges added": set([(Point2D((0.126929177634, 0.874045897587)), Point2D((0.191780791782, 0.871880103041)), 0.06488776867540576)]) }
06/14/2020 05:18:21 PM [INFO] -- { "iteration": 41 }
06/14/2020 05:18:21 PM [INFO] -- { "random configuration": Point2D((0.229901351577, 0.898006655781)) }
06/14/2020 05:18:21 PM [INFO] -- { "nearest state": Point2D((0.191780791782, 0.871880103041)) }
06/14/2020 05:18:21 PM [INFO] -- { "new configuration": Point2D((0.229901351577, 0.898006655781)) }
06/14/2020 05:18:21 PM [INFO] -- { "far": (Point2D((0.229901351577, 0.898006655781)), 0.042000, 0.169000) }
06/14/2020 05:18:21 PM [INFO] -- { "forward state added": Point2D((0.229901351577, 0.898006655781)) }
06/14/2020 05:18:21 PM [INFO] -- { "forward edges added": set([(Point2D((0.191780791782, 0.871880103041)), Point2D((0.229901351577, 0.898006655781)), 0.04621443321236144), (Point2D((0.126929177634, 0.874045897587)), Point2D((0.229901351577, 0.898006655781)), 0.10572315990284148), (Point2D((0.359592233814, 0.863922721364)), Point2D((0.229901351577, 0.898006655781)), 0.1340948899876145)]) }
06/14/2020 05:18:21 PM [INFO] -- { ("near", Point2D((0.229901351577, 0.898006655781))): 0.169000 }
06/14/2020 05:18:21 PM [INFO] -- { "backward edges added": set([(Point2D((0.229901351577, 0.898006655781)), Point2D((0.126929177634, 0.874045897587)), 0.10572315990284148), (Point2D((0.229901351577, 0.898006655781)), Point2D((0.191780791782, 0.871880103041)), 0.04621443321236144), (Point2D((0.229901351577, 0.898006655781)), Point2D((0.359592233814, 0.863922721364)), 0.1340948899876145)]) }
06/14/2020 05:18:21 PM [INFO] -- { "iteration": 42 }
06/14/2020 05:18:21 PM [INFO] -- { "random configuration": Point2D((0.330104052567, 0.847570885413)) }
06/14/2020 05:18:21 PM [INFO] -- { "nearest state": Point2D((0.359592233814, 0.863922721364)) }
06/14/2020 05:18:21 PM [INFO] -- { "new configuration": Point2D((0.330104052567, 0.847570885413)) }
06/14/2020 05:18:21 PM [INFO] -- { "far": (Point2D((0.330104052567, 0.847570885413)), 0.042000, 0.169000) }
06/14/2020 05:18:21 PM [INFO] -- { "forward state added": None }
06/14/2020 05:18:21 PM [INFO] -- { "forward edges added": set([]) }
06/14/2020 05:18:21 PM [INFO] -- { "backward edges added": set([]) }
06/14/2020 05:18:21 PM [INFO] -- { "iteration": 43 }
06/14/2020 05:18:21 PM [INFO] -- { "random configuration": Point2D((0.544836012227, 0.327485811934)) }
06/14/2020 05:18:21 PM [INFO] -- { "nearest state": Point2D((0.532973662318, 0.363375799197)) }
06/14/2020 05:18:21 PM [INFO] -- { "new configuration": Point2D((0.544836012227, 0.327485811934)) }
06/14/2020 05:18:21 PM [INFO] -- { "far": (Point2D((0.544836012227, 0.327485811934)), 0.042000, 0.169000) }
06/14/2020 05:18:21 PM [INFO] -- { "forward state added": None }
06/14/2020 05:18:21 PM [INFO] -- { "forward edges added": set([]) }
06/14/2020 05:18:21 PM [INFO] -- { "backward edges added": set([]) }
06/14/2020 05:18:21 PM [INFO] -- { "iteration": 44 }
06/14/2020 05:18:21 PM [INFO] -- { "random configuration": Point2D((0.0914268491706, 0.750738248393)) }
06/14/2020 05:18:21 PM [INFO] -- { "nearest state": Point2D((0.126929177634, 0.874045897587)) }
06/14/2020 05:18:21 PM [INFO] -- { "new configuration": Point2D((0.0914268491706, 0.750738248393)) }
06/14/2020 05:18:21 PM [INFO] -- { "far": (Point2D((0.0914268491706, 0.750738248393)), 0.042000, 0.169000) }
06/14/2020 05:18:21 PM [INFO] -- { "forward state added": Point2D((0.0914268491706, 0.750738248393)) }
06/14/2020 05:18:21 PM [INFO] -- { "forward edges added": set([(Point2D((0.170302716275, 0.632459971006)), Point2D((0.0914268491706, 0.750738248393)), 0.14216593583936396), (Point2D((0.126929177634, 0.874045897587)), Point2D((0.0914268491706, 0.750738248393)), 0.12831676303628828), (Point2D((0.191780791782, 0.871880103041)), Point2D((0.0914268491706, 0.750738248393)), 0.1573094490020647)]) }
06/14/2020 05:18:21 PM [INFO] -- { ("near", Point2D((0.0914268491706, 0.750738248393))): 0.169000 }
06/14/2020 05:18:21 PM [INFO] -- { "backward edges added": set([(Point2D((0.0914268491706, 0.750738248393)), Point2D((0.170302716275, 0.632459971006)), 0.14216593583936396), (Point2D((0.0914268491706, 0.750738248393)), Point2D((0.191780791782, 0.871880103041)), 0.1573094490020647), (Point2D((0.0914268491706, 0.750738248393)), Point2D((0.126929177634, 0.874045897587)), 0.12831676303628828)]) }
06/14/2020 05:18:21 PM [INFO] -- { "iteration": 45 }
06/14/2020 05:18:21 PM [INFO] -- { "random configuration": Point2D((0.758571283, 0.305819837638)) }
06/14/2020 05:18:21 PM [INFO] -- { "nearest state": Point2D((0.691819022539, 0.308675236711)) }
06/14/2020 05:18:21 PM [INFO] -- { "new configuration": Point2D((0.758571283, 0.305819837638)) }
06/14/2020 05:18:21 PM [INFO] -- { "far": (Point2D((0.758571283, 0.305819837638)), 0.042000, 0.169000) }
06/14/2020 05:18:21 PM [INFO] -- { "forward state added": Point2D((0.758571283, 0.305819837638)) }
06/14/2020 05:18:21 PM [INFO] -- { "forward edges added": set([(Point2D((0.691819022539, 0.308675236711)), Point2D((0.758571283, 0.305819837638)), 0.06681330391840411), (Point2D((0.746943985612, 0.451468487679)), Point2D((0.758571283, 0.305819837638)), 0.14611202313123778)]) }
06/14/2020 05:18:21 PM [INFO] -- { ("near", Point2D((0.758571283, 0.305819837638))): 0.169000 }
06/14/2020 05:18:21 PM [INFO] -- { "backward edges added": set([(Point2D((0.758571283, 0.305819837638)), Point2D((0.691819022539, 0.308675236711)), 0.06681330391840411), (Point2D((0.758571283, 0.305819837638)), Point2D((0.746943985612, 0.451468487679)), 0.14611202313123778)]) }
06/14/2020 05:18:21 PM [INFO] -- { "iteration": 46 }
06/14/2020 05:18:21 PM [INFO] -- { "random configuration": Point2D((0.58336484576, 0.215847169449)) }
06/14/2020 05:18:21 PM [INFO] -- { "nearest state": Point2D((0.449236026481, 0.222846851004)) }
06/14/2020 05:18:21 PM [INFO] -- { "new configuration": Point2D((0.58336484576, 0.215847169449)) }
06/14/2020 05:18:21 PM [INFO] -- { "far": (Point2D((0.58336484576, 0.215847169449)), 0.042000, 0.169000) }
06/14/2020 05:18:21 PM [INFO] -- { "forward state added": Point2D((0.58336484576, 0.215847169449)) }
06/14/2020 05:18:21 PM [INFO] -- { "forward edges added": set([(Point2D((0.449236026481, 0.222846851004)), Point2D((0.58336484576, 0.215847169449)), 0.13431133869836304), (Point2D((0.709699659914, 0.14162948607)), Point2D((0.58336484576, 0.215847169449)), 0.14652218191617386), (Point2D((0.691819022539, 0.308675236711)), Point2D((0.58336484576, 0.215847169449)), 0.1427562906929916), (Point2D((0.532973662318, 0.363375799197)), Point2D((0.58336484576, 0.215847169449)), 0.155897299412562)]) }
06/14/2020 05:18:21 PM [INFO] -- { ("near", Point2D((0.58336484576, 0.215847169449))): 0.169000 }
06/14/2020 05:18:21 PM [INFO] -- { "backward edges added": set([(Point2D((0.58336484576, 0.215847169449)), Point2D((0.449236026481, 0.222846851004)), 0.13431133869836304), (Point2D((0.58336484576, 0.215847169449)), Point2D((0.532973662318, 0.363375799197)), 0.155897299412562), (Point2D((0.58336484576, 0.215847169449)), Point2D((0.709699659914, 0.14162948607)), 0.14652218191617386), (Point2D((0.58336484576, 0.215847169449)), Point2D((0.691819022539, 0.308675236711)), 0.1427562906929916)]) }
06/14/2020 05:18:21 PM [INFO] -- { "iteration": 47 }
06/14/2020 05:18:21 PM [INFO] -- { "random configuration": Point2D((0.828838633091, 0.364665667903)) }
06/14/2020 05:18:21 PM [INFO] -- { "nearest state": Point2D((0.758571283, 0.305819837638)) }
06/14/2020 05:18:21 PM [INFO] -- { "new configuration": Point2D((0.828838633091, 0.364665667903)) }
06/14/2020 05:18:21 PM [INFO] -- { "far": (Point2D((0.828838633091, 0.364665667903)), 0.042000, 0.169000) }
06/14/2020 05:18:21 PM [INFO] -- { "forward state added": Point2D((0.828838633091, 0.364665667903)) }
06/14/2020 05:18:21 PM [INFO] -- { "forward edges added": set([(Point2D((0.691819022539, 0.308675236711)), Point2D((0.828838633091, 0.364665667903)), 0.14801791128432842), (Point2D((0.758571283, 0.305819837638)), Point2D((0.828838633091, 0.364665667903)), 0.09165332633635252), (Point2D((0.746943985612, 0.451468487679)), Point2D((0.828838633091, 0.364665667903)), 0.11933760013806571)]) }
06/14/2020 05:18:21 PM [INFO] -- { ("near", Point2D((0.828838633091, 0.364665667903))): 0.169000 }
06/14/2020 05:18:21 PM [INFO] -- { "backward edges added": set([(Point2D((0.828838633091, 0.364665667903)), Point2D((0.758571283, 0.305819837638)), 0.09165332633635252), (Point2D((0.828838633091, 0.364665667903)), Point2D((0.746943985612, 0.451468487679)), 0.11933760013806571), (Point2D((0.828838633091, 0.364665667903)), Point2D((0.691819022539, 0.308675236711)), 0.14801791128432842)]) }
06/14/2020 05:18:21 PM [INFO] -- { "iteration": 48 }
06/14/2020 05:18:21 PM [INFO] -- { "random configuration": Point2D((0.856450969807, 0.270916879654)) }
06/14/2020 05:18:21 PM [INFO] -- { "nearest state": Point2D((0.828838633091, 0.364665667903)) }
06/14/2020 05:18:21 PM [INFO] -- { "new configuration": Point2D((0.856450969807, 0.270916879654)) }
06/14/2020 05:18:21 PM [INFO] -- { "far": (Point2D((0.856450969807, 0.270916879654)), 0.042000, 0.169000) }
06/14/2020 05:18:21 PM [INFO] -- { "forward state added": Point2D((0.856450969807, 0.270916879654)) }
06/14/2020 05:18:21 PM [INFO] -- { "forward edges added": set([(Point2D((0.828838633091, 0.364665667903)), Point2D((0.856450969807, 0.270916879654)), 0.09773063203095463), (Point2D((0.758571283, 0.305819837638)), Point2D((0.856450969807, 0.270916879654)), 0.10391655096983397), (Point2D((0.691819022539, 0.308675236711)), Point2D((0.856450969807, 0.270916879654)), 0.16890639889846001)]) }
06/14/2020 05:18:21 PM [INFO] -- { ("near", Point2D((0.856450969807, 0.270916879654))): 0.169000 }
06/14/2020 05:18:21 PM [INFO] -- { "backward edges added": set([(Point2D((0.856450969807, 0.270916879654)), Point2D((0.828838633091, 0.364665667903)), 0.09773063203095463), (Point2D((0.856450969807, 0.270916879654)), Point2D((0.758571283, 0.305819837638)), 0.10391655096983397)]) }
06/14/2020 05:18:21 PM [INFO] -- { "iteration": 49 }
06/14/2020 05:18:21 PM [INFO] -- { "random configuration": Point2D((0.419766960456, 0.787885050855)) }
06/14/2020 05:18:21 PM [INFO] -- { "nearest state": Point2D((0.433569187645, 0.713087015042)) }
06/14/2020 05:18:21 PM [INFO] -- { "new configuration": Point2D((0.419766960456, 0.787885050855)) }
06/14/2020 05:18:21 PM [INFO] -- { "far": (Point2D((0.419766960456, 0.787885050855)), 0.042000, 0.169000) }
06/14/2020 05:18:21 PM [INFO] -- { "forward state added": Point2D((0.419766960456, 0.787885050855)) }
06/14/2020 05:18:21 PM [INFO] -- { "forward edges added": set([(Point2D((0.359592233814, 0.863922721364)), Point2D((0.419766960456, 0.787885050855)), 0.09696764956922463), (Point2D((0.433569187645, 0.713087015042)), Point2D((0.419766960456, 0.787885050855)), 0.07606081538390938)]) }
06/14/2020 05:18:21 PM [INFO] -- { ("near", Point2D((0.419766960456, 0.787885050855))): 0.169000 }
06/14/2020 05:18:21 PM [INFO] -- { "backward edges added": set([(Point2D((0.419766960456, 0.787885050855)), Point2D((0.359592233814, 0.863922721364)), 0.09696764956922463), (Point2D((0.419766960456, 0.787885050855)), Point2D((0.433569187645, 0.713087015042)), 0.07606081538390938)]) }
06/14/2020 05:18:21 PM [INFO] -- { "iteration": 50 }
06/14/2020 05:18:21 PM [INFO] -- { "random configuration": Point2D((0.956195152383, 0.319629111021)) }
06/14/2020 05:18:21 PM [INFO] -- { "nearest state": Point2D((0.856450969807, 0.270916879654)) }
06/14/2020 05:18:21 PM [INFO] -- { "new configuration": Point2D((0.956195152383, 0.319629111021)) }
06/14/2020 05:18:21 PM [INFO] -- { "far": (Point2D((0.956195152383, 0.319629111021)), 0.042000, 0.169000) }
06/14/2020 05:18:21 PM [INFO] -- { "forward state added": Point2D((0.956195152383, 0.319629111021)) }
06/14/2020 05:18:21 PM [INFO] -- { "forward edges added": set([(Point2D((0.856450969807, 0.270916879654)), Point2D((0.956195152383, 0.319629111021)), 0.11100352896482937), (Point2D((0.828838633091, 0.364665667903)), Point2D((0.956195152383, 0.319629111021)), 0.13508506380060215)]) }
06/14/2020 05:18:21 PM [INFO] -- { ("near", Point2D((0.956195152383, 0.319629111021))): 0.169000 }
06/14/2020 05:18:21 PM [INFO] -- { "backward edges added": set([(Point2D((0.956195152383, 0.319629111021)), Point2D((0.856450969807, 0.270916879654)), 0.11100352896482937), (Point2D((0.956195152383, 0.319629111021)), Point2D((0.828838633091, 0.364665667903)), 0.13508506380060215)]) }
06/14/2020 05:18:21 PM [INFO] -- { "iteration": 51 }
06/14/2020 05:18:21 PM [INFO] -- { "random configuration": Point2D((0.126713347454, 0.476864813104)) }
06/14/2020 05:18:21 PM [INFO] -- { "nearest state": Point2D((0.200540422951, 0.413246207763)) }
06/14/2020 05:18:21 PM [INFO] -- { "new configuration": Point2D((0.126713347454, 0.476864813104)) }
06/14/2020 05:18:21 PM [INFO] -- { "far": (Point2D((0.126713347454, 0.476864813104)), 0.042000, 0.169000) }
06/14/2020 05:18:21 PM [INFO] -- { "forward state added": Point2D((0.126713347454, 0.476864813104)) }
06/14/2020 05:18:21 PM [INFO] -- { "forward edges added": set([(Point2D((0.171570763777, 0.377293379224)), Point2D((0.126713347454, 0.476864813104)), 0.1092092406530615), (Point2D((0.200540422951, 0.413246207763)), Point2D((0.126713347454, 0.476864813104)), 0.09745647244750824), (Point2D((0.170302716275, 0.632459971006)), Point2D((0.126713347454, 0.476864813104)), 0.1615855384520735)]) }
06/14/2020 05:18:21 PM [INFO] -- { ("near", Point2D((0.126713347454, 0.476864813104))): 0.169000 }
06/14/2020 05:18:21 PM [INFO] -- { "backward edges added": set([(Point2D((0.126713347454, 0.476864813104)), Point2D((0.171570763777, 0.377293379224)), 0.1092092406530615), (Point2D((0.126713347454, 0.476864813104)), Point2D((0.200540422951, 0.413246207763)), 0.09745647244750824), (Point2D((0.126713347454, 0.476864813104)), Point2D((0.170302716275, 0.632459971006)), 0.1615855384520735)]) }
06/14/2020 05:18:21 PM [INFO] -- { "iteration": 52 }
06/14/2020 05:18:21 PM [INFO] -- { "random configuration": Point2D((0.469920830717, 0.914513508379)) }
06/14/2020 05:18:21 PM [INFO] -- { "nearest state": Point2D((0.580068258855, 0.879752133926)) }
06/14/2020 05:18:21 PM [INFO] -- { "new configuration": Point2D((0.469920830717, 0.914513508379)) }
06/14/2020 05:18:21 PM [INFO] -- { "far": (Point2D((0.469920830717, 0.914513508379)), 0.042000, 0.169000) }
06/14/2020 05:18:21 PM [INFO] -- { "forward state added": Point2D((0.469920830717, 0.914513508379)) }
06/14/2020 05:18:21 PM [INFO] -- { "forward edges added": set([(Point2D((0.580068258855, 0.879752133926)), Point2D((0.469920830717, 0.914513508379)), 0.11550242023141329), (Point2D((0.419766960456, 0.787885050855)), Point2D((0.469920830717, 0.914513508379)), 0.1361990343476717), (Point2D((0.359592233814, 0.863922721364)), Point2D((0.469920830717, 0.914513508379)), 0.12137473800325099)]) }
06/14/2020 05:18:21 PM [INFO] -- { ("near", Point2D((0.469920830717, 0.914513508379))): 0.169000 }
06/14/2020 05:18:21 PM [INFO] -- { "backward edges added": set([(Point2D((0.469920830717, 0.914513508379)), Point2D((0.580068258855, 0.879752133926)), 0.11550242023141329), (Point2D((0.469920830717, 0.914513508379)), Point2D((0.359592233814, 0.863922721364)), 0.12137473800325099), (Point2D((0.469920830717, 0.914513508379)), Point2D((0.419766960456, 0.787885050855)), 0.1361990343476717)]) }
06/14/2020 05:18:21 PM [INFO] -- { "iteration": 53 }
06/14/2020 05:18:21 PM [INFO] -- { "random configuration": Point2D((0.28788323894, 0.956012916526)) }
06/14/2020 05:18:21 PM [INFO] -- { "nearest state": Point2D((0.229901351577, 0.898006655781)) }
06/14/2020 05:18:21 PM [INFO] -- { "new configuration": Point2D((0.28788323894, 0.956012916526)) }
06/14/2020 05:18:21 PM [INFO] -- { "far": (Point2D((0.28788323894, 0.956012916526)), 0.042000, 0.169000) }
06/14/2020 05:18:21 PM [INFO] -- { "forward state added": Point2D((0.28788323894, 0.956012916526)) }
06/14/2020 05:18:21 PM [INFO] -- { "forward edges added": set([(Point2D((0.191780791782, 0.871880103041)), Point2D((0.28788323894, 0.956012916526)), 0.12772631152052985), (Point2D((0.359592233814, 0.863922721364)), Point2D((0.28788323894, 0.956012916526)), 0.11671668257284455), (Point2D((0.229901351577, 0.898006655781)), Point2D((0.28788323894, 0.956012916526)), 0.08201600787538428)]) }
06/14/2020 05:18:21 PM [INFO] -- { ("near", Point2D((0.28788323894, 0.956012916526))): 0.169000 }
06/14/2020 05:18:21 PM [INFO] -- { "backward edges added": set([(Point2D((0.28788323894, 0.956012916526)), Point2D((0.359592233814, 0.863922721364)), 0.11671668257284455), (Point2D((0.28788323894, 0.956012916526)), Point2D((0.191780791782, 0.871880103041)), 0.12772631152052985), (Point2D((0.28788323894, 0.956012916526)), Point2D((0.229901351577, 0.898006655781)), 0.08201600787538428)]) }
06/14/2020 05:18:21 PM [INFO] -- { "iteration": 54 }
06/14/2020 05:18:21 PM [INFO] -- { "random configuration": Point2D((0.485853421733, 0.20748638149)) }
06/14/2020 05:18:21 PM [INFO] -- { "nearest state": Point2D((0.449236026481, 0.222846851004)) }
06/14/2020 05:18:21 PM [INFO] -- { "new configuration": Point2D((0.485853421733, 0.20748638149)) }
06/14/2020 05:18:21 PM [INFO] -- { "far": (Point2D((0.485853421733, 0.20748638149)), 0.042000, 0.169000) }
06/14/2020 05:18:21 PM [INFO] -- { "forward state added": None }
06/14/2020 05:18:21 PM [INFO] -- { "forward edges added": set([]) }
06/14/2020 05:18:21 PM [INFO] -- { "backward edges added": set([]) }
06/14/2020 05:18:21 PM [INFO] -- { "iteration": 55 }
06/14/2020 05:18:21 PM [INFO] -- { "random configuration": Point2D((0.620860925013, 0.978032045699)) }
06/14/2020 05:18:21 PM [INFO] -- { "nearest state": Point2D((0.580068258855, 0.879752133926)) }
06/14/2020 05:18:21 PM [INFO] -- { "new configuration": Point2D((0.620860925013, 0.978032045699)) }
06/14/2020 05:18:21 PM [INFO] -- { "far": (Point2D((0.620860925013, 0.978032045699)), 0.042000, 0.169000) }
06/14/2020 05:18:21 PM [INFO] -- { "forward state added": Point2D((0.620860925013, 0.978032045699)) }
06/14/2020 05:18:21 PM [INFO] -- { "forward edges added": set([(Point2D((0.580068258855, 0.879752133926)), Point2D((0.620860925013, 0.978032045699)), 0.10640950460615332), (Point2D((0.469920830717, 0.914513508379)), Point2D((0.620860925013, 0.978032045699)), 0.16376054668174553)]) }
06/14/2020 05:18:21 PM [INFO] -- { ("near", Point2D((0.620860925013, 0.978032045699))): 0.169000 }
06/14/2020 05:18:21 PM [INFO] -- { "backward edges added": set([(Point2D((0.620860925013, 0.978032045699)), Point2D((0.580068258855, 0.879752133926)), 0.10640950460615332), (Point2D((0.620860925013, 0.978032045699)), Point2D((0.469920830717, 0.914513508379)), 0.16376054668174553)]) }
06/14/2020 05:18:21 PM [INFO] -- { "iteration": 56 }
06/14/2020 05:18:21 PM [INFO] -- { "random configuration": Point2D((0.68275964032, 0.111697285705)) }
06/14/2020 05:18:21 PM [INFO] -- { "nearest state": Point2D((0.709699659914, 0.14162948607)) }
06/14/2020 05:18:21 PM [INFO] -- { "new configuration": Point2D((0.68275964032, 0.111697285705)) }
06/14/2020 05:18:21 PM [INFO] -- { "far": (Point2D((0.68275964032, 0.111697285705)), 0.042000, 0.169000) }
06/14/2020 05:18:21 PM [INFO] -- { "forward state added": None }
06/14/2020 05:18:21 PM [INFO] -- { "forward edges added": set([]) }
06/14/2020 05:18:21 PM [INFO] -- { "backward edges added": set([]) }
06/14/2020 05:18:21 PM [INFO] -- { "iteration": 57 }
06/14/2020 05:18:21 PM [INFO] -- { "random configuration": Point2D((0.250417756694, 0.551599937242)) }
06/14/2020 05:18:21 PM [INFO] -- { "nearest state": Point2D((0.298549315081, 0.523938959701)) }
06/14/2020 05:18:21 PM [INFO] -- { "new configuration": Point2D((0.250417756694, 0.551599937242)) }
06/14/2020 05:18:21 PM [INFO] -- { "far": (Point2D((0.250417756694, 0.551599937242)), 0.042000, 0.169000) }
06/14/2020 05:18:21 PM [INFO] -- { "forward state added": Point2D((0.250417756694, 0.551599937242)) }
06/14/2020 05:18:21 PM [INFO] -- { "forward edges added": set([(Point2D((0.387503493087, 0.621171151155)), Point2D((0.250417756694, 0.551599937242)), 0.1537291544492233), (Point2D((0.298549315081, 0.523938959701)), Point2D((0.250417756694, 0.551599937242)), 0.05551375137103563), (Point2D((0.126713347454, 0.476864813104)), Point2D((0.250417756694, 0.551599937242)), 0.1445272280413465), (Point2D((0.170302716275, 0.632459971006)), Point2D((0.250417756694, 0.551599937242)), 0.11382778554325872), (Point2D((0.200540422951, 0.413246207763)), Point2D((0.250417756694, 0.551599937242)), 0.14706972115992756), (Point2D((0.349510788457, 0.567628479624)), Point2D((0.250417756694, 0.551599937242)), 0.10038098980804079), (Point2D((0.382464838822, 0.446367859717)), Point2D((0.250417756694, 0.551599937242)), 0.16884970251347856)]) }
06/14/2020 05:18:21 PM [INFO] -- { ("near", Point2D((0.250417756694, 0.551599937242))): 0.169000 }
06/14/2020 05:18:21 PM [INFO] -- { "backward edges added": set([(Point2D((0.250417756694, 0.551599937242)), Point2D((0.298549315081, 0.523938959701)), 0.05551375137103563), (Point2D((0.250417756694, 0.551599937242)), Point2D((0.170302716275, 0.632459971006)), 0.11382778554325872), (Point2D((0.250417756694, 0.551599937242)), Point2D((0.200540422951, 0.413246207763)), 0.14706972115992756), (Point2D((0.250417756694, 0.551599937242)), Point2D((0.126713347454, 0.476864813104)), 0.1445272280413465), (Point2D((0.250417756694, 0.551599937242)), Point2D((0.349510788457, 0.567628479624)), 0.10038098980804079), (Point2D((0.250417756694, 0.551599937242)), Point2D((0.387503493087, 0.621171151155)), 0.1537291544492233)]) }
06/14/2020 05:18:21 PM [INFO] -- { "iteration": 58 }
06/14/2020 05:18:21 PM [INFO] -- { "random configuration": Point2D((0.690333068268, 0.235009818429)) }
06/14/2020 05:18:21 PM [INFO] -- { "nearest state": Point2D((0.691819022539, 0.308675236711)) }
06/14/2020 05:18:21 PM [INFO] -- { "new configuration": Point2D((0.690333068268, 0.235009818429)) }
06/14/2020 05:18:21 PM [INFO] -- { "far": (Point2D((0.690333068268, 0.235009818429)), 0.042000, 0.169000) }
06/14/2020 05:18:21 PM [INFO] -- { "forward state added": Point2D((0.690333068268, 0.235009818429)) }
06/14/2020 05:18:21 PM [INFO] -- { "forward edges added": set([(Point2D((0.758571283, 0.305819837638)), Point2D((0.690333068268, 0.235009818429)), 0.09833876534799894), (Point2D((0.709699659914, 0.14162948607)), Point2D((0.690333068268, 0.235009818429)), 0.09536745431910755), (Point2D((0.58336484576, 0.215847169449)), Point2D((0.690333068268, 0.235009818429)), 0.10867109892903563), (Point2D((0.691819022539, 0.308675236711)), Point2D((0.690333068268, 0.235009818429)), 0.0736804038453641)]) }
06/14/2020 05:18:21 PM [INFO] -- { ("near", Point2D((0.690333068268, 0.235009818429))): 0.169000 }
06/14/2020 05:18:21 PM [INFO] -- { "backward edges added": set([(Point2D((0.690333068268, 0.235009818429)), Point2D((0.691819022539, 0.308675236711)), 0.0736804038453641), (Point2D((0.690333068268, 0.235009818429)), Point2D((0.58336484576, 0.215847169449)), 0.10867109892903563), (Point2D((0.690333068268, 0.235009818429)), Point2D((0.758571283, 0.305819837638)), 0.09833876534799894), (Point2D((0.690333068268, 0.235009818429)), Point2D((0.709699659914, 0.14162948607)), 0.09536745431910755)]) }
06/14/2020 05:18:21 PM [INFO] -- { "iteration": 59 }
06/14/2020 05:18:21 PM [INFO] -- { "random configuration": Point2D((0.744680853688, 0.926219101271)) }
06/14/2020 05:18:21 PM [INFO] -- { "nearest state": Point2D((0.839626566743, 0.885397144335)) }
06/14/2020 05:18:21 PM [INFO] -- { "new configuration": Point2D((0.744680853688, 0.926219101271)) }
06/14/2020 05:18:21 PM [INFO] -- { "far": (Point2D((0.744680853688, 0.926219101271)), 0.042000, 0.169000) }
06/14/2020 05:18:21 PM [INFO] -- { "forward state added": Point2D((0.744680853688, 0.926219101271)) }
06/14/2020 05:18:21 PM [INFO] -- { "forward edges added": set([(Point2D((0.701752009678, 0.789404402349)), Point2D((0.744680853688, 0.926219101271)), 0.1433915879306932), (Point2D((0.620860925013, 0.978032045699)), Point2D((0.744680853688, 0.926219101271)), 0.13422352978327462), (Point2D((0.839626566743, 0.885397144335)), Point2D((0.744680853688, 0.926219101271)), 0.10334950699257307)]) }
06/14/2020 05:18:21 PM [INFO] -- { ("near", Point2D((0.744680853688, 0.926219101271))): 0.169000 }
06/14/2020 05:18:21 PM [INFO] -- { "backward edges added": set([(Point2D((0.744680853688, 0.926219101271)), Point2D((0.839626566743, 0.885397144335)), 0.10334950699257307), (Point2D((0.744680853688, 0.926219101271)), Point2D((0.701752009678, 0.789404402349)), 0.1433915879306932), (Point2D((0.744680853688, 0.926219101271)), Point2D((0.620860925013, 0.978032045699)), 0.13422352978327462)]) }
06/14/2020 05:18:21 PM [INFO] -- { "iteration": 60 }
06/14/2020 05:18:21 PM [INFO] -- { "random configuration": Point2D((0.352058188524, 0.531833825871)) }
06/14/2020 05:18:21 PM [INFO] -- { "nearest state": Point2D((0.349510788457, 0.567628479624)) }
06/14/2020 05:18:21 PM [INFO] -- { "new configuration": Point2D((0.352058188524, 0.531833825871)) }
06/14/2020 05:18:21 PM [INFO] -- { "far": (Point2D((0.352058188524, 0.531833825871)), 0.042000, 0.169000) }
06/14/2020 05:18:21 PM [INFO] -- { "forward state added": None }
06/14/2020 05:18:21 PM [INFO] -- { "forward edges added": set([]) }
06/14/2020 05:18:21 PM [INFO] -- { "backward edges added": set([]) }
06/14/2020 05:18:21 PM [INFO] -- { "iteration": 61 }
06/14/2020 05:18:21 PM [INFO] -- { "random configuration": Point2D((0.136001623904, 0.0731703914632)) }
06/14/2020 05:18:21 PM [INFO] -- { "nearest state": Point2D((0.266989288354, 0.135275099282)) }
06/14/2020 05:18:21 PM [INFO] -- { "new configuration": Point2D((0.136001623904, 0.0731703914632)) }
06/14/2020 05:18:21 PM [INFO] -- { "far": (Point2D((0.136001623904, 0.0731703914632)), 0.042000, 0.169000) }
06/14/2020 05:18:21 PM [INFO] -- { "forward state added": Point2D((0.136001623904, 0.0731703914632)) }
06/14/2020 05:18:21 PM [INFO] -- { "forward edges added": set([(Point2D((0.0913107167489, 0.22973663872)), Point2D((0.136001623904, 0.0731703914632)), 0.16281973763177274), (Point2D((0.266989288354, 0.135275099282)), Point2D((0.136001623904, 0.0731703914632)), 0.14496469560277944)]) }
06/14/2020 05:18:21 PM [INFO] -- { ("near", Point2D((0.136001623904, 0.0731703914632))): 0.169000 }
06/14/2020 05:18:21 PM [INFO] -- { "backward edges added": set([(Point2D((0.136001623904, 0.0731703914632)), Point2D((0.0913107167489, 0.22973663872)), 0.16281973763177274), (Point2D((0.136001623904, 0.0731703914632)), Point2D((0.266989288354, 0.135275099282)), 0.14496469560277944)]) }
06/14/2020 05:18:21 PM [INFO] -- { "iteration": 62 }
06/14/2020 05:18:21 PM [INFO] -- { "random configuration": Point2D((0.419952428107, 0.823956851638)) }
06/14/2020 05:18:21 PM [INFO] -- { "nearest state": Point2D((0.419766960456, 0.787885050855)) }
06/14/2020 05:18:21 PM [INFO] -- { "new configuration": Point2D((0.419952428107, 0.823956851638)) }
06/14/2020 05:18:21 PM [INFO] -- { "far": (Point2D((0.419952428107, 0.823956851638)), 0.042000, 0.169000) }
06/14/2020 05:18:21 PM [INFO] -- { "forward state added": None }
06/14/2020 05:18:21 PM [INFO] -- { "forward edges added": set([]) }
06/14/2020 05:18:21 PM [INFO] -- { "backward edges added": set([]) }
06/14/2020 05:18:21 PM [INFO] -- { "iteration": 63 }
06/14/2020 05:18:21 PM [INFO] -- { "random configuration": Point2D((0.886153104826, 0.493720830478)) }
06/14/2020 05:18:21 PM [INFO] -- { "nearest state": Point2D((0.881076694759, 0.542941645403)) }
06/14/2020 05:18:21 PM [INFO] -- { "new configuration": Point2D((0.886153104826, 0.493720830478)) }
06/14/2020 05:18:21 PM [INFO] -- { "far": (Point2D((0.886153104826, 0.493720830478)), 0.042000, 0.169000) }
06/14/2020 05:18:21 PM [INFO] -- { "forward state added": Point2D((0.886153104826, 0.493720830478)) }
06/14/2020 05:18:21 PM [INFO] -- { "forward edges added": set([(Point2D((0.828838633091, 0.364665667903)), Point2D((0.886153104826, 0.493720830478)), 0.1412097151665656), (Point2D((0.881076694759, 0.542941645403)), Point2D((0.886153104826, 0.493720830478)), 0.049481901348315274), (Point2D((0.746943985612, 0.451468487679)), Point2D((0.886153104826, 0.493720830478)), 0.14548003074051513)]) }
06/14/2020 05:18:21 PM [INFO] -- { ("near", Point2D((0.886153104826, 0.493720830478))): 0.169000 }
06/14/2020 05:18:21 PM [INFO] -- { "backward edges added": set([(Point2D((0.886153104826, 0.493720830478)), Point2D((0.828838633091, 0.364665667903)), 0.1412097151665656), (Point2D((0.886153104826, 0.493720830478)), Point2D((0.746943985612, 0.451468487679)), 0.14548003074051513), (Point2D((0.886153104826, 0.493720830478)), Point2D((0.881076694759, 0.542941645403)), 0.049481901348315274)]) }
06/14/2020 05:18:21 PM [INFO] -- { "iteration": 64 }
06/14/2020 05:18:21 PM [INFO] -- { "random configuration": Point2D((0.785141031813, 0.0311900892123)) }
06/14/2020 05:18:21 PM [INFO] -- { "nearest state": Point2D((0.709699659914, 0.14162948607)) }
06/14/2020 05:18:21 PM [INFO] -- { "new configuration": Point2D((0.785141031813, 0.0311900892123)) }
06/14/2020 05:18:21 PM [INFO] -- { "far": (Point2D((0.785141031813, 0.0311900892123)), 0.042000, 0.169000) }
06/14/2020 05:18:21 PM [INFO] -- { "forward state added": Point2D((0.785141031813, 0.0311900892123)) }
06/14/2020 05:18:21 PM [INFO] -- { "forward edges added": set([(Point2D((0.709699659914, 0.14162948607)), Point2D((0.785141031813, 0.0311900892123)), 0.13374700360134534)]) }
06/14/2020 05:18:21 PM [INFO] -- { ("near", Point2D((0.785141031813, 0.0311900892123))): 0.169000 }
06/14/2020 05:18:21 PM [INFO] -- { "backward edges added": set([(Point2D((0.785141031813, 0.0311900892123)), Point2D((0.709699659914, 0.14162948607)), 0.13374700360134534)]) }
06/14/2020 05:18:21 PM [INFO] -- { "iteration": 65 }
06/14/2020 05:18:21 PM [INFO] -- { "random configuration": Point2D((0.621514694963, 0.580543131524)) }
06/14/2020 05:18:21 PM [INFO] -- { "nearest state": Point2D((0.611303036058, 0.663707868429)) }
06/14/2020 05:18:21 PM [INFO] -- { "new configuration": Point2D((0.621514694963, 0.580543131524)) }
06/14/2020 05:18:21 PM [INFO] -- { "far": (Point2D((0.621514694963, 0.580543131524)), 0.042000, 0.169000) }
06/14/2020 05:18:21 PM [INFO] -- { "forward state added": Point2D((0.621514694963, 0.580543131524)) }
06/14/2020 05:18:21 PM [INFO] -- { "forward edges added": set([(Point2D((0.611303036058, 0.663707868429)), Point2D((0.621514694963, 0.580543131524)), 0.08378932773433606), (Point2D((0.600890253206, 0.728175454973)), Point2D((0.621514694963, 0.580543131524)), 0.14906599385814648), (Point2D((0.6881045773, 0.637377206186)), Point2D((0.621514694963, 0.580543131524)), 0.08754612768325969), (Point2D((0.743449700499, 0.639288988132)), Point2D((0.621514694963, 0.580543131524)), 0.13534851770098344)]) }
06/14/2020 05:18:21 PM [INFO] -- { ("near", Point2D((0.621514694963, 0.580543131524))): 0.169000 }
06/14/2020 05:18:21 PM [INFO] -- { "backward edges added": set([(Point2D((0.621514694963, 0.580543131524)), Point2D((0.611303036058, 0.663707868429)), 0.08378932773433606), (Point2D((0.621514694963, 0.580543131524)), Point2D((0.600890253206, 0.728175454973)), 0.14906599385814648), (Point2D((0.621514694963, 0.580543131524)), Point2D((0.743449700499, 0.639288988132)), 0.13534851770098344), (Point2D((0.621514694963, 0.580543131524)), Point2D((0.6881045773, 0.637377206186)), 0.08754612768325969)]) }
06/14/2020 05:18:21 PM [INFO] -- { "iteration": 66 }
06/14/2020 05:18:21 PM [INFO] -- { "random configuration": Point2D((0.905607833016, 0.0852183339816)) }
06/14/2020 05:18:21 PM [INFO] -- { "nearest state": Point2D((0.785141031813, 0.0311900892123)) }
06/14/2020 05:18:21 PM [INFO] -- { "new configuration": Point2D((0.905607833016, 0.0852183339816)) }
06/14/2020 05:18:21 PM [INFO] -- { "far": (Point2D((0.905607833016, 0.0852183339816)), 0.042000, 0.169000) }
06/14/2020 05:18:21 PM [INFO] -- { "forward state added": Point2D((0.905607833016, 0.0852183339816)) }
06/14/2020 05:18:21 PM [INFO] -- { "forward edges added": set([(Point2D((0.785141031813, 0.0311900892123)), Point2D((0.905607833016, 0.0852183339816)), 0.13202765401542976)]) }
06/14/2020 05:18:21 PM [INFO] -- { ("near", Point2D((0.905607833016, 0.0852183339816))): 0.169000 }
06/14/2020 05:18:21 PM [INFO] -- { "backward edges added": set([(Point2D((0.905607833016, 0.0852183339816)), Point2D((0.785141031813, 0.0311900892123)), 0.13202765401542976)]) }
06/14/2020 05:18:21 PM [INFO] -- { "Found solution": True }
06/14/2020 05:18:21 PM [INFO] -- { "Iterations": 66 }
06/14/2020 05:18:21 PM [INFO] -- { "Size of TS": (52, 228) }
06/14/2020 05:18:21 PM [INFO] -- { "Size of PA": (204, 900) }
06/14/2020 05:18:21 PM [INFO] -- { "global policy": ([(Point2D((0.3, 0.3)), 'T0_S1'), (Point2D((0.200540422951, 0.413246207763)), 'T0_S1'), (Point2D((0.126713347454, 0.476864813104)), 'T0_S1'), (Point2D((0.170302716275, 0.632459971006)), 'T0_S1'), (Point2D((0.0914268491706, 0.750738248393)), 'T0_S1'), (Point2D((0.191780791782, 0.871880103041)), 'T0_S2'), (Point2D((0.359592233814, 0.863922721364)), 'T0_S2'), (Point2D((0.469920830717, 0.914513508379)), 'T0_S2'), (Point2D((0.620860925013, 0.978032045699)), 'T0_S2'), (Point2D((0.744680853688, 0.926219101271)), 'T0_S2'), (Point2D((0.839626566743, 0.885397144335)), 'T0_S3'), (Point2D((0.821890315046, 0.737244869206)), 'T0_S3'), (Point2D((0.743449700499, 0.639288988132)), 'T0_S3'), (Point2D((0.881076694759, 0.542941645403)), 'T0_S3'), (Point2D((0.886153104826, 0.493720830478)), 'T0_S3'), (Point2D((0.828838633091, 0.364665667903)), 'T0_S3'), (Point2D((0.758571283, 0.305819837638)), 'T0_S3'), (Point2D((0.690333068268, 0.235009818429)), 'T0_S3'), (Point2D((0.709699659914, 0.14162948607)), 'T0_S3'), (Point2D((0.785141031813, 0.0311900892123)), 'T0_S3'), (Point2D((0.905607833016, 0.0852183339816)), 'T0_S4'), (Point2D((0.785141031813, 0.0311900892123)), 'T0_S4'), (Point2D((0.709699659914, 0.14162948607)), 'T0_S4'), (Point2D((0.58336484576, 0.215847169449)), 'T0_S4'), (Point2D((0.449236026481, 0.222846851004)), 'T0_S4'), (Point2D((0.3, 0.3)), 'T0_S4'), (Point2D((0.266989288354, 0.135275099282)), 'T0_S4'), (Point2D((0.136001623904, 0.0731703914632)), 'accept_init')], [(Point2D((0.136001623904, 0.0731703914632)), 'accept_init'), (Point2D((0.0913107167489, 0.22973663872)), 'T0_S1'), (Point2D((0.171570763777, 0.377293379224)), 'T0_S1'), (Point2D((0.126713347454, 0.476864813104)), 'T0_S1'), (Point2D((0.170302716275, 0.632459971006)), 'T0_S1'), (Point2D((0.0914268491706, 0.750738248393)), 'T0_S1'), (Point2D((0.191780791782, 0.871880103041)), 'T0_S2'), (Point2D((0.359592233814, 0.863922721364)), 'T0_S2'), (Point2D((0.469920830717, 0.914513508379)), 'T0_S2'), (Point2D((0.620860925013, 0.978032045699)), 'T0_S2'), (Point2D((0.744680853688, 0.926219101271)), 'T0_S2'), (Point2D((0.839626566743, 0.885397144335)), 'T0_S3'), (Point2D((0.821890315046, 0.737244869206)), 'T0_S3'), (Point2D((0.743449700499, 0.639288988132)), 'T0_S3'), (Point2D((0.881076694759, 0.542941645403)), 'T0_S3'), (Point2D((0.886153104826, 0.493720830478)), 'T0_S3'), (Point2D((0.828838633091, 0.364665667903)), 'T0_S3'), (Point2D((0.758571283, 0.305819837638)), 'T0_S3'), (Point2D((0.690333068268, 0.235009818429)), 'T0_S3'), (Point2D((0.709699659914, 0.14162948607)), 'T0_S3'), (Point2D((0.785141031813, 0.0311900892123)), 'T0_S3'), (Point2D((0.905607833016, 0.0852183339816)), 'T0_S4'), (Point2D((0.785141031813, 0.0311900892123)), 'T0_S4'), (Point2D((0.709699659914, 0.14162948607)), 'T0_S4'), (Point2D((0.58336484576, 0.215847169449)), 'T0_S4'), (Point2D((0.449236026481, 0.222846851004)), 'T0_S4'), (Point2D((0.3, 0.3)), 'T0_S4'), (Point2D((0.266989288354, 0.135275099282)), 'T0_S4'), (Point2D((0.136001623904, 0.0731703914632)), 'accept_init')]) }
06/14/2020 05:18:21 PM [INFO] -- { "Suffix cost"3.6697000857 }
06/14/2020 05:18:21 PM [INFO] -- { "End global planning": True }
06/14/2020 05:18:21 PM [INFO] -- { Global Planning runtime: 865.833998 ms }
