06/06/2020 11:03:20 PM [INFO] -- { "Workspace": (Workspace(boundary=BoxBoundary2D(ranges=[[0.0, 4.8], [0.0, 3.6]]), regions=set([])), {'color': 'black'}) }
06/06/2020 11:03:20 PM [INFO] -- { "Expanded workspace": (Workspace(boundary=BoxBoundary2D(ranges=[[0.18, 4.62], [0.18, 3.42]]), regions=set([])), {'color': 'black'}) }
06/06/2020 11:03:20 PM [INFO] -- { "Robot name": "vector" }
06/06/2020 11:03:20 PM [INFO] -- { "Robot initial configuration": Point2D((2, 2)) }
06/06/2020 11:03:20 PM [INFO] -- { "Robot step size": 0.999000 }
06/06/2020 11:03:20 PM [INFO] -- { "Robot diameter": 0.360000 }
06/06/2020 11:03:20 PM [INFO] -- { ("Global region", 0): (BoxRegion2D(ranges=[[0.45, 0.75], [0.45, 0.6]], symbols=set(['r1'])), {'edgecolor': 'black', 'facecolor': 'brown'}) }
06/06/2020 11:03:20 PM [INFO] -- { ("Global region", 1): (BallRegion2D(center=[3.9, 1.2], radius=0.3, symbols=set(['r2'])), {'edgecolor': 'black', 'facecolor': 'green'}) }
06/06/2020 11:03:20 PM [INFO] -- { ("Global region", 2): (BoxRegion2D(ranges=[[3.75, 4.05], [2.7, 3.0]], symbols=set(['r3'])), {'edgecolor': 'black', 'facecolor': 'red'}) }
06/06/2020 11:03:20 PM [INFO] -- { ("Global region", 3): (PolygonRegion2D(polygon=[[1.2, 2.85], [0.9, 3.15], [0.6, 2.85], [0.9, 2.55], [1.2, 2.55], [1.2, 2.85]], symbols=set(['r4'])), {'edgecolor': 'black', 'facecolor': 'magenta'}) }
06/06/2020 11:03:20 PM [INFO] -- { ("Global region", 4): (BallRegion2D(center=[2.4, 1.5], radius=0.36, symbols=set(['o1'])), {'edgecolor': 'black', 'facecolor': 'gray'}) }
06/06/2020 11:03:20 PM [INFO] -- { ("Global region", 5): (PolygonRegion2D(polygon=[[0.45, 1.2], [1.05, 1.5], [0.45, 1.8], [0.45, 1.2]], symbols=set(['o2'])), {'edgecolor': 'black', 'facecolor': 'gray'}) }
06/06/2020 11:03:20 PM [INFO] -- { ("Global region", 6): (PolygonRegion2D(polygon=[[2.1, 2.7], [2.4, 3.0], [2.7, 2.7], [2.1, 2.7]], symbols=set(['o3'])), {'edgecolor': 'black', 'facecolor': 'gray'}) }
06/06/2020 11:03:20 PM [INFO] -- { ("Global region", 7): (BoxRegion2D(ranges=[[1.65, 1.95], [0.45, 0.6]], symbols=set(['o4'])), {'edgecolor': 'black', 'facecolor': 'gray'}) }
06/06/2020 11:03:20 PM [INFO] -- { "Global specification": "[] ( (<> r1) && (<> r2) && (<> r3) && (<> r4) && !(o1 || o2 || o3 || o4))" }
06/06/2020 11:03:20 PM [INFO] -- { "Buchi size": (5, 19) }
06/06/2020 11:03:20 PM [INFO] -- { "Start global planning": True }
06/06/2020 11:03:20 PM [DEBUG] -- { global planning started. }
06/06/2020 11:03:20 PM [INFO] -- { "iteration": 1 }
06/06/2020 11:03:20 PM [INFO] -- { "random configuration": Point2D((2.77770838706, 3.18193999509)) }
06/06/2020 11:03:20 PM [INFO] -- { "nearest state": Point2D((2, 2)) }
06/06/2020 11:03:20 PM [INFO] -- { "new configuration": Point2D((2.54912418759, 2.83454396325)) }
06/06/2020 11:03:20 PM [INFO] -- { "far": (Point2D((2.54912418759, 2.83454396325)), 0.300000, 1.000000) }
06/06/2020 11:03:20 PM [INFO] -- { "forward state added": None }
06/06/2020 11:03:20 PM [INFO] -- { "forward edges added": set([]) }
06/06/2020 11:03:20 PM [INFO] -- { "backward edges added": set([]) }
06/06/2020 11:03:20 PM [INFO] -- { "iteration": 2 }
06/06/2020 11:03:20 PM [INFO] -- { "random configuration": Point2D((1.28388793457, 1.38887720785)) }
06/06/2020 11:03:20 PM [INFO] -- { "nearest state": Point2D((2, 2)) }
06/06/2020 11:03:20 PM [INFO] -- { "new configuration": Point2D((1.28388793457, 1.38887720785)) }
06/06/2020 11:03:20 PM [INFO] -- { "far": (Point2D((1.28388793457, 1.38887720785)), 0.300000, 1.000000) }
06/06/2020 11:03:20 PM [INFO] -- { "forward state added": Point2D((1.28388793457, 1.38887720785)) }
06/06/2020 11:03:20 PM [INFO] -- { "forward edges added": set([(Point2D((2, 2)), Point2D((1.28388793457, 1.38887720785)), 0.9414284663914739)]) }
06/06/2020 11:03:20 PM [INFO] -- { ("near", Point2D((1.28388793457, 1.38887720785))): 1.000000 }
06/06/2020 11:03:20 PM [INFO] -- { "backward edges added": set([(Point2D((1.28388793457, 1.38887720785)), Point2D((2, 2)), 0.9414284663914739)]) }
06/06/2020 11:03:20 PM [INFO] -- { "iteration": 3 }
06/06/2020 11:03:20 PM [INFO] -- { "random configuration": Point2D((2.72250270082, 0.817911757657)) }
06/06/2020 11:03:20 PM [INFO] -- { "nearest state": Point2D((2, 2)) }
06/06/2020 11:03:20 PM [INFO] -- { "new configuration": Point2D((2.52098916706, 1.14760848913)) }
06/06/2020 11:03:20 PM [INFO] -- { "far": (Point2D((2.52098916706, 1.14760848913)), 0.300000, 1.000000) }
06/06/2020 11:03:20 PM [INFO] -- { "forward state added": None }
06/06/2020 11:03:20 PM [INFO] -- { "forward edges added": set([]) }
06/06/2020 11:03:20 PM [INFO] -- { "backward edges added": set([]) }
06/06/2020 11:03:20 PM [INFO] -- { "iteration": 4 }
06/06/2020 11:03:20 PM [INFO] -- { "random configuration": Point2D((4.43556791043, 0.952283372789)) }
06/06/2020 11:03:20 PM [INFO] -- { "nearest state": Point2D((2, 2)) }
06/06/2020 11:03:20 PM [INFO] -- { "new configuration": Point2D((2.91769274763, 1.60523295358)) }
06/06/2020 11:03:20 PM [INFO] -- { "far": (Point2D((2.91769274763, 1.60523295358)), 0.300000, 1.000000) }
06/06/2020 11:03:20 PM [INFO] -- { "forward state added": None }
06/06/2020 11:03:20 PM [INFO] -- { "forward edges added": set([]) }
06/06/2020 11:03:20 PM [INFO] -- { "backward edges added": set([]) }
06/06/2020 11:03:20 PM [INFO] -- { "iteration": 5 }
06/06/2020 11:03:20 PM [INFO] -- { "random configuration": Point2D((2.95691628658, 1.07467002277)) }
06/06/2020 11:03:20 PM [INFO] -- { "nearest state": Point2D((2, 2)) }
06/06/2020 11:03:20 PM [INFO] -- { "new configuration": Point2D((2.71815278135, 1.30555231829)) }
06/06/2020 11:03:20 PM [INFO] -- { "far": (Point2D((2.71815278135, 1.30555231829)), 0.300000, 1.000000) }
06/06/2020 11:03:20 PM [INFO] -- { "forward state added": None }
06/06/2020 11:03:20 PM [INFO] -- { "forward edges added": set([]) }
06/06/2020 11:03:20 PM [INFO] -- { "backward edges added": set([]) }
06/06/2020 11:03:20 PM [INFO] -- { "iteration": 6 }
06/06/2020 11:03:20 PM [INFO] -- { "random configuration": Point2D((0.694507904321, 1.392256772)) }
06/06/2020 11:03:20 PM [INFO] -- { "nearest state": Point2D((1.28388793457, 1.38887720785)) }
06/06/2020 11:03:20 PM [INFO] -- { "new configuration": Point2D((0.694507904321, 1.392256772)) }
06/06/2020 11:03:20 PM [INFO] -- { "far": (Point2D((0.694507904321, 1.392256772)), 0.300000, 1.000000) }
06/06/2020 11:03:20 PM [INFO] -- { "forward state added": None }
06/06/2020 11:03:20 PM [INFO] -- { "forward edges added": set([]) }
06/06/2020 11:03:20 PM [INFO] -- { "backward edges added": set([]) }
06/06/2020 11:03:20 PM [INFO] -- { "iteration": 7 }
06/06/2020 11:03:20 PM [INFO] -- { "random configuration": Point2D((0.445630251952, 3.11504472418)) }
06/06/2020 11:03:20 PM [INFO] -- { "nearest state": Point2D((2, 2)) }
06/06/2020 11:03:20 PM [INFO] -- { "new configuration": Point2D((1.1882627573, 2.58230889467)) }
06/06/2020 11:03:20 PM [INFO] -- { "far": (Point2D((1.1882627573, 2.58230889467)), 0.300000, 1.000000) }
06/06/2020 11:03:20 PM [INFO] -- { "forward state added": Point2D((1.1882627573, 2.58230889467)) }
06/06/2020 11:03:20 PM [INFO] -- { "forward edges added": set([(Point2D((2, 2)), Point2D((1.1882627573, 2.58230889467)), 0.9990000000000002)]) }
06/06/2020 11:03:20 PM [INFO] -- { ("near", Point2D((1.1882627573, 2.58230889467))): 1.000000 }
06/06/2020 11:03:20 PM [INFO] -- { "backward edges added": set([(Point2D((1.1882627573, 2.58230889467)), Point2D((2, 2)), 0.9990000000000002)]) }
06/06/2020 11:03:20 PM [INFO] -- { "iteration": 8 }
06/06/2020 11:03:20 PM [INFO] -- { "random configuration": Point2D((2.15812117337, 1.17324986697)) }
06/06/2020 11:03:20 PM [INFO] -- { "nearest state": Point2D((2, 2)) }
06/06/2020 11:03:20 PM [INFO] -- { "new configuration": Point2D((2.15812117337, 1.17324986697)) }
06/06/2020 11:03:20 PM [INFO] -- { "far": (Point2D((2.15812117337, 1.17324986697)), 0.300000, 1.000000) }
06/06/2020 11:03:20 PM [INFO] -- { "forward state added": None }
06/06/2020 11:03:20 PM [INFO] -- { "forward edges added": set([]) }
06/06/2020 11:03:20 PM [INFO] -- { "backward edges added": set([]) }
06/06/2020 11:03:20 PM [INFO] -- { "iteration": 9 }
06/06/2020 11:03:20 PM [INFO] -- { "random configuration": Point2D((1.50252775168, 1.94783144557)) }
06/06/2020 11:03:20 PM [INFO] -- { "nearest state": Point2D((2, 2)) }
06/06/2020 11:03:20 PM [INFO] -- { "new configuration": Point2D((1.50252775168, 1.94783144557)) }
06/06/2020 11:03:20 PM [INFO] -- { "far": (Point2D((1.50252775168, 1.94783144557)), 0.300000, 1.000000) }
06/06/2020 11:03:20 PM [INFO] -- { "forward state added": Point2D((1.50252775168, 1.94783144557)) }
06/06/2020 11:03:20 PM [INFO] -- { "forward edges added": set([(Point2D((2, 2)), Point2D((1.50252775168, 1.94783144557)), 0.5002001558579808), (Point2D((1.1882627573, 2.58230889467)), Point2D((1.50252775168, 1.94783144557)), 0.7080424564338917), (Point2D((1.28388793457, 1.38887720785)), Point2D((1.50252775168, 1.94783144557)), 0.6001943097722398)]) }
06/06/2020 11:03:20 PM [INFO] -- { ("near", Point2D((1.50252775168, 1.94783144557))): 1.000000 }
06/06/2020 11:03:20 PM [INFO] -- { "backward edges added": set([(Point2D((1.50252775168, 1.94783144557)), Point2D((1.28388793457, 1.38887720785)), 0.6001943097722398), (Point2D((1.50252775168, 1.94783144557)), Point2D((1.1882627573, 2.58230889467)), 0.7080424564338917), (Point2D((1.50252775168, 1.94783144557)), Point2D((2, 2)), 0.5002001558579808)]) }
06/06/2020 11:03:20 PM [INFO] -- { "iteration": 10 }
06/06/2020 11:03:20 PM [INFO] -- { "random configuration": Point2D((2.42818874035, 2.49051395914)) }
06/06/2020 11:03:20 PM [INFO] -- { "nearest state": Point2D((2, 2)) }
06/06/2020 11:03:20 PM [INFO] -- { "new configuration": Point2D((2.42818874035, 2.49051395914)) }
06/06/2020 11:03:20 PM [INFO] -- { "far": (Point2D((2.42818874035, 2.49051395914)), 0.300000, 1.000000) }
06/06/2020 11:03:20 PM [INFO] -- { "forward state added": Point2D((2.42818874035, 2.49051395914)) }
06/06/2020 11:03:20 PM [INFO] -- { "forward edges added": set([(Point2D((2, 2)), Point2D((2.42818874035, 2.49051395914)), 0.6511140771571595)]) }
06/06/2020 11:03:20 PM [INFO] -- { ("near", Point2D((2.42818874035, 2.49051395914))): 1.000000 }
06/06/2020 11:03:20 PM [INFO] -- { "backward edges added": set([(Point2D((2.42818874035, 2.49051395914)), Point2D((2, 2)), 0.6511140771571595)]) }
06/06/2020 11:03:20 PM [INFO] -- { "iteration": 11 }
06/06/2020 11:03:20 PM [INFO] -- { "random configuration": Point2D((3.39483755422, 2.93516188238)) }
06/06/2020 11:03:20 PM [INFO] -- { "nearest state": Point2D((2.42818874035, 2.49051395914)) }
06/06/2020 11:03:20 PM [INFO] -- { "new configuration": Point2D((3.33577445653, 2.9079935009)) }
06/06/2020 11:03:20 PM [INFO] -- { "far": (Point2D((3.33577445653, 2.9079935009)), 0.300000, 1.000000) }
06/06/2020 11:03:20 PM [INFO] -- { "forward state added": None }
06/06/2020 11:03:20 PM [INFO] -- { "forward edges added": set([]) }
06/06/2020 11:03:20 PM [INFO] -- { "backward edges added": set([]) }
06/06/2020 11:03:20 PM [INFO] -- { "iteration": 12 }
06/06/2020 11:03:20 PM [INFO] -- { "random configuration": Point2D((4.32816669553, 2.08775740654)) }
06/06/2020 11:03:20 PM [INFO] -- { "nearest state": Point2D((2.42818874035, 2.49051395914)) }
06/06/2020 11:03:20 PM [INFO] -- { "new configuration": Point2D((3.40547271638, 2.2833497002)) }
06/06/2020 11:03:20 PM [INFO] -- { "far": (Point2D((3.40547271638, 2.2833497002)), 0.300000, 1.000000) }
06/06/2020 11:03:20 PM [INFO] -- { "forward state added": Point2D((3.40547271638, 2.2833497002)) }
06/06/2020 11:03:20 PM [INFO] -- { "forward edges added": set([(Point2D((2.42818874035, 2.49051395914)), Point2D((3.40547271638, 2.2833497002)), 0.999)]) }
06/06/2020 11:03:20 PM [INFO] -- { ("near", Point2D((3.40547271638, 2.2833497002))): 1.000000 }
06/06/2020 11:03:20 PM [INFO] -- { "backward edges added": set([(Point2D((3.40547271638, 2.2833497002)), Point2D((2.42818874035, 2.49051395914)), 0.999)]) }
06/06/2020 11:03:20 PM [INFO] -- { "iteration": 13 }
06/06/2020 11:03:20 PM [INFO] -- { "random configuration": Point2D((1.0741785519, 2.8871972613)) }
06/06/2020 11:03:20 PM [INFO] -- { "nearest state": Point2D((1.1882627573, 2.58230889467)) }
06/06/2020 11:03:20 PM [INFO] -- { "new configuration": Point2D((1.0741785519, 2.8871972613)) }
06/06/2020 11:03:20 PM [INFO] -- { "far": (Point2D((1.0741785519, 2.8871972613)), 0.300000, 1.000000) }
06/06/2020 11:03:20 PM [INFO] -- { "forward state added": Point2D((1.0741785519, 2.8871972613)) }
06/06/2020 11:03:20 PM [INFO] -- { "forward edges added": set([(Point2D((1.1882627573, 2.58230889467)), Point2D((1.0741785519, 2.8871972613)), 0.3255335958516146)]) }
06/06/2020 11:03:20 PM [INFO] -- { ("near", Point2D((1.0741785519, 2.8871972613))): 1.000000 }
06/06/2020 11:03:20 PM [INFO] -- { "backward edges added": set([(Point2D((1.0741785519, 2.8871972613)), Point2D((1.1882627573, 2.58230889467)), 0.3255335958516146)]) }
06/06/2020 11:03:20 PM [INFO] -- { "iteration": 14 }
06/06/2020 11:03:20 PM [INFO] -- { "random configuration": Point2D((1.98668906869, 2.55736911352)) }
06/06/2020 11:03:20 PM [INFO] -- { "nearest state": Point2D((2.42818874035, 2.49051395914)) }
06/06/2020 11:03:20 PM [INFO] -- { "new configuration": Point2D((1.98668906869, 2.55736911352)) }
06/06/2020 11:03:20 PM [INFO] -- { "far": (Point2D((1.98668906869, 2.55736911352)), 0.300000, 1.000000) }
06/06/2020 11:03:20 PM [INFO] -- { "forward state added": Point2D((1.98668906869, 2.55736911352)) }
06/06/2020 11:03:20 PM [INFO] -- { "forward edges added": set([(Point2D((1.1882627573, 2.58230889467)), Point2D((1.98668906869, 2.55736911352)), 0.7988157280614824), (Point2D((2, 2)), Point2D((1.98668906869, 2.55736911352)), 0.5575280348113736), (Point2D((1.50252775168, 1.94783144557)), Point2D((1.98668906869, 2.55736911352)), 0.7784268427668934), (Point2D((1.0741785519, 2.8871972613)), Point2D((1.98668906869, 2.55736911352)), 0.9702896734017863)]) }
06/06/2020 11:03:20 PM [INFO] -- { ("near", Point2D((1.98668906869, 2.55736911352))): 1.000000 }
06/06/2020 11:03:20 PM [INFO] -- { "backward edges added": set([(Point2D((1.98668906869, 2.55736911352)), Point2D((1.1882627573, 2.58230889467)), 0.7988157280614824), (Point2D((1.98668906869, 2.55736911352)), Point2D((2, 2)), 0.5575280348113736), (Point2D((1.98668906869, 2.55736911352)), Point2D((1.50252775168, 1.94783144557)), 0.7784268427668934), (Point2D((1.98668906869, 2.55736911352)), Point2D((1.0741785519, 2.8871972613)), 0.9702896734017863)]) }
06/06/2020 11:03:20 PM [INFO] -- { "iteration": 15 }
06/06/2020 11:03:20 PM [INFO] -- { "random configuration": Point2D((2.85160473289, 1.12573014646)) }
06/06/2020 11:03:20 PM [INFO] -- { "nearest state": Point2D((2, 2)) }
06/06/2020 11:03:20 PM [INFO] -- { "new configuration": Point2D((2.69706274454, 1.28438520825)) }
06/06/2020 11:03:20 PM [INFO] -- { "far": (Point2D((2.69706274454, 1.28438520825)), 0.300000, 1.000000) }
06/06/2020 11:03:20 PM [INFO] -- { "forward state added": None }
06/06/2020 11:03:20 PM [INFO] -- { "forward edges added": set([]) }
06/06/2020 11:03:20 PM [INFO] -- { "backward edges added": set([]) }
06/06/2020 11:03:20 PM [INFO] -- { "iteration": 16 }
06/06/2020 11:03:20 PM [INFO] -- { "random configuration": Point2D((4.55487651085, 1.25923431058)) }
06/06/2020 11:03:20 PM [INFO] -- { "nearest state": Point2D((3.40547271638, 2.2833497002)) }
06/06/2020 11:03:20 PM [INFO] -- { "new configuration": Point2D((4.15135331319, 1.61877228912)) }
06/06/2020 11:03:20 PM [INFO] -- { "far": (Point2D((4.15135331319, 1.61877228912)), 0.300000, 1.000000) }
06/06/2020 11:03:20 PM [INFO] -- { "forward state added": Point2D((4.15135331319, 1.61877228912)) }
06/06/2020 11:03:20 PM [INFO] -- { "forward edges added": set([(Point2D((3.40547271638, 2.2833497002)), Point2D((4.15135331319, 1.61877228912)), 0.9989999999999998)]) }
06/06/2020 11:03:20 PM [INFO] -- { ("near", Point2D((4.15135331319, 1.61877228912))): 1.000000 }
06/06/2020 11:03:20 PM [INFO] -- { "backward edges added": set([(Point2D((4.15135331319, 1.61877228912)), Point2D((3.40547271638, 2.2833497002)), 0.9989999999999998)]) }
06/06/2020 11:03:20 PM [INFO] -- { "iteration": 17 }
06/06/2020 11:03:20 PM [INFO] -- { "random configuration": Point2D((0.781522625558, 2.48640565868)) }
06/06/2020 11:03:20 PM [INFO] -- { "nearest state": Point2D((1.1882627573, 2.58230889467)) }
06/06/2020 11:03:20 PM [INFO] -- { "new configuration": Point2D((0.781522625558, 2.48640565868)) }
06/06/2020 11:03:20 PM [INFO] -- { "far": (Point2D((0.781522625558, 2.48640565868)), 0.300000, 1.000000) }
06/06/2020 11:03:20 PM [INFO] -- { "forward state added": Point2D((0.781522625558, 2.48640565868)) }
06/06/2020 11:03:20 PM [INFO] -- { "forward edges added": set([(Point2D((1.50252775168, 1.94783144557)), Point2D((0.781522625558, 2.48640565868)), 0.8999503180283627), (Point2D((1.0741785519, 2.8871972613)), Point2D((0.781522625558, 2.48640565868)), 0.4962674681658265), (Point2D((1.1882627573, 2.58230889467)), Point2D((0.781522625558, 2.48640565868)), 0.41789348576365604)]) }
06/06/2020 11:03:20 PM [INFO] -- { ("near", Point2D((0.781522625558, 2.48640565868))): 1.000000 }
06/06/2020 11:03:20 PM [INFO] -- { "backward edges added": set([(Point2D((0.781522625558, 2.48640565868)), Point2D((1.50252775168, 1.94783144557)), 0.8999503180283627), (Point2D((0.781522625558, 2.48640565868)), Point2D((1.1882627573, 2.58230889467)), 0.41789348576365604), (Point2D((0.781522625558, 2.48640565868)), Point2D((1.0741785519, 2.8871972613)), 0.4962674681658265)]) }
06/06/2020 11:03:20 PM [INFO] -- { "iteration": 18 }
06/06/2020 11:03:20 PM [INFO] -- { "random configuration": Point2D((1.68717929346, 3.34997973001)) }
06/06/2020 11:03:20 PM [INFO] -- { "nearest state": Point2D((1.0741785519, 2.8871972613)) }
06/06/2020 11:03:20 PM [INFO] -- { "new configuration": Point2D((1.68717929346, 3.34997973001)) }
06/06/2020 11:03:20 PM [INFO] -- { "far": (Point2D((1.68717929346, 3.34997973001)), 0.300000, 1.000000) }
06/06/2020 11:03:20 PM [INFO] -- { "forward state added": Point2D((1.68717929346, 3.34997973001)) }
06/06/2020 11:03:20 PM [INFO] -- { "forward edges added": set([(Point2D((1.0741785519, 2.8871972613)), Point2D((1.68717929346, 3.34997973001)), 0.7680739043175691), (Point2D((1.1882627573, 2.58230889467)), Point2D((1.68717929346, 3.34997973001)), 0.9155524132914112)]) }
06/06/2020 11:03:20 PM [INFO] -- { ("near", Point2D((1.68717929346, 3.34997973001))): 1.000000 }
06/06/2020 11:03:20 PM [INFO] -- { "backward edges added": set([(Point2D((1.68717929346, 3.34997973001)), Point2D((1.1882627573, 2.58230889467)), 0.9155524132914112), (Point2D((1.68717929346, 3.34997973001)), Point2D((1.0741785519, 2.8871972613)), 0.7680739043175691)]) }
06/06/2020 11:03:20 PM [INFO] -- { "iteration": 19 }
06/06/2020 11:03:20 PM [INFO] -- { "random configuration": Point2D((0.48609433326, 1.02677927181)) }
06/06/2020 11:03:20 PM [INFO] -- { "nearest state": Point2D((1.28388793457, 1.38887720785)) }
06/06/2020 11:03:20 PM [INFO] -- { "new configuration": Point2D((0.48609433326, 1.02677927181)) }
06/06/2020 11:03:20 PM [INFO] -- { "far": (Point2D((0.48609433326, 1.02677927181)), 0.300000, 1.000000) }
06/06/2020 11:03:20 PM [INFO] -- { "forward state added": None }
06/06/2020 11:03:20 PM [INFO] -- { "forward edges added": set([]) }
06/06/2020 11:03:20 PM [INFO] -- { "backward edges added": set([]) }
06/06/2020 11:03:20 PM [INFO] -- { "iteration": 20 }
06/06/2020 11:03:20 PM [INFO] -- { "random configuration": Point2D((2.43551918038, 1.37655603171)) }
06/06/2020 11:03:20 PM [INFO] -- { "nearest state": Point2D((2, 2)) }
06/06/2020 11:03:20 PM [INFO] -- { "new configuration": Point2D((2.43551918038, 1.37655603171)) }
06/06/2020 11:03:20 PM [INFO] -- { "far": (Point2D((2.43551918038, 1.37655603171)), 0.300000, 1.000000) }
06/06/2020 11:03:20 PM [INFO] -- { "forward state added": None }
06/06/2020 11:03:20 PM [INFO] -- { "forward edges added": set([]) }
06/06/2020 11:03:20 PM [INFO] -- { "backward edges added": set([]) }
06/06/2020 11:03:20 PM [INFO] -- { "iteration": 21 }
06/06/2020 11:03:20 PM [INFO] -- { "random configuration": Point2D((3.65540434385, 0.196942184863)) }
06/06/2020 11:03:20 PM [INFO] -- { "nearest state": Point2D((4.15135331319, 1.61877228912)) }
06/06/2020 11:03:20 PM [INFO] -- { "new configuration": Point2D((3.82233316743, 0.675508411047)) }
06/06/2020 11:03:20 PM [INFO] -- { "far": (Point2D((3.82233316743, 0.675508411047)), 0.300000, 1.000000) }
06/06/2020 11:03:20 PM [INFO] -- { "forward state added": None }
06/06/2020 11:03:20 PM [INFO] -- { "forward edges added": set([]) }
06/06/2020 11:03:20 PM [INFO] -- { "backward edges added": set([]) }
06/06/2020 11:03:20 PM [INFO] -- { "iteration": 22 }
06/06/2020 11:03:20 PM [INFO] -- { "random configuration": Point2D((3.07405282135, 3.39494064566)) }
06/06/2020 11:03:20 PM [INFO] -- { "nearest state": Point2D((2.42818874035, 2.49051395914)) }
06/06/2020 11:03:20 PM [INFO] -- { "new configuration": Point2D((3.00875344524, 3.30349958228)) }
06/06/2020 11:03:20 PM [INFO] -- { "far": (Point2D((3.00875344524, 3.30349958228)), 0.300000, 1.000000) }
06/06/2020 11:03:20 PM [INFO] -- { "forward state added": None }
06/06/2020 11:03:20 PM [INFO] -- { "forward edges added": set([]) }
06/06/2020 11:03:20 PM [INFO] -- { "backward edges added": set([]) }
06/06/2020 11:03:20 PM [INFO] -- { "iteration": 23 }
06/06/2020 11:03:20 PM [INFO] -- { "random configuration": Point2D((3.49709254787, 0.462455230022)) }
06/06/2020 11:03:20 PM [INFO] -- { "nearest state": Point2D((4.15135331319, 1.61877228912)) }
06/06/2020 11:03:20 PM [INFO] -- { "new configuration": Point2D((3.65939480735, 0.74930243425)) }
06/06/2020 11:03:20 PM [INFO] -- { "far": (Point2D((3.65939480735, 0.74930243425)), 0.300000, 1.000000) }
06/06/2020 11:03:20 PM [INFO] -- { "forward state added": None }
06/06/2020 11:03:20 PM [INFO] -- { "forward edges added": set([]) }
06/06/2020 11:03:20 PM [INFO] -- { "backward edges added": set([]) }
06/06/2020 11:03:20 PM [INFO] -- { "iteration": 24 }
06/06/2020 11:03:20 PM [INFO] -- { "random configuration": Point2D((4.58984865438, 0.605170300137)) }
06/06/2020 11:03:20 PM [INFO] -- { "nearest state": Point2D((4.15135331319, 1.61877228912)) }
06/06/2020 11:03:20 PM [INFO] -- { "new configuration": Point2D((4.54800545821, 0.701892757315)) }
06/06/2020 11:03:20 PM [INFO] -- { "far": (Point2D((4.54800545821, 0.701892757315)), 0.300000, 1.000000) }
06/06/2020 11:03:20 PM [INFO] -- { "forward state added": None }
06/06/2020 11:03:20 PM [INFO] -- { "forward edges added": set([]) }
06/06/2020 11:03:20 PM [INFO] -- { "backward edges added": set([]) }
06/06/2020 11:03:20 PM [INFO] -- { "iteration": 25 }
06/06/2020 11:03:20 PM [INFO] -- { "random configuration": Point2D((3.19887606834, 0.205547745934)) }
06/06/2020 11:03:20 PM [INFO] -- { "nearest state": Point2D((4.15135331319, 1.61877228912)) }
06/06/2020 11:03:20 PM [INFO] -- { "new configuration": Point2D((3.59302371837, 0.790358706696)) }
06/06/2020 11:03:20 PM [INFO] -- { "far": (Point2D((3.59302371837, 0.790358706696)), 0.300000, 1.000000) }
06/06/2020 11:03:20 PM [INFO] -- { "forward state added": None }
06/06/2020 11:03:20 PM [INFO] -- { "forward edges added": set([]) }
06/06/2020 11:03:20 PM [INFO] -- { "backward edges added": set([]) }
06/06/2020 11:03:20 PM [INFO] -- { "iteration": 26 }
06/06/2020 11:03:20 PM [INFO] -- { "random configuration": Point2D((3.27891929429, 2.83421967131)) }
06/06/2020 11:03:20 PM [INFO] -- { "nearest state": Point2D((3.40547271638, 2.2833497002)) }
06/06/2020 11:03:20 PM [INFO] -- { "new configuration": Point2D((3.27891929429, 2.83421967131)) }
06/06/2020 11:03:20 PM [INFO] -- { "far": (Point2D((3.27891929429, 2.83421967131)), 0.300000, 1.000000) }
06/06/2020 11:03:20 PM [INFO] -- { "forward state added": Point2D((3.27891929429, 2.83421967131)) }
06/06/2020 11:03:20 PM [INFO] -- { "forward edges added": set([(Point2D((3.40547271638, 2.2833497002)), Point2D((3.27891929429, 2.83421967131)), 0.5652198631648792)]) }
06/06/2020 11:03:20 PM [INFO] -- { ("near", Point2D((3.27891929429, 2.83421967131))): 1.000000 }
06/06/2020 11:03:20 PM [INFO] -- { "backward edges added": set([(Point2D((3.27891929429, 2.83421967131)), Point2D((3.40547271638, 2.2833497002)), 0.5652198631648792)]) }
06/06/2020 11:03:20 PM [INFO] -- { "iteration": 27 }
06/06/2020 11:03:20 PM [INFO] -- { "random configuration": Point2D((1.10045389642, 1.01018743989)) }
06/06/2020 11:03:20 PM [INFO] -- { "nearest state": Point2D((1.28388793457, 1.38887720785)) }
06/06/2020 11:03:20 PM [INFO] -- { "new configuration": Point2D((1.10045389642, 1.01018743989)) }
06/06/2020 11:03:20 PM [INFO] -- { "far": (Point2D((1.10045389642, 1.01018743989)), 0.300000, 1.000000) }
06/06/2020 11:03:20 PM [INFO] -- { "forward state added": Point2D((1.10045389642, 1.01018743989)) }
06/06/2020 11:03:20 PM [INFO] -- { "forward edges added": set([(Point2D((1.28388793457, 1.38887720785)), Point2D((1.10045389642, 1.01018743989)), 0.42077783533805724)]) }
06/06/2020 11:03:20 PM [INFO] -- { ("near", Point2D((1.10045389642, 1.01018743989))): 1.000000 }
06/06/2020 11:03:20 PM [INFO] -- { "backward edges added": set([(Point2D((1.10045389642, 1.01018743989)), Point2D((1.28388793457, 1.38887720785)), 0.42077783533805724)]) }
06/06/2020 11:03:20 PM [INFO] -- { "iteration": 28 }
06/06/2020 11:03:20 PM [INFO] -- { "random configuration": Point2D((3.59152772373, 3.0061224922)) }
06/06/2020 11:03:20 PM [INFO] -- { "nearest state": Point2D((3.27891929429, 2.83421967131)) }
06/06/2020 11:03:20 PM [INFO] -- { "new configuration": Point2D((3.59152772373, 3.0061224922)) }
06/06/2020 11:03:20 PM [INFO] -- { "far": (Point2D((3.59152772373, 3.0061224922)), 0.300000, 1.000000) }
06/06/2020 11:03:20 PM [INFO] -- { "forward state added": Point2D((3.59152772373, 3.0061224922)) }
06/06/2020 11:03:20 PM [INFO] -- { "forward edges added": set([(Point2D((3.27891929429, 2.83421967131)), Point2D((3.59152772373, 3.0061224922)), 0.35675567267241365), (Point2D((3.40547271638, 2.2833497002)), Point2D((3.59152772373, 3.0061224922)), 0.7463356983457643)]) }
06/06/2020 11:03:20 PM [INFO] -- { ("near", Point2D((3.59152772373, 3.0061224922))): 1.000000 }
06/06/2020 11:03:20 PM [INFO] -- { "backward edges added": set([(Point2D((3.59152772373, 3.0061224922)), Point2D((3.40547271638, 2.2833497002)), 0.7463356983457643), (Point2D((3.59152772373, 3.0061224922)), Point2D((3.27891929429, 2.83421967131)), 0.35675567267241365)]) }
06/06/2020 11:03:20 PM [INFO] -- { "iteration": 29 }
06/06/2020 11:03:20 PM [INFO] -- { "random configuration": Point2D((3.93590022213, 0.254582392367)) }
06/06/2020 11:03:20 PM [INFO] -- { "nearest state": Point2D((4.15135331319, 1.61877228912)) }
06/06/2020 11:03:20 PM [INFO] -- { "new configuration": Point2D((3.99550810797, 0.632003181373)) }
06/06/2020 11:03:20 PM [INFO] -- { "far": (Point2D((3.99550810797, 0.632003181373)), 0.300000, 1.000000) }
06/06/2020 11:03:20 PM [INFO] -- { "forward state added": None }
06/06/2020 11:03:20 PM [INFO] -- { "forward edges added": set([]) }
06/06/2020 11:03:20 PM [INFO] -- { "backward edges added": set([]) }
06/06/2020 11:03:20 PM [INFO] -- { "iteration": 30 }
06/06/2020 11:03:20 PM [INFO] -- { "random configuration": Point2D((2.93096303006, 1.76355590661)) }
06/06/2020 11:03:20 PM [INFO] -- { "nearest state": Point2D((3.40547271638, 2.2833497002)) }
06/06/2020 11:03:20 PM [INFO] -- { "new configuration": Point2D((2.93096303006, 1.76355590661)) }
06/06/2020 11:03:20 PM [INFO] -- { "far": (Point2D((2.93096303006, 1.76355590661)), 0.300000, 1.000000) }
06/06/2020 11:03:20 PM [INFO] -- { "forward state added": Point2D((2.93096303006, 1.76355590661)) }
06/06/2020 11:03:20 PM [INFO] -- { "forward edges added": set([(Point2D((3.40547271638, 2.2833497002)), Point2D((2.93096303006, 1.76355590661)), 0.7038075235941498), (Point2D((2.42818874035, 2.49051395914)), Point2D((2.93096303006, 1.76355590661)), 0.883883474523415)]) }
06/06/2020 11:03:20 PM [INFO] -- { ("near", Point2D((2.93096303006, 1.76355590661))): 1.000000 }
06/06/2020 11:03:20 PM [INFO] -- { "backward edges added": set([(Point2D((2.93096303006, 1.76355590661)), Point2D((3.40547271638, 2.2833497002)), 0.7038075235941498), (Point2D((2.93096303006, 1.76355590661)), Point2D((2.42818874035, 2.49051395914)), 0.883883474523415)]) }
06/06/2020 11:03:20 PM [INFO] -- { "iteration": 31 }
06/06/2020 11:03:20 PM [INFO] -- { "random configuration": Point2D((3.52474223516, 1.56614856689)) }
06/06/2020 11:03:20 PM [INFO] -- { "nearest state": Point2D((2.93096303006, 1.76355590661)) }
06/06/2020 11:03:20 PM [INFO] -- { "new configuration": Point2D((3.52474223516, 1.56614856689)) }
06/06/2020 11:03:20 PM [INFO] -- { "far": (Point2D((3.52474223516, 1.56614856689)), 0.300000, 1.000000) }
06/06/2020 11:03:20 PM [INFO] -- { "forward state added": Point2D((3.52474223516, 1.56614856689)) }
06/06/2020 11:03:20 PM [INFO] -- { "forward edges added": set([(Point2D((2.93096303006, 1.76355590661)), Point2D((3.52474223516, 1.56614856689)), 0.6257342904021843), (Point2D((3.40547271638, 2.2833497002)), Point2D((3.52474223516, 1.56614856689)), 0.7270506748024065)]) }
06/06/2020 11:03:20 PM [INFO] -- { ("near", Point2D((3.52474223516, 1.56614856689))): 1.000000 }
06/06/2020 11:03:20 PM [INFO] -- { "backward edges added": set([(Point2D((3.52474223516, 1.56614856689)), Point2D((2.93096303006, 1.76355590661)), 0.6257342904021843), (Point2D((3.52474223516, 1.56614856689)), Point2D((3.40547271638, 2.2833497002)), 0.7270506748024065)]) }
06/06/2020 11:03:20 PM [INFO] -- { "iteration": 32 }
06/06/2020 11:03:20 PM [INFO] -- { "random configuration": Point2D((1.48837575474, 0.601445634806)) }
06/06/2020 11:03:20 PM [INFO] -- { "nearest state": Point2D((1.10045389642, 1.01018743989)) }
06/06/2020 11:03:20 PM [INFO] -- { "new configuration": Point2D((1.48837575474, 0.601445634806)) }
06/06/2020 11:03:20 PM [INFO] -- { "far": (Point2D((1.48837575474, 0.601445634806)), 0.300000, 1.000000) }
06/06/2020 11:03:20 PM [INFO] -- { "forward state added": None }
06/06/2020 11:03:20 PM [INFO] -- { "forward edges added": set([]) }
06/06/2020 11:03:20 PM [INFO] -- { "backward edges added": set([]) }
06/06/2020 11:03:20 PM [INFO] -- { "iteration": 33 }
06/06/2020 11:03:20 PM [INFO] -- { "random configuration": Point2D((2.2740133522, 1.51499532724)) }
06/06/2020 11:03:20 PM [INFO] -- { "nearest state": Point2D((2, 2)) }
06/06/2020 11:03:20 PM [INFO] -- { "new configuration": Point2D((2.2740133522, 1.51499532724)) }
06/06/2020 11:03:20 PM [INFO] -- { "far": (Point2D((2.2740133522, 1.51499532724)), 0.300000, 1.000000) }
06/06/2020 11:03:20 PM [INFO] -- { "forward state added": None }
06/06/2020 11:03:20 PM [INFO] -- { "forward edges added": set([]) }
06/06/2020 11:03:20 PM [INFO] -- { "backward edges added": set([]) }
06/06/2020 11:03:20 PM [INFO] -- { "iteration": 34 }
06/06/2020 11:03:20 PM [INFO] -- { "random configuration": Point2D((0.392060877447, 1.07300238992)) }
06/06/2020 11:03:20 PM [INFO] -- { "nearest state": Point2D((1.10045389642, 1.01018743989)) }
06/06/2020 11:03:20 PM [INFO] -- { "new configuration": Point2D((0.392060877447, 1.07300238992)) }
06/06/2020 11:03:20 PM [INFO] -- { "far": (Point2D((0.392060877447, 1.07300238992)), 0.300000, 1.000000) }
06/06/2020 11:03:20 PM [INFO] -- { "forward state added": None }
06/06/2020 11:03:20 PM [INFO] -- { "forward edges added": set([]) }
06/06/2020 11:03:20 PM [INFO] -- { "backward edges added": set([]) }
06/06/2020 11:03:20 PM [INFO] -- { "iteration": 35 }
06/06/2020 11:03:20 PM [INFO] -- { "random configuration": Point2D((0.500749178223, 0.32579689845)) }
06/06/2020 11:03:20 PM [INFO] -- { "nearest state": Point2D((1.10045389642, 1.01018743989)) }
06/06/2020 11:03:20 PM [INFO] -- { "new configuration": Point2D((0.500749178223, 0.32579689845)) }
06/06/2020 11:03:20 PM [INFO] -- { "far": (Point2D((0.500749178223, 0.32579689845)), 0.300000, 1.000000) }
06/06/2020 11:03:20 PM [INFO] -- { "forward state added": Point2D((0.500749178223, 0.32579689845)) }
06/06/2020 11:03:20 PM [INFO] -- { "forward edges added": set([(Point2D((1.10045389642, 1.01018743989)), Point2D((0.500749178223, 0.32579689845)), 0.9099649236348467)]) }
06/06/2020 11:03:20 PM [INFO] -- { ("near", Point2D((0.500749178223, 0.32579689845))): 1.000000 }
06/06/2020 11:03:20 PM [INFO] -- { "backward edges added": set([(Point2D((0.500749178223, 0.32579689845)), Point2D((1.10045389642, 1.01018743989)), 0.9099649236348467)]) }
06/06/2020 11:03:20 PM [INFO] -- { "iteration": 36 }
06/06/2020 11:03:20 PM [INFO] -- { "random configuration": Point2D((0.194732755509, 1.11741735754)) }
06/06/2020 11:03:20 PM [INFO] -- { "nearest state": Point2D((0.500749178223, 0.32579689845)) }
06/06/2020 11:03:20 PM [INFO] -- { "new configuration": Point2D((0.194732755509, 1.11741735754)) }
06/06/2020 11:03:20 PM [INFO] -- { "far": (Point2D((0.194732755509, 1.11741735754)), 0.300000, 1.000000) }
06/06/2020 11:03:20 PM [INFO] -- { "forward state added": Point2D((0.194732755509, 1.11741735754)) }
06/06/2020 11:03:20 PM [INFO] -- { "forward edges added": set([(Point2D((0.500749178223, 0.32579689845)), Point2D((0.194732755509, 1.11741735754)), 0.8487101991967566)]) }
06/06/2020 11:03:20 PM [INFO] -- { ("near", Point2D((0.194732755509, 1.11741735754))): 1.000000 }
06/06/2020 11:03:20 PM [INFO] -- { "backward edges added": set([(Point2D((0.194732755509, 1.11741735754)), Point2D((0.500749178223, 0.32579689845)), 0.8487101991967566)]) }
06/06/2020 11:03:20 PM [INFO] -- { "iteration": 37 }
06/06/2020 11:03:20 PM [INFO] -- { "random configuration": Point2D((2.49162715857, 2.88292407508)) }
06/06/2020 11:03:20 PM [INFO] -- { "nearest state": Point2D((2.42818874035, 2.49051395914)) }
06/06/2020 11:03:20 PM [INFO] -- { "new configuration": Point2D((2.49162715857, 2.88292407508)) }
06/06/2020 11:03:20 PM [INFO] -- { "far": (Point2D((2.49162715857, 2.88292407508)), 0.300000, 1.000000) }
06/06/2020 11:03:20 PM [INFO] -- { "forward state added": None }
06/06/2020 11:03:20 PM [INFO] -- { "forward edges added": set([]) }
06/06/2020 11:03:20 PM [INFO] -- { "backward edges added": set([]) }
06/06/2020 11:03:20 PM [INFO] -- { "iteration": 38 }
06/06/2020 11:03:20 PM [INFO] -- { "random configuration": Point2D((3.58446403947, 0.476222814032)) }
06/06/2020 11:03:20 PM [INFO] -- { "nearest state": Point2D((3.52474223516, 1.56614856689)) }
06/06/2020 11:03:20 PM [INFO] -- { "new configuration": Point2D((3.57939982821, 0.568644908987)) }
06/06/2020 11:03:20 PM [INFO] -- { "far": (Point2D((3.57939982821, 0.568644908987)), 0.300000, 1.000000) }
06/06/2020 11:03:20 PM [INFO] -- { "forward state added": None }
06/06/2020 11:03:20 PM [INFO] -- { "forward edges added": set([]) }
06/06/2020 11:03:20 PM [INFO] -- { "backward edges added": set([]) }
06/06/2020 11:03:20 PM [INFO] -- { "iteration": 39 }
06/06/2020 11:03:20 PM [INFO] -- { "random configuration": Point2D((1.48351555938, 3.20481410104)) }
06/06/2020 11:03:20 PM [INFO] -- { "nearest state": Point2D((1.68717929346, 3.34997973001)) }
06/06/2020 11:03:20 PM [INFO] -- { "new configuration": Point2D((1.48351555938, 3.20481410104)) }
06/06/2020 11:03:20 PM [INFO] -- { "far": (Point2D((1.48351555938, 3.20481410104)), 0.300000, 1.000000) }
06/06/2020 11:03:20 PM [INFO] -- { "forward state added": None }
06/06/2020 11:03:20 PM [INFO] -- { "forward edges added": set([]) }
06/06/2020 11:03:20 PM [INFO] -- { "backward edges added": set([]) }
06/06/2020 11:03:20 PM [INFO] -- { "iteration": 40 }
06/06/2020 11:03:20 PM [INFO] -- { "random configuration": Point2D((1.05201387158, 2.80423557486)) }
06/06/2020 11:03:20 PM [INFO] -- { "nearest state": Point2D((1.0741785519, 2.8871972613)) }
06/06/2020 11:03:20 PM [INFO] -- { "new configuration": Point2D((1.05201387158, 2.80423557486)) }
06/06/2020 11:03:20 PM [INFO] -- { "far": (Point2D((1.05201387158, 2.80423557486)), 0.300000, 1.000000) }
06/06/2020 11:03:20 PM [INFO] -- { "forward state added": None }
06/06/2020 11:03:20 PM [INFO] -- { "forward edges added": set([]) }
06/06/2020 11:03:20 PM [INFO] -- { "backward edges added": set([]) }
06/06/2020 11:03:20 PM [INFO] -- { "iteration": 41 }
06/06/2020 11:03:20 PM [INFO] -- { "random configuration": Point2D((1.66953395956, 2.55069594129)) }
06/06/2020 11:03:20 PM [INFO] -- { "nearest state": Point2D((1.98668906869, 2.55736911352)) }
06/06/2020 11:03:20 PM [INFO] -- { "new configuration": Point2D((1.66953395956, 2.55069594129)) }
06/06/2020 11:03:20 PM [INFO] -- { "far": (Point2D((1.66953395956, 2.55069594129)), 0.300000, 1.000000) }
06/06/2020 11:03:20 PM [INFO] -- { "forward state added": Point2D((1.66953395956, 2.55069594129)) }
06/06/2020 11:03:20 PM [INFO] -- { "forward edges added": set([(Point2D((1.1882627573, 2.58230889467)), Point2D((1.66953395956, 2.55069594129)), 0.48230835462895943), (Point2D((0.781522625558, 2.48640565868)), Point2D((1.66953395956, 2.55069594129)), 0.8903355377337006), (Point2D((1.50252775168, 1.94783144557)), Point2D((1.66953395956, 2.55069594129)), 0.6255690798547339), (Point2D((1.68717929346, 3.34997973001)), Point2D((1.66953395956, 2.55069594129)), 0.7994785379990019), (Point2D((2.42818874035, 2.49051395914)), Point2D((1.66953395956, 2.55069594129)), 0.7610380722333551), (Point2D((2, 2)), Point2D((1.66953395956, 2.55069594129)), 0.6422412503391849), (Point2D((1.0741785519, 2.8871972613)), Point2D((1.66953395956, 2.55069594129)), 0.6838722101358569), (Point2D((1.98668906869, 2.55736911352)), Point2D((1.66953395956, 2.55069594129)), 0.3172253055381923)]) }
06/06/2020 11:03:20 PM [INFO] -- { ("near", Point2D((1.66953395956, 2.55069594129))): 1.000000 }
06/06/2020 11:03:20 PM [INFO] -- { "backward edges added": set([(Point2D((1.66953395956, 2.55069594129)), Point2D((1.1882627573, 2.58230889467)), 0.48230835462895943), (Point2D((1.66953395956, 2.55069594129)), Point2D((0.781522625558, 2.48640565868)), 0.8903355377337006), (Point2D((1.66953395956, 2.55069594129)), Point2D((1.0741785519, 2.8871972613)), 0.6838722101358569), (Point2D((1.66953395956, 2.55069594129)), Point2D((1.68717929346, 3.34997973001)), 0.7994785379990019), (Point2D((1.66953395956, 2.55069594129)), Point2D((2.42818874035, 2.49051395914)), 0.7610380722333551), (Point2D((1.66953395956, 2.55069594129)), Point2D((1.98668906869, 2.55736911352)), 0.3172253055381923), (Point2D((1.66953395956, 2.55069594129)), Point2D((2, 2)), 0.6422412503391849), (Point2D((1.66953395956, 2.55069594129)), Point2D((1.50252775168, 1.94783144557)), 0.6255690798547339)]) }
06/06/2020 11:03:20 PM [INFO] -- { "iteration": 42 }
06/06/2020 11:03:20 PM [INFO] -- { "random configuration": Point2D((2.70896654367, 0.556297924899)) }
06/06/2020 11:03:20 PM [INFO] -- { "nearest state": Point2D((2.93096303006, 1.76355590661)) }
06/06/2020 11:03:20 PM [INFO] -- { "new configuration": Point2D((2.75029122941, 0.78102921463)) }
06/06/2020 11:03:20 PM [INFO] -- { "far": (Point2D((2.75029122941, 0.78102921463)), 0.300000, 1.000000) }
06/06/2020 11:03:20 PM [INFO] -- { "forward state added": None }
06/06/2020 11:03:20 PM [INFO] -- { "forward edges added": set([]) }
06/06/2020 11:03:20 PM [INFO] -- { "backward edges added": set([]) }
06/06/2020 11:03:20 PM [INFO] -- { "iteration": 43 }
06/06/2020 11:03:20 PM [INFO] -- { "random configuration": Point2D((0.250509288652, 0.769203831649)) }
06/06/2020 11:03:20 PM [INFO] -- { "nearest state": Point2D((0.194732755509, 1.11741735754)) }
06/06/2020 11:03:20 PM [INFO] -- { "new configuration": Point2D((0.250509288652, 0.769203831649)) }
06/06/2020 11:03:20 PM [INFO] -- { "far": (Point2D((0.250509288652, 0.769203831649)), 0.300000, 1.000000) }
06/06/2020 11:03:20 PM [INFO] -- { "forward state added": Point2D((0.250509288652, 0.769203831649)) }
06/06/2020 11:03:20 PM [INFO] -- { "forward edges added": set([(Point2D((0.194732755509, 1.11741735754)), Point2D((0.250509288652, 0.769203831649)), 0.3526523518464297), (Point2D((0.500749178223, 0.32579689845)), Point2D((0.250509288652, 0.769203831649)), 0.5091460603222399), (Point2D((1.10045389642, 1.01018743989)), Point2D((0.250509288652, 0.769203831649)), 0.8834471889832541)]) }
06/06/2020 11:03:20 PM [INFO] -- { ("near", Point2D((0.250509288652, 0.769203831649))): 1.000000 }
06/06/2020 11:03:20 PM [INFO] -- { "backward edges added": set([(Point2D((0.250509288652, 0.769203831649)), Point2D((1.10045389642, 1.01018743989)), 0.8834471889832541), (Point2D((0.250509288652, 0.769203831649)), Point2D((0.500749178223, 0.32579689845)), 0.5091460603222399), (Point2D((0.250509288652, 0.769203831649)), Point2D((0.194732755509, 1.11741735754)), 0.3526523518464297)]) }
06/06/2020 11:03:20 PM [INFO] -- { "iteration": 44 }
06/06/2020 11:03:20 PM [INFO] -- { "random configuration": Point2D((4.53219852046, 1.92528126242)) }
06/06/2020 11:03:20 PM [INFO] -- { "nearest state": Point2D((4.15135331319, 1.61877228912)) }
06/06/2020 11:03:20 PM [INFO] -- { "new configuration": Point2D((4.53219852046, 1.92528126242)) }
06/06/2020 11:03:20 PM [INFO] -- { "far": (Point2D((4.53219852046, 1.92528126242)), 0.300000, 1.000000) }
06/06/2020 11:03:20 PM [INFO] -- { "forward state added": Point2D((4.53219852046, 1.92528126242)) }
06/06/2020 11:03:20 PM [INFO] -- { "forward edges added": set([(Point2D((4.15135331319, 1.61877228912)), Point2D((4.53219852046, 1.92528126242)), 0.4888668761725726)]) }
06/06/2020 11:03:20 PM [INFO] -- { ("near", Point2D((4.53219852046, 1.92528126242))): 1.000000 }
06/06/2020 11:03:20 PM [INFO] -- { "backward edges added": set([(Point2D((4.53219852046, 1.92528126242)), Point2D((4.15135331319, 1.61877228912)), 0.4888668761725726)]) }
06/06/2020 11:03:20 PM [INFO] -- { "iteration": 45 }
06/06/2020 11:03:20 PM [INFO] -- { "random configuration": Point2D((2.37732180768, 1.41629696911)) }
06/06/2020 11:03:20 PM [INFO] -- { "nearest state": Point2D((2.93096303006, 1.76355590661)) }
06/06/2020 11:03:20 PM [INFO] -- { "new configuration": Point2D((2.37732180768, 1.41629696911)) }
06/06/2020 11:03:20 PM [INFO] -- { "far": (Point2D((2.37732180768, 1.41629696911)), 0.300000, 1.000000) }
06/06/2020 11:03:20 PM [INFO] -- { "forward state added": None }
06/06/2020 11:03:20 PM [INFO] -- { "forward edges added": set([]) }
06/06/2020 11:03:20 PM [INFO] -- { "backward edges added": set([]) }
06/06/2020 11:03:20 PM [INFO] -- { "iteration": 46 }
06/06/2020 11:03:20 PM [INFO] -- { "random configuration": Point2D((1.28350310998, 2.84588335812)) }
06/06/2020 11:03:20 PM [INFO] -- { "nearest state": Point2D((1.0741785519, 2.8871972613)) }
06/06/2020 11:03:20 PM [INFO] -- { "new configuration": Point2D((1.28350310998, 2.84588335812)) }
06/06/2020 11:03:20 PM [INFO] -- { "far": (Point2D((1.28350310998, 2.84588335812)), 0.300000, 1.000000) }
06/06/2020 11:03:20 PM [INFO] -- { "forward state added": None }
06/06/2020 11:03:20 PM [INFO] -- { "forward edges added": set([]) }
06/06/2020 11:03:20 PM [INFO] -- { "backward edges added": set([]) }
06/06/2020 11:03:20 PM [INFO] -- { "iteration": 47 }
06/06/2020 11:03:20 PM [INFO] -- { "random configuration": Point2D((4.53835727794, 0.399553720566)) }
06/06/2020 11:03:20 PM [INFO] -- { "nearest state": Point2D((4.15135331319, 1.61877228912)) }
06/06/2020 11:03:20 PM [INFO] -- { "new configuration": Point2D((4.45359471241, 0.666589986937)) }
06/06/2020 11:03:20 PM [INFO] -- { "far": (Point2D((4.45359471241, 0.666589986937)), 0.300000, 1.000000) }
06/06/2020 11:03:20 PM [INFO] -- { "forward state added": None }
06/06/2020 11:03:20 PM [INFO] -- { "forward edges added": set([]) }
06/06/2020 11:03:20 PM [INFO] -- { "backward edges added": set([]) }
06/06/2020 11:03:20 PM [INFO] -- { "iteration": 48 }
06/06/2020 11:03:20 PM [INFO] -- { "random configuration": Point2D((3.68918061716, 0.224927013834)) }
06/06/2020 11:03:20 PM [INFO] -- { "nearest state": Point2D((3.52474223516, 1.56614856689)) }
06/06/2020 11:03:20 PM [INFO] -- { "new configuration": Point2D((3.64631278386, 0.574573253715)) }
06/06/2020 11:03:20 PM [INFO] -- { "far": (Point2D((3.64631278386, 0.574573253715)), 0.300000, 1.000000) }
06/06/2020 11:03:20 PM [INFO] -- { "forward state added": None }
06/06/2020 11:03:20 PM [INFO] -- { "forward edges added": set([]) }
06/06/2020 11:03:20 PM [INFO] -- { "backward edges added": set([]) }
06/06/2020 11:03:20 PM [INFO] -- { "iteration": 49 }
06/06/2020 11:03:20 PM [INFO] -- { "random configuration": Point2D((1.25474582588, 2.40966080664)) }
06/06/2020 11:03:20 PM [INFO] -- { "nearest state": Point2D((1.1882627573, 2.58230889467)) }
06/06/2020 11:03:20 PM [INFO] -- { "new configuration": Point2D((1.25474582588, 2.40966080664)) }
06/06/2020 11:03:20 PM [INFO] -- { "far": (Point2D((1.25474582588, 2.40966080664)), 0.300000, 1.000000) }
06/06/2020 11:03:20 PM [INFO] -- { "forward state added": None }
06/06/2020 11:03:20 PM [INFO] -- { "forward edges added": set([]) }
06/06/2020 11:03:20 PM [INFO] -- { "backward edges added": set([]) }
06/06/2020 11:03:20 PM [INFO] -- { "iteration": 50 }
06/06/2020 11:03:20 PM [INFO] -- { "random configuration": Point2D((1.78466571904, 2.85304853689)) }
06/06/2020 11:03:20 PM [INFO] -- { "nearest state": Point2D((1.66953395956, 2.55069594129)) }
06/06/2020 11:03:20 PM [INFO] -- { "new configuration": Point2D((1.78466571904, 2.85304853689)) }
06/06/2020 11:03:20 PM [INFO] -- { "far": (Point2D((1.78466571904, 2.85304853689)), 0.300000, 1.000000) }
06/06/2020 11:03:20 PM [INFO] -- { "forward state added": Point2D((1.78466571904, 2.85304853689)) }
06/06/2020 11:03:20 PM [INFO] -- { "forward edges added": set([(Point2D((1.66953395956, 2.55069594129)), Point2D((1.78466571904, 2.85304853689)), 0.3235311640510509), (Point2D((1.68717929346, 3.34997973001)), Point2D((1.78466571904, 2.85304853689)), 0.5064032127306184), (Point2D((1.0741785519, 2.8871972613)), Point2D((1.78466571904, 2.85304853689)), 0.7113073527333276), (Point2D((2, 2)), Point2D((1.78466571904, 2.85304853689)), 0.8798071714037258), (Point2D((1.50252775168, 1.94783144557)), Point2D((1.78466571904, 2.85304853689)), 0.9481665544928092), (Point2D((1.1882627573, 2.58230889467)), Point2D((1.78466571904, 2.85304853689)), 0.6549782031864128)]) }
06/06/2020 11:03:20 PM [INFO] -- { ("near", Point2D((1.78466571904, 2.85304853689))): 1.000000 }
06/06/2020 11:03:20 PM [INFO] -- { "backward edges added": set([(Point2D((1.78466571904, 2.85304853689)), Point2D((1.1882627573, 2.58230889467)), 0.6549782031864128), (Point2D((1.78466571904, 2.85304853689)), Point2D((1.68717929346, 3.34997973001)), 0.5064032127306184), (Point2D((1.78466571904, 2.85304853689)), Point2D((1.66953395956, 2.55069594129)), 0.3235311640510509), (Point2D((1.78466571904, 2.85304853689)), Point2D((2, 2)), 0.8798071714037258), (Point2D((1.78466571904, 2.85304853689)), Point2D((1.50252775168, 1.94783144557)), 0.9481665544928092), (Point2D((1.78466571904, 2.85304853689)), Point2D((1.0741785519, 2.8871972613)), 0.7113073527333276)]) }
06/06/2020 11:03:20 PM [INFO] -- { "iteration": 51 }
06/06/2020 11:03:20 PM [INFO] -- { "random configuration": Point2D((0.982245597101, 2.55210672873)) }
06/06/2020 11:03:20 PM [INFO] -- { "nearest state": Point2D((1.1882627573, 2.58230889467)) }
06/06/2020 11:03:20 PM [INFO] -- { "new configuration": Point2D((0.982245597101, 2.55210672873)) }
06/06/2020 11:03:20 PM [INFO] -- { "far": (Point2D((0.982245597101, 2.55210672873)), 0.300000, 1.000000) }
06/06/2020 11:03:20 PM [INFO] -- { "forward state added": None }
06/06/2020 11:03:20 PM [INFO] -- { "forward edges added": set([]) }
06/06/2020 11:03:20 PM [INFO] -- { "backward edges added": set([]) }
06/06/2020 11:03:20 PM [INFO] -- { "iteration": 52 }
06/06/2020 11:03:20 PM [INFO] -- { "random configuration": Point2D((0.656503139067, 2.11443920411)) }
06/06/2020 11:03:20 PM [INFO] -- { "nearest state": Point2D((0.781522625558, 2.48640565868)) }
06/06/2020 11:03:20 PM [INFO] -- { "new configuration": Point2D((0.656503139067, 2.11443920411)) }
06/06/2020 11:03:20 PM [INFO] -- { "far": (Point2D((0.656503139067, 2.11443920411)), 0.300000, 1.000000) }
06/06/2020 11:03:20 PM [INFO] -- { "forward state added": Point2D((0.656503139067, 2.11443920411)) }
06/06/2020 11:03:20 PM [INFO] -- { "forward edges added": set([(Point2D((1.0741785519, 2.8871972613)), Point2D((0.656503139067, 2.11443920411)), 0.878412070410789), (Point2D((0.781522625558, 2.48640565868)), Point2D((0.656503139067, 2.11443920411)), 0.39241421396999143), (Point2D((1.1882627573, 2.58230889467)), Point2D((0.656503139067, 2.11443920411)), 0.70828690438925), (Point2D((1.50252775168, 1.94783144557)), Point2D((0.656503139067, 2.11443920411)), 0.8622736168712561)]) }
06/06/2020 11:03:20 PM [INFO] -- { ("near", Point2D((0.656503139067, 2.11443920411))): 1.000000 }
06/06/2020 11:03:20 PM [INFO] -- { "backward edges added": set([(Point2D((0.656503139067, 2.11443920411)), Point2D((1.50252775168, 1.94783144557)), 0.8622736168712561), (Point2D((0.656503139067, 2.11443920411)), Point2D((0.781522625558, 2.48640565868)), 0.39241421396999143), (Point2D((0.656503139067, 2.11443920411)), Point2D((1.1882627573, 2.58230889467)), 0.70828690438925), (Point2D((0.656503139067, 2.11443920411)), Point2D((1.0741785519, 2.8871972613)), 0.878412070410789)]) }
06/06/2020 11:03:20 PM [INFO] -- { "iteration": 53 }
06/06/2020 11:03:20 PM [INFO] -- { "random configuration": Point2D((0.371244859961, 3.41298354631)) }
06/06/2020 11:03:20 PM [INFO] -- { "nearest state": Point2D((1.0741785519, 2.8871972613)) }
06/06/2020 11:03:20 PM [INFO] -- { "new configuration": Point2D((0.371244859961, 3.41298354631)) }
06/06/2020 11:03:20 PM [INFO] -- { "far": (Point2D((0.371244859961, 3.41298354631)), 0.300000, 1.000000) }
06/06/2020 11:03:20 PM [INFO] -- { "forward state added": Point2D((0.371244859961, 3.41298354631)) }
06/06/2020 11:03:20 PM [INFO] -- { "forward edges added": set([(Point2D((1.0741785519, 2.8871972613)), Point2D((0.371244859961, 3.41298354631)), 0.8778194534016506)]) }
06/06/2020 11:03:20 PM [INFO] -- { ("near", Point2D((0.371244859961, 3.41298354631))): 1.000000 }
06/06/2020 11:03:20 PM [INFO] -- { "backward edges added": set([(Point2D((0.371244859961, 3.41298354631)), Point2D((1.0741785519, 2.8871972613)), 0.8778194534016506)]) }
06/06/2020 11:03:20 PM [INFO] -- { "iteration": 54 }
06/06/2020 11:03:20 PM [INFO] -- { "random configuration": Point2D((2.5962367233, 3.19361215625)) }
06/06/2020 11:03:20 PM [INFO] -- { "nearest state": Point2D((2.42818874035, 2.49051395914)) }
06/06/2020 11:03:20 PM [INFO] -- { "new configuration": Point2D((2.5962367233, 3.19361215625)) }
06/06/2020 11:03:20 PM [INFO] -- { "far": (Point2D((2.5962367233, 3.19361215625)), 0.300000, 1.000000) }
06/06/2020 11:03:20 PM [INFO] -- { "forward state added": Point2D((2.5962367233, 3.19361215625)) }
06/06/2020 11:03:20 PM [INFO] -- { "forward edges added": set([(Point2D((3.27891929429, 2.83421967131)), Point2D((2.5962367233, 3.19361215625)), 0.7715040187620137), (Point2D((1.68717929346, 3.34997973001)), Point2D((2.5962367233, 3.19361215625)), 0.9224078430268143)]) }
06/06/2020 11:03:20 PM [INFO] -- { ("near", Point2D((2.5962367233, 3.19361215625))): 1.000000 }
06/06/2020 11:03:20 PM [INFO] -- { "backward edges added": set([(Point2D((2.5962367233, 3.19361215625)), Point2D((1.68717929346, 3.34997973001)), 0.9224078430268143), (Point2D((2.5962367233, 3.19361215625)), Point2D((3.27891929429, 2.83421967131)), 0.7715040187620137)]) }
06/06/2020 11:03:20 PM [INFO] -- { "iteration": 55 }
06/06/2020 11:03:20 PM [INFO] -- { "random configuration": Point2D((3.2938410733, 2.71246663006)) }
06/06/2020 11:03:20 PM [INFO] -- { "nearest state": Point2D((3.27891929429, 2.83421967131)) }
06/06/2020 11:03:20 PM [INFO] -- { "new configuration": Point2D((3.2938410733, 2.71246663006)) }
06/06/2020 11:03:20 PM [INFO] -- { "far": (Point2D((3.2938410733, 2.71246663006)), 0.300000, 1.000000) }
06/06/2020 11:03:20 PM [INFO] -- { "forward state added": None }
06/06/2020 11:03:20 PM [INFO] -- { "forward edges added": set([]) }
06/06/2020 11:03:20 PM [INFO] -- { "backward edges added": set([]) }
06/06/2020 11:03:20 PM [INFO] -- { "iteration": 56 }
06/06/2020 11:03:20 PM [INFO] -- { "random configuration": Point2D((3.10397800835, 2.54666201473)) }
06/06/2020 11:03:20 PM [INFO] -- { "nearest state": Point2D((3.27891929429, 2.83421967131)) }
06/06/2020 11:03:20 PM [INFO] -- { "new configuration": Point2D((3.10397800835, 2.54666201473)) }
06/06/2020 11:03:20 PM [INFO] -- { "far": (Point2D((3.10397800835, 2.54666201473)), 0.300000, 1.000000) }
06/06/2020 11:03:20 PM [INFO] -- { "forward state added": Point2D((3.10397800835, 2.54666201473)) }
06/06/2020 11:03:20 PM [INFO] -- { "forward edges added": set([(Point2D((3.40547271638, 2.2833497002)), Point2D((3.10397800835, 2.54666201473)), 0.4002904370079105), (Point2D((3.59152772373, 3.0061224922)), Point2D((3.10397800835, 2.54666201473)), 0.6699318288646944), (Point2D((3.27891929429, 2.83421967131)), Point2D((3.10397800835, 2.54666201473)), 0.3365915319566239), (Point2D((2.5962367233, 3.19361215625)), Point2D((3.10397800835, 2.54666201473)), 0.8224023942985992), (Point2D((2.93096303006, 1.76355590661)), Point2D((3.10397800835, 2.54666201473)), 0.8019908723240665), (Point2D((2.42818874035, 2.49051395914)), Point2D((3.10397800835, 2.54666201473)), 0.678117791308674)]) }
06/06/2020 11:03:20 PM [INFO] -- { ("near", Point2D((3.10397800835, 2.54666201473))): 1.000000 }
06/06/2020 11:03:20 PM [INFO] -- { "backward edges added": set([(Point2D((3.10397800835, 2.54666201473)), Point2D((3.27891929429, 2.83421967131)), 0.3365915319566239), (Point2D((3.10397800835, 2.54666201473)), Point2D((3.59152772373, 3.0061224922)), 0.6699318288646944), (Point2D((3.10397800835, 2.54666201473)), Point2D((3.40547271638, 2.2833497002)), 0.4002904370079105), (Point2D((3.10397800835, 2.54666201473)), Point2D((2.93096303006, 1.76355590661)), 0.8019908723240665), (Point2D((3.10397800835, 2.54666201473)), Point2D((2.5962367233, 3.19361215625)), 0.8224023942985992), (Point2D((3.10397800835, 2.54666201473)), Point2D((2.42818874035, 2.49051395914)), 0.678117791308674)]) }
06/06/2020 11:03:20 PM [INFO] -- { "iteration": 57 }
06/06/2020 11:03:20 PM [INFO] -- { "random configuration": Point2D((4.30102803636, 2.16634216628)) }
06/06/2020 11:03:20 PM [INFO] -- { "nearest state": Point2D((4.53219852046, 1.92528126242)) }
06/06/2020 11:03:20 PM [INFO] -- { "new configuration": Point2D((4.30102803636, 2.16634216628)) }
06/06/2020 11:03:20 PM [INFO] -- { "far": (Point2D((4.30102803636, 2.16634216628)), 0.300000, 1.000000) }
06/06/2020 11:03:20 PM [INFO] -- { "forward state added": Point2D((4.30102803636, 2.16634216628)) }
06/06/2020 11:03:20 PM [INFO] -- { "forward edges added": set([(Point2D((3.40547271638, 2.2833497002)), Point2D((4.30102803636, 2.16634216628)), 0.9031667034024484), (Point2D((4.53219852046, 1.92528126242)), Point2D((4.30102803636, 2.16634216628)), 0.33399124552504006), (Point2D((4.15135331319, 1.61877228912)), Point2D((4.30102803636, 2.16634216628)), 0.5676577253251018), (Point2D((3.52474223516, 1.56614856689)), Point2D((4.30102803636, 2.16634216628)), 0.981250223897849)]) }
06/06/2020 11:03:20 PM [INFO] -- { ("near", Point2D((4.30102803636, 2.16634216628))): 1.000000 }
06/06/2020 11:03:20 PM [INFO] -- { "backward edges added": set([(Point2D((4.30102803636, 2.16634216628)), Point2D((3.40547271638, 2.2833497002)), 0.9031667034024484), (Point2D((4.30102803636, 2.16634216628)), Point2D((4.15135331319, 1.61877228912)), 0.5676577253251018), (Point2D((4.30102803636, 2.16634216628)), Point2D((4.53219852046, 1.92528126242)), 0.33399124552504006), (Point2D((4.30102803636, 2.16634216628)), Point2D((3.52474223516, 1.56614856689)), 0.981250223897849)]) }
06/06/2020 11:03:20 PM [INFO] -- { "iteration": 58 }
06/06/2020 11:03:20 PM [INFO] -- { "random configuration": Point2D((4.46263086956, 1.93569703306)) }
06/06/2020 11:03:20 PM [INFO] -- { "nearest state": Point2D((4.53219852046, 1.92528126242)) }
06/06/2020 11:03:20 PM [INFO] -- { "new configuration": Point2D((4.46263086956, 1.93569703306)) }
06/06/2020 11:03:20 PM [INFO] -- { "far": (Point2D((4.46263086956, 1.93569703306)), 0.300000, 1.000000) }
06/06/2020 11:03:20 PM [INFO] -- { "forward state added": None }
06/06/2020 11:03:20 PM [INFO] -- { "forward edges added": set([]) }
06/06/2020 11:03:20 PM [INFO] -- { "backward edges added": set([]) }
06/06/2020 11:03:20 PM [INFO] -- { "iteration": 59 }
06/06/2020 11:03:20 PM [INFO] -- { "random configuration": Point2D((1.94694153105, 0.644646332936)) }
06/06/2020 11:03:20 PM [INFO] -- { "nearest state": Point2D((1.10045389642, 1.01018743989)) }
06/06/2020 11:03:20 PM [INFO] -- { "new configuration": Point2D((1.94694153105, 0.644646332936)) }
06/06/2020 11:03:20 PM [INFO] -- { "far": (Point2D((1.94694153105, 0.644646332936)), 0.300000, 1.000000) }
06/06/2020 11:03:20 PM [INFO] -- { "forward state added": None }
06/06/2020 11:03:20 PM [INFO] -- { "forward edges added": set([]) }
06/06/2020 11:03:20 PM [INFO] -- { "backward edges added": set([]) }
06/06/2020 11:03:20 PM [INFO] -- { "iteration": 60 }
06/06/2020 11:03:20 PM [INFO] -- { "random configuration": Point2D((0.795519225205, 3.4072862832)) }
06/06/2020 11:03:20 PM [INFO] -- { "nearest state": Point2D((0.371244859961, 3.41298354631)) }
06/06/2020 11:03:20 PM [INFO] -- { "new configuration": Point2D((0.795519225205, 3.4072862832)) }
06/06/2020 11:03:20 PM [INFO] -- { "far": (Point2D((0.795519225205, 3.4072862832)), 0.300000, 1.000000) }
06/06/2020 11:03:20 PM [INFO] -- { "forward state added": Point2D((0.795519225205, 3.4072862832)) }
06/06/2020 11:03:20 PM [INFO] -- { "forward edges added": set([(Point2D((0.781522625558, 2.48640565868)), Point2D((0.795519225205, 3.4072862832)), 0.9209869865670677), (Point2D((1.68717929346, 3.34997973001)), Point2D((0.795519225205, 3.4072862832)), 0.8934997024946139), (Point2D((1.0741785519, 2.8871972613)), Point2D((0.795519225205, 3.4072862832)), 0.5900369573632019), (Point2D((0.371244859961, 3.41298354631)), Point2D((0.795519225205, 3.4072862832)), 0.42431261566279393), (Point2D((1.1882627573, 2.58230889467)), Point2D((0.795519225205, 3.4072862832)), 0.9136931506730304)]) }
06/06/2020 11:03:20 PM [INFO] -- { ("near", Point2D((0.795519225205, 3.4072862832))): 1.000000 }
06/06/2020 11:03:20 PM [INFO] -- { "backward edges added": set([(Point2D((0.795519225205, 3.4072862832)), Point2D((0.781522625558, 2.48640565868)), 0.9209869865670677), (Point2D((0.795519225205, 3.4072862832)), Point2D((0.371244859961, 3.41298354631)), 0.42431261566279393), (Point2D((0.795519225205, 3.4072862832)), Point2D((1.68717929346, 3.34997973001)), 0.8934997024946139), (Point2D((0.795519225205, 3.4072862832)), Point2D((1.0741785519, 2.8871972613)), 0.5900369573632019), (Point2D((0.795519225205, 3.4072862832)), Point2D((1.1882627573, 2.58230889467)), 0.9136931506730304)]) }
06/06/2020 11:03:20 PM [INFO] -- { "iteration": 61 }
06/06/2020 11:03:20 PM [INFO] -- { "random configuration": Point2D((2.19252314753, 0.690677989219)) }
06/06/2020 11:03:20 PM [INFO] -- { "nearest state": Point2D((1.10045389642, 1.01018743989)) }
06/06/2020 11:03:20 PM [INFO] -- { "new configuration": Point2D((2.05926009993, 0.729667094616)) }
06/06/2020 11:03:20 PM [INFO] -- { "far": (Point2D((2.05926009993, 0.729667094616)), 0.300000, 1.000000) }
06/06/2020 11:03:20 PM [INFO] -- { "forward state added": None }
06/06/2020 11:03:20 PM [INFO] -- { "forward edges added": set([]) }
06/06/2020 11:03:20 PM [INFO] -- { "backward edges added": set([]) }
06/06/2020 11:03:20 PM [INFO] -- { "iteration": 62 }
06/06/2020 11:03:20 PM [INFO] -- { "random configuration": Point2D((1.65738423024, 1.96079262598)) }
06/06/2020 11:03:20 PM [INFO] -- { "nearest state": Point2D((1.50252775168, 1.94783144557)) }
06/06/2020 11:03:20 PM [INFO] -- { "new configuration": Point2D((1.65738423024, 1.96079262598)) }
06/06/2020 11:03:20 PM [INFO] -- { "far": (Point2D((1.65738423024, 1.96079262598)), 0.300000, 1.000000) }
06/06/2020 11:03:20 PM [INFO] -- { "forward state added": None }
06/06/2020 11:03:20 PM [INFO] -- { "forward edges added": set([]) }
06/06/2020 11:03:20 PM [INFO] -- { "backward edges added": set([]) }
06/06/2020 11:03:20 PM [INFO] -- { "iteration": 63 }
06/06/2020 11:03:20 PM [INFO] -- { "random configuration": Point2D((0.747406188631, 0.991940230131)) }
06/06/2020 11:03:20 PM [INFO] -- { "nearest state": Point2D((1.10045389642, 1.01018743989)) }
06/06/2020 11:03:20 PM [INFO] -- { "new configuration": Point2D((0.747406188631, 0.991940230131)) }
06/06/2020 11:03:20 PM [INFO] -- { "far": (Point2D((0.747406188631, 0.991940230131)), 0.300000, 1.000000) }
06/06/2020 11:03:20 PM [INFO] -- { "forward state added": Point2D((0.747406188631, 0.991940230131)) }
06/06/2020 11:03:20 PM [INFO] -- { "forward edges added": set([(Point2D((1.10045389642, 1.01018743989)), Point2D((0.747406188631, 0.991940230131)), 0.35351894523838234), (Point2D((1.28388793457, 1.38887720785)), Point2D((0.747406188631, 0.991940230131)), 0.6673616920472247), (Point2D((0.250509288652, 0.769203831649)), Point2D((0.747406188631, 0.991940230131)), 0.5445346934924252), (Point2D((0.500749178223, 0.32579689845)), Point2D((0.747406188631, 0.991940230131)), 0.7103426068634612)]) }
06/06/2020 11:03:20 PM [INFO] -- { ("near", Point2D((0.747406188631, 0.991940230131))): 1.000000 }
06/06/2020 11:03:20 PM [INFO] -- { "backward edges added": set([(Point2D((0.747406188631, 0.991940230131)), Point2D((0.250509288652, 0.769203831649)), 0.5445346934924252), (Point2D((0.747406188631, 0.991940230131)), Point2D((1.28388793457, 1.38887720785)), 0.6673616920472247), (Point2D((0.747406188631, 0.991940230131)), Point2D((1.10045389642, 1.01018743989)), 0.35351894523838234), (Point2D((0.747406188631, 0.991940230131)), Point2D((0.500749178223, 0.32579689845)), 0.7103426068634612)]) }
06/06/2020 11:03:20 PM [INFO] -- { "iteration": 64 }
06/06/2020 11:03:20 PM [INFO] -- { "random configuration": Point2D((4.38921917229, 1.97889820668)) }
06/06/2020 11:03:20 PM [INFO] -- { "nearest state": Point2D((4.53219852046, 1.92528126242)) }
06/06/2020 11:03:20 PM [INFO] -- { "new configuration": Point2D((4.38921917229, 1.97889820668)) }
06/06/2020 11:03:20 PM [INFO] -- { "far": (Point2D((4.38921917229, 1.97889820668)), 0.300000, 1.000000) }
06/06/2020 11:03:20 PM [INFO] -- { "forward state added": None }
06/06/2020 11:03:20 PM [INFO] -- { "forward edges added": set([]) }
06/06/2020 11:03:20 PM [INFO] -- { "backward edges added": set([]) }
06/06/2020 11:03:20 PM [INFO] -- { "iteration": 65 }
06/06/2020 11:03:20 PM [INFO] -- { "random configuration": Point2D((0.91955880522, 1.93630133124)) }
06/06/2020 11:03:20 PM [INFO] -- { "nearest state": Point2D((0.656503139067, 2.11443920411)) }
06/06/2020 11:03:20 PM [INFO] -- { "new configuration": Point2D((0.91955880522, 1.93630133124)) }
06/06/2020 11:03:20 PM [INFO] -- { "far": (Point2D((0.91955880522, 1.93630133124)), 0.300000, 1.000000) }
06/06/2020 11:03:20 PM [INFO] -- { "forward state added": Point2D((0.91955880522, 1.93630133124)) }
06/06/2020 11:03:20 PM [INFO] -- { "forward edges added": set([(Point2D((1.66953395956, 2.55069594129)), Point2D((0.91955880522, 1.93630133124)), 0.9695068173987791), (Point2D((1.0741785519, 2.8871972613)), Point2D((0.91955880522, 1.93630133124)), 0.96338483269875), (Point2D((1.1882627573, 2.58230889467)), Point2D((0.91955880522, 1.93630133124)), 0.6996624799676562), (Point2D((1.50252775168, 1.94783144557)), Point2D((0.91955880522, 1.93630133124)), 0.5830829581399145), (Point2D((0.781522625558, 2.48640565868)), Point2D((0.91955880522, 1.93630133124)), 0.5671584945679888), (Point2D((0.656503139067, 2.11443920411)), Point2D((0.91955880522, 1.93630133124)), 0.31769700226079467)]) }
06/06/2020 11:03:20 PM [INFO] -- { ("near", Point2D((0.91955880522, 1.93630133124))): 1.000000 }
06/06/2020 11:03:20 PM [INFO] -- { "backward edges added": set([(Point2D((0.91955880522, 1.93630133124)), Point2D((1.66953395956, 2.55069594129)), 0.9695068173987791), (Point2D((0.91955880522, 1.93630133124)), Point2D((1.50252775168, 1.94783144557)), 0.5830829581399145), (Point2D((0.91955880522, 1.93630133124)), Point2D((1.1882627573, 2.58230889467)), 0.6996624799676562), (Point2D((0.91955880522, 1.93630133124)), Point2D((0.656503139067, 2.11443920411)), 0.31769700226079467), (Point2D((0.91955880522, 1.93630133124)), Point2D((0.781522625558, 2.48640565868)), 0.5671584945679888), (Point2D((0.91955880522, 1.93630133124)), Point2D((1.0741785519, 2.8871972613)), 0.96338483269875)]) }
06/06/2020 11:03:20 PM [INFO] -- { "iteration": 66 }
06/06/2020 11:03:20 PM [INFO] -- { "random configuration": Point2D((3.89233271615, 3.23694475456)) }
06/06/2020 11:03:20 PM [INFO] -- { "nearest state": Point2D((3.59152772373, 3.0061224922)) }
06/06/2020 11:03:20 PM [INFO] -- { "new configuration": Point2D((3.89233271615, 3.23694475456)) }
06/06/2020 11:03:20 PM [INFO] -- { "far": (Point2D((3.89233271615, 3.23694475456)), 0.300000, 1.000000) }
06/06/2020 11:03:20 PM [INFO] -- { "forward state added": Point2D((3.89233271615, 3.23694475456)) }
06/06/2020 11:03:20 PM [INFO] -- { "forward edges added": set([(Point2D((3.59152772373, 3.0061224922)), Point2D((3.89233271615, 3.23694475456)), 0.37916033583373354)]) }
06/06/2020 11:03:20 PM [INFO] -- { ("near", Point2D((3.89233271615, 3.23694475456))): 1.000000 }
06/06/2020 11:03:20 PM [INFO] -- { "backward edges added": set([(Point2D((3.89233271615, 3.23694475456)), Point2D((3.59152772373, 3.0061224922)), 0.37916033583373354)]) }
06/06/2020 11:03:20 PM [INFO] -- { "iteration": 67 }
06/06/2020 11:03:20 PM [INFO] -- { "random configuration": Point2D((3.03966351938, 1.90695436953)) }
06/06/2020 11:03:20 PM [INFO] -- { "nearest state": Point2D((2.93096303006, 1.76355590661)) }
06/06/2020 11:03:20 PM [INFO] -- { "new configuration": Point2D((3.03966351938, 1.90695436953)) }
06/06/2020 11:03:20 PM [INFO] -- { "far": (Point2D((3.03966351938, 1.90695436953)), 0.300000, 1.000000) }
06/06/2020 11:03:20 PM [INFO] -- { "forward state added": None }
06/06/2020 11:03:20 PM [INFO] -- { "forward edges added": set([]) }
06/06/2020 11:03:20 PM [INFO] -- { "backward edges added": set([]) }
06/06/2020 11:03:20 PM [INFO] -- { "iteration": 68 }
06/06/2020 11:03:20 PM [INFO] -- { "random configuration": Point2D((3.6696745075, 0.460135094315)) }
06/06/2020 11:03:20 PM [INFO] -- { "nearest state": Point2D((3.52474223516, 1.56614856689)) }
06/06/2020 11:03:20 PM [INFO] -- { "new configuration": Point2D((3.65454175061, 0.575616848166)) }
06/06/2020 11:03:20 PM [INFO] -- { "far": (Point2D((3.65454175061, 0.575616848166)), 0.300000, 1.000000) }
06/06/2020 11:03:20 PM [INFO] -- { "forward state added": None }
06/06/2020 11:03:20 PM [INFO] -- { "forward edges added": set([]) }
06/06/2020 11:03:20 PM [INFO] -- { "backward edges added": set([]) }
06/06/2020 11:03:20 PM [INFO] -- { "iteration": 69 }
06/06/2020 11:03:20 PM [INFO] -- { "random configuration": Point2D((3.77201810392, 0.225988444043)) }
06/06/2020 11:03:20 PM [INFO] -- { "nearest state": Point2D((3.52474223516, 1.56614856689)) }
06/06/2020 11:03:20 PM [INFO] -- { "new configuration": Point2D((3.70601012012, 0.583731672751)) }
06/06/2020 11:03:20 PM [INFO] -- { "far": (Point2D((3.70601012012, 0.583731672751)), 0.300000, 1.000000) }
06/06/2020 11:03:20 PM [INFO] -- { "forward state added": None }
06/06/2020 11:03:20 PM [INFO] -- { "forward edges added": set([]) }
06/06/2020 11:03:20 PM [INFO] -- { "backward edges added": set([]) }
06/06/2020 11:03:20 PM [INFO] -- { "iteration": 70 }
06/06/2020 11:03:20 PM [INFO] -- { "random configuration": Point2D((1.29488951587, 2.19958613332)) }
06/06/2020 11:03:20 PM [INFO] -- { "nearest state": Point2D((1.50252775168, 1.94783144557)) }
06/06/2020 11:03:20 PM [INFO] -- { "new configuration": Point2D((1.29488951587, 2.19958613332)) }
06/06/2020 11:03:20 PM [INFO] -- { "far": (Point2D((1.29488951587, 2.19958613332)), 0.300000, 1.000000) }
06/06/2020 11:03:20 PM [INFO] -- { "forward state added": Point2D((1.29488951587, 2.19958613332)) }
06/06/2020 11:03:20 PM [INFO] -- { "forward edges added": set([(Point2D((0.656503139067, 2.11443920411)), Point2D((1.29488951587, 2.19958613332)), 0.6440397236564218), (Point2D((1.66953395956, 2.55069594129)), Point2D((1.29488951587, 2.19958613332)), 0.5134555057971772), (Point2D((0.91955880522, 1.93630133124)), Point2D((1.29488951587, 2.19958613332)), 0.4584670428377022), (Point2D((1.50252775168, 1.94783144557)), Point2D((1.29488951587, 2.19958613332)), 0.32633427612560467), (Point2D((1.78466571904, 2.85304853689)), Point2D((1.29488951587, 2.19958613332)), 0.8166356850363343), (Point2D((0.781522625558, 2.48640565868)), Point2D((1.29488951587, 2.19958613332)), 0.5880569735985524), (Point2D((1.0741785519, 2.8871972613)), Point2D((1.29488951587, 2.19958613332)), 0.7221650731927745), (Point2D((1.1882627573, 2.58230889467)), Point2D((1.29488951587, 2.19958613332)), 0.3972983484722858), (Point2D((1.28388793457, 1.38887720785)), Point2D((1.29488951587, 2.19958613332)), 0.8107835695321977), (Point2D((2, 2)), Point2D((1.29488951587, 2.19958613332)), 0.7328133592111551), (Point2D((1.98668906869, 2.55736911352)), Point2D((1.29488951587, 2.19958613332)), 0.7788422704190238)]) }
06/06/2020 11:03:20 PM [INFO] -- { ("near", Point2D((1.29488951587, 2.19958613332))): 1.000000 }
06/06/2020 11:03:20 PM [INFO] -- { "backward edges added": set([(Point2D((1.29488951587, 2.19958613332)), Point2D((1.50252775168, 1.94783144557)), 0.32633427612560467), (Point2D((1.29488951587, 2.19958613332)), Point2D((1.0741785519, 2.8871972613)), 0.7221650731927745), (Point2D((1.29488951587, 2.19958613332)), Point2D((1.66953395956, 2.55069594129)), 0.5134555057971772), (Point2D((1.29488951587, 2.19958613332)), Point2D((1.78466571904, 2.85304853689)), 0.8166356850363343), (Point2D((1.29488951587, 2.19958613332)), Point2D((0.656503139067, 2.11443920411)), 0.6440397236564218), (Point2D((1.29488951587, 2.19958613332)), Point2D((1.1882627573, 2.58230889467)), 0.3972983484722858), (Point2D((1.29488951587, 2.19958613332)), Point2D((2, 2)), 0.7328133592111551), (Point2D((1.29488951587, 2.19958613332)), Point2D((1.28388793457, 1.38887720785)), 0.8107835695321977), (Point2D((1.29488951587, 2.19958613332)), Point2D((1.98668906869, 2.55736911352)), 0.7788422704190238), (Point2D((1.29488951587, 2.19958613332)), Point2D((0.781522625558, 2.48640565868)), 0.5880569735985524), (Point2D((1.29488951587, 2.19958613332)), Point2D((0.91955880522, 1.93630133124)), 0.4584670428377022)]) }
06/06/2020 11:03:20 PM [INFO] -- { "iteration": 71 }
06/06/2020 11:03:20 PM [INFO] -- { "random configuration": Point2D((0.248065785666, 1.43460507974)) }
06/06/2020 11:03:20 PM [INFO] -- { "nearest state": Point2D((0.194732755509, 1.11741735754)) }
06/06/2020 11:03:20 PM [INFO] -- { "new configuration": Point2D((0.248065785666, 1.43460507974)) }
06/06/2020 11:03:20 PM [INFO] -- { "far": (Point2D((0.248065785666, 1.43460507974)), 0.300000, 1.000000) }
06/06/2020 11:03:20 PM [INFO] -- { "forward state added": Point2D((0.248065785666, 1.43460507974)) }
06/06/2020 11:03:20 PM [INFO] -- { "forward edges added": set([(Point2D((0.194732755509, 1.11741735754)), Point2D((0.248065785666, 1.43460507974)), 0.3216402698939464), (Point2D((0.250509288652, 0.769203831649)), Point2D((0.248065785666, 1.43460507974)), 0.6654057346177724)]) }
06/06/2020 11:03:20 PM [INFO] -- { ("near", Point2D((0.248065785666, 1.43460507974))): 1.000000 }
06/06/2020 11:03:21 PM [INFO] -- { "backward edges added": set([(Point2D((0.248065785666, 1.43460507974)), Point2D((0.194732755509, 1.11741735754)), 0.3216402698939464), (Point2D((0.248065785666, 1.43460507974)), Point2D((0.250509288652, 0.769203831649)), 0.6654057346177724)]) }
06/06/2020 11:03:21 PM [INFO] -- { "iteration": 72 }
06/06/2020 11:03:21 PM [INFO] -- { "random configuration": Point2D((2.47323810667, 1.56820760881)) }
06/06/2020 11:03:21 PM [INFO] -- { "nearest state": Point2D((2.93096303006, 1.76355590661)) }
06/06/2020 11:03:21 PM [INFO] -- { "new configuration": Point2D((2.47323810667, 1.56820760881)) }
06/06/2020 11:03:21 PM [INFO] -- { "far": (Point2D((2.47323810667, 1.56820760881)), 0.300000, 1.000000) }
06/06/2020 11:03:21 PM [INFO] -- { "forward state added": None }
06/06/2020 11:03:21 PM [INFO] -- { "forward edges added": set([]) }
06/06/2020 11:03:21 PM [INFO] -- { "backward edges added": set([]) }
06/06/2020 11:03:21 PM [INFO] -- { "iteration": 73 }
06/06/2020 11:03:21 PM [INFO] -- { "random configuration": Point2D((1.07252712777, 0.951398330221)) }
06/06/2020 11:03:21 PM [INFO] -- { "nearest state": Point2D((1.10045389642, 1.01018743989)) }
06/06/2020 11:03:21 PM [INFO] -- { "new configuration": Point2D((1.07252712777, 0.951398330221)) }
06/06/2020 11:03:21 PM [INFO] -- { "far": (Point2D((1.07252712777, 0.951398330221)), 0.300000, 1.000000) }
06/06/2020 11:03:21 PM [INFO] -- { "forward state added": None }
06/06/2020 11:03:21 PM [INFO] -- { "forward edges added": set([]) }
06/06/2020 11:03:21 PM [INFO] -- { "backward edges added": set([]) }
06/06/2020 11:03:21 PM [INFO] -- { "iteration": 74 }
06/06/2020 11:03:21 PM [INFO] -- { "random configuration": Point2D((1.8596292801, 2.80657947557)) }
06/06/2020 11:03:21 PM [INFO] -- { "nearest state": Point2D((1.78466571904, 2.85304853689)) }
06/06/2020 11:03:21 PM [INFO] -- { "new configuration": Point2D((1.8596292801, 2.80657947557)) }
06/06/2020 11:03:21 PM [INFO] -- { "far": (Point2D((1.8596292801, 2.80657947557)), 0.300000, 1.000000) }
06/06/2020 11:03:21 PM [INFO] -- { "forward state added": None }
06/06/2020 11:03:21 PM [INFO] -- { "forward edges added": set([]) }
06/06/2020 11:03:21 PM [INFO] -- { "backward edges added": set([]) }
06/06/2020 11:03:21 PM [INFO] -- { "iteration": 75 }
06/06/2020 11:03:21 PM [INFO] -- { "random configuration": Point2D((1.0394996147, 3.40100459186)) }
06/06/2020 11:03:21 PM [INFO] -- { "nearest state": Point2D((0.795519225205, 3.4072862832)) }
06/06/2020 11:03:21 PM [INFO] -- { "new configuration": Point2D((1.0394996147, 3.40100459186)) }
06/06/2020 11:03:21 PM [INFO] -- { "far": (Point2D((1.0394996147, 3.40100459186)), 0.300000, 1.000000) }
06/06/2020 11:03:21 PM [INFO] -- { "forward state added": None }
06/06/2020 11:03:21 PM [INFO] -- { "forward edges added": set([]) }
06/06/2020 11:03:21 PM [INFO] -- { "backward edges added": set([]) }
06/06/2020 11:03:21 PM [INFO] -- { "iteration": 76 }
06/06/2020 11:03:21 PM [INFO] -- { "random configuration": Point2D((2.698112265, 1.15001148806)) }
06/06/2020 11:03:21 PM [INFO] -- { "nearest state": Point2D((2.93096303006, 1.76355590661)) }
06/06/2020 11:03:21 PM [INFO] -- { "new configuration": Point2D((2.698112265, 1.15001148806)) }
06/06/2020 11:03:21 PM [INFO] -- { "far": (Point2D((2.698112265, 1.15001148806)), 0.300000, 1.000000) }
06/06/2020 11:03:21 PM [INFO] -- { "forward state added": None }
06/06/2020 11:03:21 PM [INFO] -- { "forward edges added": set([]) }
06/06/2020 11:03:21 PM [INFO] -- { "backward edges added": set([]) }
06/06/2020 11:03:21 PM [INFO] -- { "iteration": 77 }
06/06/2020 11:03:21 PM [INFO] -- { "random configuration": Point2D((3.49303924784, 1.64982843698)) }
06/06/2020 11:03:21 PM [INFO] -- { "nearest state": Point2D((3.52474223516, 1.56614856689)) }
06/06/2020 11:03:21 PM [INFO] -- { "new configuration": Point2D((3.49303924784, 1.64982843698)) }
06/06/2020 11:03:21 PM [INFO] -- { "far": (Point2D((3.49303924784, 1.64982843698)), 0.300000, 1.000000) }
06/06/2020 11:03:21 PM [INFO] -- { "forward state added": None }
06/06/2020 11:03:21 PM [INFO] -- { "forward edges added": set([]) }
06/06/2020 11:03:21 PM [INFO] -- { "backward edges added": set([]) }
06/06/2020 11:03:21 PM [INFO] -- { "iteration": 78 }
06/06/2020 11:03:21 PM [INFO] -- { "random configuration": Point2D((2.07090260058, 3.29125452799)) }
06/06/2020 11:03:21 PM [INFO] -- { "nearest state": Point2D((1.68717929346, 3.34997973001)) }
06/06/2020 11:03:21 PM [INFO] -- { "new configuration": Point2D((2.07090260058, 3.29125452799)) }
06/06/2020 11:03:21 PM [INFO] -- { "far": (Point2D((2.07090260058, 3.29125452799)), 0.300000, 1.000000) }
06/06/2020 11:03:21 PM [INFO] -- { "forward state added": Point2D((2.07090260058, 3.29125452799)) }
06/06/2020 11:03:21 PM [INFO] -- { "forward edges added": set([(Point2D((1.68717929346, 3.34997973001)), Point2D((2.07090260058, 3.29125452799)), 0.3881909656076648), (Point2D((1.78466571904, 2.85304853689)), Point2D((2.07090260058, 3.29125452799)), 0.5234081036668401), (Point2D((1.66953395956, 2.55069594129)), Point2D((2.07090260058, 3.29125452799)), 0.8423323609685753), (Point2D((2.5962367233, 3.19361215625)), Point2D((2.07090260058, 3.29125452799)), 0.5343313328420711)]) }
06/06/2020 11:03:21 PM [INFO] -- { ("near", Point2D((2.07090260058, 3.29125452799))): 1.000000 }
06/06/2020 11:03:21 PM [INFO] -- { "backward edges added": set([(Point2D((2.07090260058, 3.29125452799)), Point2D((1.68717929346, 3.34997973001)), 0.3881909656076648), (Point2D((2.07090260058, 3.29125452799)), Point2D((1.78466571904, 2.85304853689)), 0.5234081036668401), (Point2D((2.07090260058, 3.29125452799)), Point2D((1.66953395956, 2.55069594129)), 0.8423323609685753), (Point2D((2.07090260058, 3.29125452799)), Point2D((2.5962367233, 3.19361215625)), 0.5343313328420711)]) }
06/06/2020 11:03:21 PM [INFO] -- { "iteration": 79 }
06/06/2020 11:03:21 PM [INFO] -- { "random configuration": Point2D((4.36425822377, 2.65483417085)) }
06/06/2020 11:03:21 PM [INFO] -- { "nearest state": Point2D((4.30102803636, 2.16634216628)) }
06/06/2020 11:03:21 PM [INFO] -- { "new configuration": Point2D((4.36425822377, 2.65483417085)) }
06/06/2020 11:03:21 PM [INFO] -- { "far": (Point2D((4.36425822377, 2.65483417085)), 0.300000, 1.000000) }
06/06/2020 11:03:21 PM [INFO] -- { "forward state added": Point2D((4.36425822377, 2.65483417085)) }
06/06/2020 11:03:21 PM [INFO] -- { "forward edges added": set([(Point2D((3.59152772373, 3.0061224922)), Point2D((4.36425822377, 2.65483417085)), 0.8488320861185141), (Point2D((4.30102803636, 2.16634216628)), Point2D((4.36425822377, 2.65483417085)), 0.49256724934599), (Point2D((4.53219852046, 1.92528126242)), Point2D((4.36425822377, 2.65483417085)), 0.7486330138596645)]) }
06/06/2020 11:03:21 PM [INFO] -- { ("near", Point2D((4.36425822377, 2.65483417085))): 1.000000 }
06/06/2020 11:03:21 PM [INFO] -- { "backward edges added": set([(Point2D((4.36425822377, 2.65483417085)), Point2D((4.30102803636, 2.16634216628)), 0.49256724934599), (Point2D((4.36425822377, 2.65483417085)), Point2D((3.59152772373, 3.0061224922)), 0.8488320861185141), (Point2D((4.36425822377, 2.65483417085)), Point2D((4.53219852046, 1.92528126242)), 0.7486330138596645)]) }
06/06/2020 11:03:21 PM [INFO] -- { "iteration": 80 }
06/06/2020 11:03:21 PM [INFO] -- { "random configuration": Point2D((1.83332077648, 3.21072538573)) }
06/06/2020 11:03:21 PM [INFO] -- { "nearest state": Point2D((1.68717929346, 3.34997973001)) }
06/06/2020 11:03:21 PM [INFO] -- { "new configuration": Point2D((1.83332077648, 3.21072538573)) }
06/06/2020 11:03:21 PM [INFO] -- { "far": (Point2D((1.83332077648, 3.21072538573)), 0.300000, 1.000000) }
06/06/2020 11:03:21 PM [INFO] -- { "forward state added": None }
06/06/2020 11:03:21 PM [INFO] -- { "forward edges added": set([]) }
06/06/2020 11:03:21 PM [INFO] -- { "backward edges added": set([]) }
06/06/2020 11:03:21 PM [INFO] -- { "iteration": 81 }
06/06/2020 11:03:21 PM [INFO] -- { "random configuration": Point2D((2.62338544546, 2.47750950189)) }
06/06/2020 11:03:21 PM [INFO] -- { "nearest state": Point2D((2.42818874035, 2.49051395914)) }
06/06/2020 11:03:21 PM [INFO] -- { "new configuration": Point2D((2.62338544546, 2.47750950189)) }
06/06/2020 11:03:21 PM [INFO] -- { "far": (Point2D((2.62338544546, 2.47750950189)), 0.300000, 1.000000) }
06/06/2020 11:03:21 PM [INFO] -- { "forward state added": None }
06/06/2020 11:03:21 PM [INFO] -- { "forward edges added": set([]) }
06/06/2020 11:03:21 PM [INFO] -- { "backward edges added": set([]) }
06/06/2020 11:03:21 PM [INFO] -- { "iteration": 82 }
06/06/2020 11:03:21 PM [INFO] -- { "random configuration": Point2D((1.00190848812, 3.03984881429)) }
06/06/2020 11:03:21 PM [INFO] -- { "nearest state": Point2D((1.0741785519, 2.8871972613)) }
06/06/2020 11:03:21 PM [INFO] -- { "new configuration": Point2D((1.00190848812, 3.03984881429)) }
06/06/2020 11:03:21 PM [INFO] -- { "far": (Point2D((1.00190848812, 3.03984881429)), 0.300000, 1.000000) }
06/06/2020 11:03:21 PM [INFO] -- { "forward state added": None }
06/06/2020 11:03:21 PM [INFO] -- { "forward edges added": set([]) }
06/06/2020 11:03:21 PM [INFO] -- { "backward edges added": set([]) }
06/06/2020 11:03:21 PM [INFO] -- { "iteration": 83 }
06/06/2020 11:03:21 PM [INFO] -- { "random configuration": Point2D((1.73217250502, 1.44101403647)) }
06/06/2020 11:03:21 PM [INFO] -- { "nearest state": Point2D((1.28388793457, 1.38887720785)) }
06/06/2020 11:03:21 PM [INFO] -- { "new configuration": Point2D((1.73217250502, 1.44101403647)) }
06/06/2020 11:03:21 PM [INFO] -- { "far": (Point2D((1.73217250502, 1.44101403647)), 0.300000, 1.000000) }
06/06/2020 11:03:21 PM [INFO] -- { "forward state added": Point2D((1.73217250502, 1.44101403647)) }
06/06/2020 11:03:21 PM [INFO] -- { "forward edges added": set([(Point2D((0.91955880522, 1.93630133124)), Point2D((1.73217250502, 1.44101403647)), 0.9516567287976587), (Point2D((1.10045389642, 1.01018743989)), Point2D((1.73217250502, 1.44101403647)), 0.7646436796137196), (Point2D((2, 2)), Point2D((1.73217250502, 1.44101403647)), 0.6198361674553622), (Point2D((1.28388793457, 1.38887720785)), Point2D((1.73217250502, 1.44101403647)), 0.45130622087896716), (Point2D((1.50252775168, 1.94783144557)), Point2D((1.73217250502, 1.44101403647)), 0.5564176479052113), (Point2D((1.29488951587, 2.19958613332)), Point2D((1.73217250502, 1.44101403647)), 0.8755843983976312)]) }
06/06/2020 11:03:21 PM [INFO] -- { ("near", Point2D((1.73217250502, 1.44101403647))): 1.000000 }
06/06/2020 11:03:21 PM [INFO] -- { "backward edges added": set([(Point2D((1.73217250502, 1.44101403647)), Point2D((1.50252775168, 1.94783144557)), 0.5564176479052113), (Point2D((1.73217250502, 1.44101403647)), Point2D((0.91955880522, 1.93630133124)), 0.9516567287976587), (Point2D((1.73217250502, 1.44101403647)), Point2D((1.29488951587, 2.19958613332)), 0.8755843983976312), (Point2D((1.73217250502, 1.44101403647)), Point2D((2, 2)), 0.6198361674553622), (Point2D((1.73217250502, 1.44101403647)), Point2D((1.28388793457, 1.38887720785)), 0.45130622087896716), (Point2D((1.73217250502, 1.44101403647)), Point2D((1.10045389642, 1.01018743989)), 0.7646436796137196)]) }
06/06/2020 11:03:21 PM [INFO] -- { "iteration": 84 }
06/06/2020 11:03:21 PM [INFO] -- { "random configuration": Point2D((0.934946129811, 0.973162320591)) }
06/06/2020 11:03:21 PM [INFO] -- { "nearest state": Point2D((1.10045389642, 1.01018743989)) }
06/06/2020 11:03:21 PM [INFO] -- { "new configuration": Point2D((0.934946129811, 0.973162320591)) }
06/06/2020 11:03:21 PM [INFO] -- { "far": (Point2D((0.934946129811, 0.973162320591)), 0.300000, 1.000000) }
06/06/2020 11:03:21 PM [INFO] -- { "forward state added": None }
06/06/2020 11:03:21 PM [INFO] -- { "forward edges added": set([]) }
06/06/2020 11:03:21 PM [INFO] -- { "backward edges added": set([]) }
06/06/2020 11:03:21 PM [INFO] -- { "iteration": 85 }
06/06/2020 11:03:21 PM [INFO] -- { "random configuration": Point2D((2.26933216672, 2.66261411973)) }
06/06/2020 11:03:21 PM [INFO] -- { "nearest state": Point2D((2.42818874035, 2.49051395914)) }
06/06/2020 11:03:21 PM [INFO] -- { "new configuration": Point2D((2.26933216672, 2.66261411973)) }
06/06/2020 11:03:21 PM [INFO] -- { "far": (Point2D((2.26933216672, 2.66261411973)), 0.300000, 1.000000) }
06/06/2020 11:03:21 PM [INFO] -- { "forward state added": None }
06/06/2020 11:03:21 PM [INFO] -- { "forward edges added": set([]) }
06/06/2020 11:03:21 PM [INFO] -- { "backward edges added": set([]) }
06/06/2020 11:03:21 PM [INFO] -- { "iteration": 86 }
06/06/2020 11:03:21 PM [INFO] -- { "random configuration": Point2D((1.4333423025, 2.52700212267)) }
06/06/2020 11:03:21 PM [INFO] -- { "nearest state": Point2D((1.66953395956, 2.55069594129)) }
06/06/2020 11:03:21 PM [INFO] -- { "new configuration": Point2D((1.4333423025, 2.52700212267)) }
06/06/2020 11:03:21 PM [INFO] -- { "far": (Point2D((1.4333423025, 2.52700212267)), 0.300000, 1.000000) }
06/06/2020 11:03:21 PM [INFO] -- { "forward state added": None }
06/06/2020 11:03:21 PM [INFO] -- { "forward edges added": set([]) }
06/06/2020 11:03:21 PM [INFO] -- { "backward edges added": set([]) }
06/06/2020 11:03:21 PM [INFO] -- { "iteration": 87 }
06/06/2020 11:03:21 PM [INFO] -- { "random configuration": Point2D((4.33928198208, 1.1362857848)) }
06/06/2020 11:03:21 PM [INFO] -- { "nearest state": Point2D((4.15135331319, 1.61877228912)) }
06/06/2020 11:03:21 PM [INFO] -- { "new configuration": Point2D((4.33928198208, 1.1362857848)) }
06/06/2020 11:03:21 PM [INFO] -- { "far": (Point2D((4.33928198208, 1.1362857848)), 0.300000, 1.000000) }
06/06/2020 11:03:21 PM [INFO] -- { "forward state added": Point2D((4.33928198208, 1.1362857848)) }
06/06/2020 11:03:21 PM [INFO] -- { "forward edges added": set([(Point2D((4.53219852046, 1.92528126242)), Point2D((4.33928198208, 1.1362857848)), 0.8122380528498702), (Point2D((4.15135331319, 1.61877228912)), Point2D((4.33928198208, 1.1362857848)), 0.5177937924006256), (Point2D((3.52474223516, 1.56614856689)), Point2D((4.33928198208, 1.1362857848)), 0.9210086920019979)]) }
06/06/2020 11:03:21 PM [INFO] -- { ("near", Point2D((4.33928198208, 1.1362857848))): 1.000000 }
06/06/2020 11:03:21 PM [INFO] -- { "backward edges added": set([(Point2D((4.33928198208, 1.1362857848)), Point2D((4.15135331319, 1.61877228912)), 0.5177937924006256), (Point2D((4.33928198208, 1.1362857848)), Point2D((4.53219852046, 1.92528126242)), 0.8122380528498702), (Point2D((4.33928198208, 1.1362857848)), Point2D((3.52474223516, 1.56614856689)), 0.9210086920019979)]) }
06/06/2020 11:03:21 PM [INFO] -- { "Found solution": True }
06/06/2020 11:03:21 PM [INFO] -- { "global planning runtime": 1116.499901 }
06/06/2020 11:03:21 PM [INFO] -- { "Iterations": 87 }
06/06/2020 11:03:21 PM [INFO] -- { "Size of TS": (37, 216) }
06/06/2020 11:03:21 PM [INFO] -- { "Size of PA": (142, 824) }
06/06/2020 11:03:21 PM [DEBUG] -- { findfont: Matching :family=sans-serif:style=normal:variant=normal:weight=normal:stretch=normal:size=10.0 to DejaVu Sans (u'/home/manas/.pyenv/versions/venv_ltl/lib/python2.7/site-packages/matplotlib/mpl-data/fonts/ttf/DejaVuSans.ttf') with score of 0.050000 }
06/06/2020 11:03:21 PM [DEBUG] -- { findfont: Matching :family=sans-serif:style=normal:variant=normal:weight=normal:stretch=normal:size=12.0 to DejaVu Sans (u'/home/manas/.pyenv/versions/venv_ltl/lib/python2.7/site-packages/matplotlib/mpl-data/fonts/ttf/DejaVuSans.ttf') with score of 0.050000 }
06/06/2020 11:03:25 PM [INFO] -- { "global policy": ([0, 7, 0, 10, 12, 28, 12, 31, 87, 16, 12, 10, 0, 2, 63, 35], [35, 27, 2, 70, 7, 41, 10, 56, 28, 12, 16, 87, 16, 12, 10, 0, 2, 63, 35]) }
06/06/2020 11:03:25 PM [INFO] -- { "Suffix cost"13.1955756259 }
06/06/2020 11:03:25 PM [INFO] -- { "End global planning": True }
